[2023-04-26 09:04:58,597][root][INFO] - 
Overwritten parameters in the config: 
mode=tiling
[2023-04-26 09:04:58,598][root][INFO] - 
---------------------------------------
Let's start tiling for segmentation !!!
---------------------------------------
[2023-04-26 09:05:05,339][root][ERROR] - The key download_data as a None value.
[2023-04-26 09:05:05,340][root][ERROR] - The key multiprocessing as a None value.
[2023-04-26 09:05:05,340][root][ERROR] - The key write_dest_raster as a None value.
[2023-04-26 09:05:05,341][root][ERROR] - The key clahe_clip_limit as a None value.
[2023-04-26 09:05:05,707][dataset.aoi][INFO] - 
	Successfully read csv file: Class1RawData.csv
	Number of rows: 6
	Copying first row:
{'tif': 'C:\\Users\\abfernan\\CrossCanFloodMapping\\DatasetCNNFlood\\RawData\\Class1\\Ottawa_Gatineau_VilleGatineau.tif', 'gpkg': 'C:\\Users\\abfernan\\CrossCanFloodMapping\\DatasetCNNFlood\\RawData\\Class1\\Ottawa_Gatineau_VilleGatineau_C1.gpkg', 'split': 'trn'}

[2023-04-26 09:05:06,633][tiling_segmentation][INFO] - Patches will be written to C:\Users\abfernan\CrossCanFloodMapping\DatasetCNNFlood\C1Dataset\Percentage_1


[2023-04-26 09:05:06,633][tiling_segmentation][INFO] - Preparing patches 
	Samples_size: 384 
[2023-04-26 09:05:13,477][tiling_segmentation][INFO] - Cropping raster patches...
