[2023-04-28 11:20:10,189][root][INFO] - 
Overwritten parameters in the config: 
mode=tiling
[2023-04-28 11:20:10,189][root][INFO] - 
---------------------------------------
Let's start tiling for segmentation !!!
---------------------------------------
[2023-04-28 11:20:19,186][root][ERROR] - The key download_data as a None value.
[2023-04-28 11:20:19,187][root][ERROR] - The key multiprocessing as a None value.
[2023-04-28 11:20:19,187][root][ERROR] - The key write_dest_raster as a None value.
[2023-04-28 11:20:19,188][root][ERROR] - The key clahe_clip_limit as a None value.
[2023-04-28 11:20:19,477][dataset.aoi][INFO] - 
	Successfully read csv file: Class1RawData.csv
	Number of rows: 1
	Copying first row:
{'tif': 'C:\\Users\\abfernan\\CrossCanFloodMapping\\DatasetCNNFlood\\RawData\\Class1\\NS_EastHantsSackvilleRiver.tif', 'gpkg': 'C:\\Users\\abfernan\\CrossCanFloodMapping\\DatasetCNNFlood\\RawData\\Class1\\NS_EastHantsSackvilleRiver_C1.gpkg', 'split': 'trn'}

[2023-04-28 11:20:21,031][tiling_segmentation][INFO] - Patches will be written to C:\Users\abfernan\CrossCanFloodMapping\DatasetCNNFlood\C1Dataset\Percentage_1


[2023-04-28 11:20:21,031][tiling_segmentation][INFO] - Preparing patches 
	Samples_size: 384 
[2023-04-28 11:20:39,340][tiling_segmentation][INFO] - Cropping raster patches...
[2023-04-28 11:20:40,029][tiling_segmentation][INFO] - Tiling done. Creating pixel masks from clipped geojsons...
[2023-04-28 11:20:57,596][tiling_segmentation][INFO] - 
Expected val ratio: 0 %
Actual val ratio: 0.00 %
[2023-04-28 11:20:57,596][tiling_segmentation][INFO] - 
Dataset: trn
	Filters:
	 - Minimumum non-zero values (aka minimum annotated percentage): 1%
	Kept: 109
	Discarded: 328
[2023-04-28 11:20:57,597][tiling_segmentation][INFO] - 
Dataset: val
	Total patches: 0
[2023-04-28 11:20:57,597][tiling_segmentation][INFO] - 
End of process. See tiled dataset lists:
[2023-04-28 11:20:57,598][tiling_segmentation][INFO] - trn: C:\Users\abfernan\CrossCanFloodMapping\DatasetCNNFlood\C1Dataset\Percentage_1\Percentage_1_feat1_min-annot1_trn.csv
[2023-04-28 11:20:57,598][tiling_segmentation][INFO] - val: C:\Users\abfernan\CrossCanFloodMapping\DatasetCNNFlood\C1Dataset\Percentage_1\Percentage_1_feat1_min-annot1_val.csv
[2023-04-28 11:20:58,071][root][INFO] - 
-----------------
End of tiling !!!
Elapsed time: 47.88s
-----------------

