[2023-05-02 12:14:15,981][root][INFO] - 
Overwritten parameters in the config: 
mode=tiling
[2023-05-02 12:14:15,982][root][INFO] - 
---------------------------------------
Let's start tiling for segmentation !!!
---------------------------------------
[2023-05-02 12:14:16,916][root][ERROR] - The key download_data as a None value.
[2023-05-02 12:14:16,917][root][ERROR] - The key multiprocessing as a None value.
[2023-05-02 12:14:16,917][root][ERROR] - The key write_dest_raster as a None value.
[2023-05-02 12:14:16,917][root][ERROR] - The key clahe_clip_limit as a None value.
[2023-05-02 12:14:16,933][dataset.aoi][INFO] - 
	Successfully read csv file: Class1RawDataVelum.csv
	Number of rows: 29
	Copying first row:
{'tif': '/home/abfernan/CrossCanFloodMap/DatasetCNNFlood/RawData/Class1/SK_Regina.tif', 'gpkg': '/home/abfernan/CrossCanFloodMap/DatasetCNNFlood/RawData/Class1/SK_Regina_C1.gpkg', 'split': 'trn'}

[2023-05-02 12:14:30,792][shapely.geos][INFO] - Self-intersection at or near point 459583.42527016677 4982377.7709218962
[2023-05-02 12:14:42,173][tiling_segmentation][INFO] - Patches will be written to /home/abfernan/CrossCanFloodMapping/DatasetCNNFlood/C1Dataset/Percentage_1


[2023-05-02 12:14:42,173][tiling_segmentation][INFO] - Preparing patches 
	Samples_size: 384 
[2023-05-02 12:16:08,308][tiling_segmentation][INFO] - Cropping raster patches...
[2023-05-02 12:16:09,375][tiling_segmentation][INFO] - Cropping raster patches...
[2023-05-02 12:18:42,022][tiling_segmentation][INFO] - Cropping raster patches...
[2023-05-02 12:18:48,894][tiling_segmentation][INFO] - Cropping raster patches...
[2023-05-02 12:18:49,637][tiling_segmentation][INFO] - Cropping raster patches...
[2023-05-02 12:19:20,118][tiling_segmentation][INFO] - Cropping raster patches...
[2023-05-02 12:19:40,777][tiling_segmentation][INFO] - Cropping raster patches...
[2023-05-02 12:19:41,279][tiling_segmentation][INFO] - Cropping raster patches...
[2023-05-02 12:20:09,576][tiling_segmentation][INFO] - Cropping raster patches...
[2023-05-02 12:20:54,898][tiling_segmentation][INFO] - Cropping raster patches...
[2023-05-02 12:20:57,791][tiling_segmentation][INFO] - Cropping raster patches...
[2023-05-02 12:21:25,967][tiling_segmentation][INFO] - Cropping raster patches...
[2023-05-02 12:21:27,945][tiling_segmentation][INFO] - Cropping raster patches...
[2023-05-02 12:22:15,028][tiling_segmentation][INFO] - Cropping raster patches...
[2023-05-02 12:22:20,194][tiling_segmentation][INFO] - Cropping raster patches...
[2023-05-02 12:22:28,505][tiling_segmentation][INFO] - Cropping raster patches...
[2023-05-02 12:22:30,477][tiling_segmentation][INFO] - Cropping raster patches...
[2023-05-02 12:23:48,146][tiling_segmentation][INFO] - Cropping raster patches...
[2023-05-02 12:23:50,157][tiling_segmentation][INFO] - Cropping raster patches...
[2023-05-02 12:23:55,644][tiling_segmentation][INFO] - Cropping raster patches...
[2023-05-02 12:23:58,768][tiling_segmentation][INFO] - Cropping raster patches...
[2023-05-02 12:24:13,921][tiling_segmentation][INFO] - Cropping raster patches...
[2023-05-02 12:24:14,948][tiling_segmentation][INFO] - Cropping raster patches...
[2023-05-02 12:24:15,647][tiling_segmentation][INFO] - Cropping raster patches...
[2023-05-02 12:24:16,444][tiling_segmentation][INFO] - Cropping raster patches...
[2023-05-02 12:24:17,383][tiling_segmentation][INFO] - Cropping raster patches...
[2023-05-02 12:24:17,996][tiling_segmentation][INFO] - Cropping raster patches...
[2023-05-02 12:24:29,719][tiling_segmentation][INFO] - Cropping raster patches...
[2023-05-02 12:24:31,211][tiling_segmentation][INFO] - Cropping raster patches...
[2023-05-02 12:24:31,449][tiling_segmentation][INFO] - Tiling done. Creating pixel masks from clipped geojsons...
[2023-05-02 12:28:07,066][tiling_segmentation][INFO] - 
Expected val ratio: 0 %
Actual val ratio: 0.00 %
[2023-05-02 12:28:07,066][tiling_segmentation][INFO] - 
Dataset: trn
	Filters:
	 - Minimumum non-zero values (aka minimum annotated percentage): 1%
	Kept: 1602
	Discarded: 2741
[2023-05-02 12:28:07,066][tiling_segmentation][INFO] - 
Dataset: tst
	Total patches: 88
[2023-05-02 12:28:07,066][tiling_segmentation][INFO] - 
Dataset: val
	Total patches: 0
[2023-05-02 12:28:07,067][tiling_segmentation][INFO] - 
End of process. See tiled dataset lists:
[2023-05-02 12:28:07,067][tiling_segmentation][INFO] - trn: /home/abfernan/CrossCanFloodMapping/DatasetCNNFlood/C1Dataset/Percentage_1/Percentage_1_feat1_min-annot1_trn.csv
[2023-05-02 12:28:07,067][tiling_segmentation][INFO] - tst: /home/abfernan/CrossCanFloodMapping/DatasetCNNFlood/C1Dataset/Percentage_1/Percentage_1_feat1_min-annot1_tst.csv
[2023-05-02 12:28:07,067][tiling_segmentation][INFO] - val: /home/abfernan/CrossCanFloodMapping/DatasetCNNFlood/C1Dataset/Percentage_1/Percentage_1_feat1_min-annot1_val.csv
[2023-05-02 12:28:07,072][root][INFO] - 
-----------------
End of tiling !!!
Elapsed time: 831.09s
-----------------

