[2023-04-25 12:59:15,977][root][INFO] - 
Overwritten parameters in the config: 
mode=tiling
[2023-04-25 12:59:15,980][root][INFO] - 
---------------------------------------
Let's start tiling for segmentation !!!
---------------------------------------
[2023-04-25 12:59:25,159][root][ERROR] - The key download_data as a None value.
[2023-04-25 12:59:25,161][root][ERROR] - The key multiprocessing as a None value.
[2023-04-25 12:59:25,163][root][ERROR] - The key write_dest_raster as a None value.
[2023-04-25 12:59:25,164][root][ERROR] - The key clahe_clip_limit as a None value.
[2023-04-25 12:59:25,713][dataset.aoi][INFO] - 
	Successfully read csv file: Class1RawData.csv
	Number of rows: 6
	Copying first row:
{'tif': 'C:\\Users\\abfernan\\CrossCanFloodMapping\\DatasetCNNFlood\\RawData\\Class1\\QC_Quebec.tif', 'gpkg': 'C:\\Users\\abfernan\\CrossCanFloodMapping\\DatasetCNNFlood\\RawData\\Class1\\QC_Quebec_C1.gpkg', 'split': 'trn'}

[2023-04-25 12:59:33,171][tiling_segmentation][INFO] - Patches will be written to C:\Users\abfernan\CrossCanFloodMapping\DatasetCNNFlood\C1Dataset\Percentage_1


[2023-04-25 12:59:33,172][tiling_segmentation][INFO] - Preparing patches 
	Samples_size: 384 
[2023-04-25 13:01:27,982][tiling_segmentation][INFO] - Cropping raster patches...
