[2023-05-02 13:07:20,174][root][INFO] - 
Overwritten parameters in the config: 
mode=tiling
[2023-05-02 13:07:20,174][root][INFO] - 
---------------------------------------
Let's start tiling for segmentation !!!
---------------------------------------
[2023-05-02 13:07:21,123][root][ERROR] - The key download_data as a None value.
[2023-05-02 13:07:21,123][root][ERROR] - The key multiprocessing as a None value.
[2023-05-02 13:07:21,124][root][ERROR] - The key write_dest_raster as a None value.
[2023-05-02 13:07:21,124][root][ERROR] - The key clahe_clip_limit as a None value.
[2023-05-02 13:07:21,139][dataset.aoi][INFO] - 
	Successfully read csv file: Class1RawDataVelum.csv
	Number of rows: 29
	Copying first row:
{'tif': '/home/abfernan/CrossCanFloodMap/DatasetCNNFlood/RawData/Class1/SK_Regina.tif', 'gpkg': '/home/abfernan/CrossCanFloodMap/DatasetCNNFlood/RawData/Class1/SK_Regina_C1.gpkg', 'split': 'trn'}

[2023-05-02 13:07:34,045][shapely.geos][INFO] - Self-intersection at or near point 459583.42527016677 4982377.7709218962
[2023-05-02 13:07:44,840][tiling_segmentation][INFO] - Patches will be written to /home/abfernan/CrossCanFloodMap/DatasetCNNFlood/C1Dataset/Percentage_1


[2023-05-02 13:07:44,840][tiling_segmentation][INFO] - Preparing patches 
	Samples_size: 384 
[2023-05-02 13:09:09,388][tiling_segmentation][INFO] - Cropping raster patches...
[2023-05-02 13:09:10,483][tiling_segmentation][INFO] - Cropping raster patches...
[2023-05-02 13:11:29,856][tiling_segmentation][INFO] - Cropping raster patches...
[2023-05-02 13:11:36,285][tiling_segmentation][INFO] - Cropping raster patches...
[2023-05-02 13:11:37,019][tiling_segmentation][INFO] - Cropping raster patches...
[2023-05-02 13:12:05,214][tiling_segmentation][INFO] - Cropping raster patches...
[2023-05-02 13:12:24,228][tiling_segmentation][INFO] - Cropping raster patches...
[2023-05-02 13:12:24,772][tiling_segmentation][INFO] - Cropping raster patches...
[2023-05-02 13:12:51,214][tiling_segmentation][INFO] - Cropping raster patches...
[2023-05-02 13:13:32,414][tiling_segmentation][INFO] - Cropping raster patches...
[2023-05-02 13:13:34,995][tiling_segmentation][INFO] - Cropping raster patches...
[2023-05-02 13:13:59,905][tiling_segmentation][INFO] - Cropping raster patches...
[2023-05-02 13:14:01,672][tiling_segmentation][INFO] - Cropping raster patches...
[2023-05-02 13:14:48,352][tiling_segmentation][INFO] - Cropping raster patches...
[2023-05-02 13:14:52,795][tiling_segmentation][INFO] - Cropping raster patches...
[2023-05-02 13:15:00,264][tiling_segmentation][INFO] - Cropping raster patches...
[2023-05-02 13:15:02,061][tiling_segmentation][INFO] - Cropping raster patches...
[2023-05-02 13:16:15,065][tiling_segmentation][INFO] - Cropping raster patches...
[2023-05-02 13:16:16,818][tiling_segmentation][INFO] - Cropping raster patches...
[2023-05-02 13:16:21,752][tiling_segmentation][INFO] - Cropping raster patches...
[2023-05-02 13:16:24,710][tiling_segmentation][INFO] - Cropping raster patches...
[2023-05-02 13:16:38,447][tiling_segmentation][INFO] - Cropping raster patches...
[2023-05-02 13:16:39,488][tiling_segmentation][INFO] - Cropping raster patches...
[2023-05-02 13:16:40,147][tiling_segmentation][INFO] - Cropping raster patches...
[2023-05-02 13:16:40,994][tiling_segmentation][INFO] - Cropping raster patches...
[2023-05-02 13:16:41,942][tiling_segmentation][INFO] - Cropping raster patches...
[2023-05-02 13:16:42,516][tiling_segmentation][INFO] - Cropping raster patches...
[2023-05-02 13:16:54,280][tiling_segmentation][INFO] - Cropping raster patches...
[2023-05-02 13:16:55,772][tiling_segmentation][INFO] - Cropping raster patches...
[2023-05-02 13:16:56,012][tiling_segmentation][INFO] - Tiling done. Creating pixel masks from clipped geojsons...
[2023-05-02 13:20:06,857][tiling_segmentation][INFO] - 
Expected val ratio: 0 %
Actual val ratio: 0.00 %
[2023-05-02 13:20:06,858][tiling_segmentation][INFO] - 
Dataset: tst
	Total patches: 88
[2023-05-02 13:20:06,858][tiling_segmentation][INFO] - 
Dataset: trn
	Filters:
	 - Minimumum non-zero values (aka minimum annotated percentage): 1%
	Kept: 1602
	Discarded: 2741
[2023-05-02 13:20:06,858][tiling_segmentation][INFO] - 
Dataset: val
	Total patches: 0
[2023-05-02 13:20:06,858][tiling_segmentation][INFO] - 
End of process. See tiled dataset lists:
[2023-05-02 13:20:06,858][tiling_segmentation][INFO] - tst: /home/abfernan/CrossCanFloodMap/DatasetCNNFlood/C1Dataset/Percentage_1/Percentage_1_feat1_min-annot1_tst.csv
[2023-05-02 13:20:06,858][tiling_segmentation][INFO] - trn: /home/abfernan/CrossCanFloodMap/DatasetCNNFlood/C1Dataset/Percentage_1/Percentage_1_feat1_min-annot1_trn.csv
[2023-05-02 13:20:06,858][tiling_segmentation][INFO] - val: /home/abfernan/CrossCanFloodMap/DatasetCNNFlood/C1Dataset/Percentage_1/Percentage_1_feat1_min-annot1_val.csv
[2023-05-02 13:20:06,864][root][INFO] - 
-----------------
End of tiling !!!
Elapsed time: 766.69s
-----------------

