[2023-04-06 19:36:01,452][root][INFO] - 
Overwritten parameters in the config: 
mode=tiling
[2023-04-06 19:36:01,454][root][INFO] - 
---------------------------------------
Let's start tiling for segmentation !!!
---------------------------------------
[2023-04-06 19:36:03,090][root][ERROR] - The key download_data as a None value.
[2023-04-06 19:36:03,092][root][ERROR] - The key multiprocessing as a None value.
[2023-04-06 19:36:03,093][root][ERROR] - The key write_dest_raster as a None value.
[2023-04-06 19:36:03,093][root][ERROR] - The key clahe_clip_limit as a None value.
[2023-04-06 19:36:03,209][dataset.aoi][INFO] - 
	Successfully read csv file: rawImg.csv
	Number of rows: 1
	Copying first row:
{'tif': 'C:\\Users\\abfernan\\CrossCanFloodMapping\\RawData\\TestTiling\\BC_Bulton.tif', 'gpkg': 'C:\\Users\\abfernan\\CrossCanFloodMapping\\RawData\\TestTiling\\BC_Bulton.gpkg', 'split': 'trn', 'aoi_id': 'test'}

[2023-04-06 19:36:03,323][dataset.aoi][WARNING] - 
No features found for ground truth "C:\Users\abfernan\CrossCanFloodMapping\RawData\TestTiling\BC_Bulton.gpkg",
filtered by attribute field "percentage"
with values "[1]"
[2023-04-06 19:36:03,327][tiling_segmentation][INFO] - Patches will be written to C:\Users\abfernan\CrossCanFloodMapping\RawData\TestTiling\template_project


[2023-04-06 19:36:03,327][tiling_segmentation][INFO] - Preparing patches 
	Samples_size: 384 
