[2023-04-06 19:27:10,061][root][INFO] - 
Overwritten parameters in the config: 
mode=tiling
[2023-04-06 19:27:10,062][root][INFO] - 
---------------------------------------
Let's start tiling for segmentation !!!
---------------------------------------
[2023-04-06 19:27:13,410][root][ERROR] - The key download_data as a None value.
[2023-04-06 19:27:13,410][root][ERROR] - The key multiprocessing as a None value.
[2023-04-06 19:27:13,413][root][ERROR] - The key write_dest_raster as a None value.
[2023-04-06 19:27:13,413][root][ERROR] - The key clahe_clip_limit as a None value.
[2023-04-06 19:27:13,524][dataset.aoi][INFO] - 
	Successfully read csv file: rawImg.csv
	Number of rows: 1
	Copying first row:
{'tif': 'C:\\Users\\abfernan\\CrossCanFloodMapping\\RawData\\TestTiling\\BC_Bulton.tif', 'gpkg': 'C:\\Users\\abfernan\\CrossCanFloodMapping\\RawData\\TestTiling\\BC_Bulton.gpkg', 'split': 'trn', 'aoi_id': 'test'}

[2023-04-06 19:27:13,640][dataset.aoi][WARNING] - 
No features found for ground truth "C:\Users\abfernan\CrossCanFloodMapping\RawData\TestTiling\BC_Bulton.gpkg",
filtered by attribute field "percentage"
with values "[1]"
[2023-04-06 19:27:13,657][tiling_segmentation][INFO] - Patches will be written to C:\Users\abfernan\CrossCanFloodMapping\RawData\TestTiling\template_project


[2023-04-06 19:27:13,659][tiling_segmentation][INFO] - Preparing patches 
	Samples_size: 384 
