[2023-04-21 16:06:14,317][root][INFO] - 
Overwritten parameters in the config: 
mode=tiling
[2023-04-21 16:06:14,317][root][INFO] - 
---------------------------------------
Let's start tiling for segmentation !!!
---------------------------------------
[2023-04-21 16:06:18,189][root][ERROR] - The key download_data as a None value.
[2023-04-21 16:06:18,189][root][ERROR] - The key multiprocessing as a None value.
[2023-04-21 16:06:18,189][root][ERROR] - The key write_dest_raster as a None value.
[2023-04-21 16:06:18,189][root][ERROR] - The key clahe_clip_limit as a None value.
[2023-04-21 16:06:18,437][dataset.aoi][INFO] - 
	Successfully read csv file: Class1RawData.csv
	Number of rows: 1
	Copying first row:
{'tif': 'C:\\Users\\abfernan\\CrossCanFloodMapping\\DatasetCNNFlood\\RawData\\Class1\\SK_Wadena.tif', 'gpkg': 'C:\\Users\\abfernan\\CrossCanFloodMapping\\DatasetCNNFlood\\RawData\\Class1\\SK_Wadena_C1.gpkg', 'split': 'trn'}

[2023-04-21 16:06:18,948][root][WARNING] - Cannot parse epsg code from raster's crs 'C:/Users/abfernan/CrossCanFloodMapping/DatasetCNNFlood/RawData/Class1/SK_Wadena.tif'
[2023-04-21 16:06:18,956][tiling_segmentation][INFO] - Patches will be written to C:\Users\abfernan\CrossCanFloodMapping\DatasetCNNFlood\C1Dataset\Percentage_1


[2023-04-21 16:06:18,956][tiling_segmentation][INFO] - Preparing patches 
	Samples_size: 384 
