[2023-04-26 09:18:40,013][root][INFO] - 
Overwritten parameters in the config: 
mode=tiling
[2023-04-26 09:18:40,014][root][INFO] - 
---------------------------------------
Let's start tiling for segmentation !!!
---------------------------------------
[2023-04-26 09:18:42,177][root][ERROR] - The key download_data as a None value.
[2023-04-26 09:18:42,178][root][ERROR] - The key multiprocessing as a None value.
[2023-04-26 09:18:42,179][root][ERROR] - The key write_dest_raster as a None value.
[2023-04-26 09:18:42,179][root][ERROR] - The key clahe_clip_limit as a None value.
[2023-04-26 09:18:42,699][dataset.aoi][INFO] - 
	Successfully read csv file: Class1RawData.csv
	Number of rows: 30
	Copying first row:
{'tif': 'C:\\Users\\abfernan\\CrossCanFloodMapping\\DatasetCNNFlood\\RawData\\Class1\\QC_Quebec.tif', 'gpkg': 'C:\\Users\\abfernan\\CrossCanFloodMapping\\DatasetCNNFlood\\RawData\\Class1\\QC_Quebec_C1.gpkg', 'split': 'trn'}

[2023-04-26 09:19:04,844][tiling_segmentation][INFO] - Patches will be written to C:\Users\abfernan\CrossCanFloodMapping\DatasetCNNFlood\C1Dataset\Percentage_1


[2023-04-26 09:19:04,844][tiling_segmentation][INFO] - Preparing patches 
	Samples_size: 384 
[2023-04-26 09:19:39,114][tiling_segmentation][INFO] - Cropping raster patches...
[2023-04-26 09:19:41,619][tiling_segmentation][INFO] - Cropping raster patches...
[2023-04-26 09:19:49,191][tiling_segmentation][INFO] - Cropping raster patches...
[2023-04-26 09:19:58,624][tiling_segmentation][INFO] - Cropping raster patches...
[2023-04-26 09:20:12,950][tiling_segmentation][INFO] - Cropping raster patches...
[2023-04-26 09:20:21,149][tiling_segmentation][INFO] - Cropping raster patches...
[2023-04-26 09:22:00,652][tiling_segmentation][INFO] - Cropping raster patches...
[2023-04-26 09:22:05,886][tiling_segmentation][INFO] - Cropping raster patches...
[2023-04-26 09:22:08,655][tiling_segmentation][INFO] - Cropping raster patches...
[2023-04-26 09:22:13,243][tiling_segmentation][INFO] - Cropping raster patches...
[2023-04-26 09:22:51,822][tiling_segmentation][INFO] - Cropping raster patches...
[2023-04-26 09:30:02,832][tiling_segmentation][INFO] - Cropping raster patches...
[2023-04-26 09:44:13,578][tiling_segmentation][INFO] - Cropping raster patches...
[2023-04-26 09:44:15,684][tiling_segmentation][INFO] - Cropping raster patches...
[2023-04-26 09:47:52,582][tiling_segmentation][INFO] - Cropping raster patches...
[2023-04-26 09:48:19,803][tiling_segmentation][INFO] - Cropping raster patches...
[2023-04-26 09:48:46,037][tiling_segmentation][INFO] - Cropping raster patches...
[2023-04-26 09:50:38,670][tiling_segmentation][INFO] - Cropping raster patches...
[2023-04-26 09:53:38,418][tiling_segmentation][INFO] - Cropping raster patches...
[2023-04-26 09:53:48,134][tiling_segmentation][INFO] - Cropping raster patches...
[2023-04-26 09:56:27,908][tiling_segmentation][INFO] - Cropping raster patches...
[2023-04-26 10:04:47,961][tiling_segmentation][INFO] - Cropping raster patches...
