[2023-04-20 11:38:24,615][root][INFO] - 
Overwritten parameters in the config: 
mode=tiling
[2023-04-20 11:38:24,616][root][INFO] - 
---------------------------------------
Let's start tiling for segmentation !!!
---------------------------------------
[2023-04-20 11:38:28,273][root][ERROR] - The key download_data as a None value.
[2023-04-20 11:38:28,273][root][ERROR] - The key save_preview_labels as a None value.
[2023-04-20 11:38:28,274][root][ERROR] - The key multiprocessing as a None value.
[2023-04-20 11:38:28,274][root][ERROR] - The key write_dest_raster as a None value.
[2023-04-20 11:38:28,275][root][ERROR] - The key clahe_clip_limit as a None value.
[2023-04-20 11:38:28,762][tiling_segmentation][WARNING] - Data path exists: C:\Users\abfernan\CrossCanFloodMapping\DatasetCNNFlood\C1Dataset\percentage_1. Make sure patches belong to the same experiment.
[2023-04-20 11:38:28,775][dataset.aoi][INFO] - 
	Successfully read csv file: Class1RawData.csv
	Number of rows: 18
	Copying first row:
{'tif': 'C:\\Users\\abfernan\\CrossCanFloodMapping\\DatasetCNNFlood\\RawData\\Class1\\QC_Gaspe1Et2.tif', 'gpkg': 'C:\\Users\\abfernan\\CrossCanFloodMapping\\DatasetCNNFlood\\RawData\\Class1\\QC_Gaspe1Et2_C1.gpkg', 'split': 'trn', 'aoi_id': None}

[2023-04-20 11:38:32,249][root][WARNING] - Cannot parse epsg code from raster's crs 'C:/Users/abfernan/CrossCanFloodMapping/DatasetCNNFlood/RawData/Class1/SK_Moose_Jaw.tif'
[2023-04-20 11:38:34,523][root][WARNING] - Cannot parse epsg code from raster's crs 'C:/Users/abfernan/CrossCanFloodMapping/DatasetCNNFlood/RawData/Class1/SK_Regina.tif'
[2023-04-20 11:38:34,843][root][WARNING] - Cannot parse epsg code from raster's crs 'C:/Users/abfernan/CrossCanFloodMapping/DatasetCNNFlood/RawData/Class1/SK_Tisdale.tif'
[2023-04-20 11:38:35,155][root][WARNING] - Cannot parse epsg code from raster's crs 'C:/Users/abfernan/CrossCanFloodMapping/DatasetCNNFlood/RawData/Class1/SK_Wadena.tif'
[2023-04-20 11:38:35,571][root][WARNING] - Cannot parse epsg code from raster's crs 'C:/Users/abfernan/CrossCanFloodMapping/DatasetCNNFlood/RawData/Class1/SK_Watson.tif'
[2023-04-20 11:38:37,874][root][WARNING] - Cannot parse epsg code from raster's crs 'C:/Users/abfernan/CrossCanFloodMapping/DatasetCNNFlood/RawData/Class1/SK_Weyburn.tif'
[2023-04-20 11:38:38,371][root][WARNING] - Cannot parse epsg code from raster's crs 'C:/Users/abfernan/CrossCanFloodMapping/DatasetCNNFlood/RawData/Class1/SK_Wolseley.tif'
[2023-04-20 11:38:38,977][root][WARNING] - Cannot parse epsg code from raster's crs 'C:/Users/abfernan/CrossCanFloodMapping/DatasetCNNFlood/RawData/Class1/SK_Yorkton.tif'
