[2023-04-26 09:07:51,876][root][INFO] - 
Overwritten parameters in the config: 
mode=tiling
[2023-04-26 09:07:51,877][root][INFO] - 
---------------------------------------
Let's start tiling for segmentation !!!
---------------------------------------
[2023-04-26 09:07:55,432][root][ERROR] - The key download_data as a None value.
[2023-04-26 09:07:55,434][root][ERROR] - The key multiprocessing as a None value.
[2023-04-26 09:07:55,435][root][ERROR] - The key write_dest_raster as a None value.
[2023-04-26 09:07:55,436][root][ERROR] - The key clahe_clip_limit as a None value.
[2023-04-26 09:07:55,648][dataset.aoi][INFO] - 
	Successfully read csv file: Class1RawData.csv
	Number of rows: 1
	Copying first row:
{'tif': 'C:\\Users\\abfernan\\CrossCanFloodMapping\\DatasetCNNFlood\\RawData\\Class1\\Ottawa_Gatineau_VilleGatineau.tif', 'gpkg': 'C:\\Users\\abfernan\\CrossCanFloodMapping\\DatasetCNNFlood\\RawData\\Class1\\Ottawa_Gatineau_VilleGatineau_C1.gpkg', 'split': 'trn'}

[2023-04-26 09:07:55,828][tiling_segmentation][INFO] - Patches will be written to C:\Users\abfernan\CrossCanFloodMapping\DatasetCNNFlood\C1Dataset\Percentage_1


[2023-04-26 09:07:55,829][tiling_segmentation][INFO] - Preparing patches 
	Samples_size: 384 
[2023-04-26 09:08:02,370][tiling_segmentation][INFO] - Cropping raster patches...
[2023-04-26 09:08:02,857][tiling_segmentation][INFO] - Tiling done. Creating pixel masks from clipped geojsons...
[2023-04-26 09:08:23,840][tiling_segmentation][INFO] - 
Expected val ratio: 0 %
Actual val ratio: 0.00 %
[2023-04-26 09:08:23,841][tiling_segmentation][INFO] - 
Dataset: trn
	Filters:
	 - Minimumum non-zero values (aka minimum annotated percentage): 5%
	Kept: 140
	Discarded: 81
[2023-04-26 09:08:23,841][tiling_segmentation][INFO] - 
Dataset: val
	Total patches: 0
[2023-04-26 09:08:23,842][tiling_segmentation][INFO] - 
End of process. See tiled dataset lists:
[2023-04-26 09:08:23,842][tiling_segmentation][INFO] - trn: C:\Users\abfernan\CrossCanFloodMapping\DatasetCNNFlood\C1Dataset\Percentage_1\Percentage_1_feat1_min-annot5_trn.csv
[2023-04-26 09:08:23,843][tiling_segmentation][INFO] - val: C:\Users\abfernan\CrossCanFloodMapping\DatasetCNNFlood\C1Dataset\Percentage_1\Percentage_1_feat1_min-annot5_val.csv
[2023-04-26 09:08:24,394][root][INFO] - 
-----------------
End of tiling !!!
Elapsed time: 32.52s
-----------------

