[2023-04-11 11:28:44,883][root][INFO] - 
Overwritten parameters in the config: 
mode=tiling
[2023-04-11 11:28:44,884][root][INFO] - 
---------------------------------------
Let's start tiling for segmentation !!!
---------------------------------------
[2023-04-11 11:28:56,282][root][ERROR] - The key download_data as a None value.
[2023-04-11 11:28:56,284][root][ERROR] - The key multiprocessing as a None value.
[2023-04-11 11:28:56,285][root][ERROR] - The key write_dest_raster as a None value.
[2023-04-11 11:28:56,285][root][ERROR] - The key clahe_clip_limit as a None value.
[2023-04-11 11:28:56,420][dataset.aoi][INFO] - 
	Successfully read csv file: rawImg.csv
	Number of rows: 2
	Copying first row:
{'tif': 'C:\\Users\\abfernan\\CrossCanFloodMapping\\RawData\\TestTiling\\ON_VilleGatineau.tif', 'gpkg': 'C:\\Users\\abfernan\\CrossCanFloodMapping\\RawData\\TestTiling\\ON_VilleGatineau.gpkg', 'split': 'trn', 'aoi_id': None}

[2023-04-11 11:28:56,788][tiling_segmentation][INFO] - Patches will be written to C:\Users\abfernan\CrossCanFloodMapping\RawData\TestTiling\percentage_1


[2023-04-11 11:28:56,788][tiling_segmentation][INFO] - Preparing patches 
	Samples_size: 384 
[2023-04-11 11:29:03,612][tiling_segmentation][INFO] - Cropping raster patches...
[2023-04-11 11:29:18,237][tiling_segmentation][INFO] - Cropping raster patches...
[2023-04-11 11:29:18,923][tiling_segmentation][INFO] - Tiling done. Creating pixel masks from clipped geojsons...
[2023-04-11 11:30:08,573][tiling_segmentation][INFO] - 
Expected val ratio: 0 %
Actual val ratio: 0.00 %
[2023-04-11 11:30:08,574][tiling_segmentation][INFO] - 
Dataset: trn
	Filters:
	 - Minimumum non-zero values (aka minimum annotated percentage): 10%
	Kept: 330
	Discarded: 452
[2023-04-11 11:30:08,575][tiling_segmentation][INFO] - 
Dataset: val
	Total patches: 0
[2023-04-11 11:30:08,575][tiling_segmentation][INFO] - 
End of process. See tiled dataset lists:
[2023-04-11 11:30:08,575][tiling_segmentation][INFO] - trn: C:\Users\abfernan\CrossCanFloodMapping\RawData\TestTiling\percentage_1\percentage_1_feat1_min-annot10_trn.csv
[2023-04-11 11:30:08,575][tiling_segmentation][INFO] - val: C:\Users\abfernan\CrossCanFloodMapping\RawData\TestTiling\percentage_1\percentage_1_feat1_min-annot10_val.csv
[2023-04-11 11:30:17,547][root][INFO] - 
-----------------
End of tiling !!!
Elapsed time: 92.66s
-----------------

