[2023-04-25 11:25:15,910][root][INFO] - 
Overwritten parameters in the config: 
mode=tiling
[2023-04-25 11:25:15,911][root][INFO] - 
---------------------------------------
Let's start tiling for segmentation !!!
---------------------------------------
[2023-04-25 11:25:20,322][root][ERROR] - The key download_data as a None value.
[2023-04-25 11:25:20,323][root][ERROR] - The key multiprocessing as a None value.
[2023-04-25 11:25:20,324][root][ERROR] - The key write_dest_raster as a None value.
[2023-04-25 11:25:20,326][root][ERROR] - The key clahe_clip_limit as a None value.
[2023-04-25 11:25:20,613][dataset.aoi][INFO] - 
	Successfully read csv file: Class1RawData.csv
	Number of rows: 9
	Copying first row:
{'tif': 'C:\\Users\\abfernan\\CrossCanFloodMapping\\DatasetCNNFlood\\RawData\\Class1\\SK_Weyburn.tif', 'gpkg': 'C:\\Users\\abfernan\\CrossCanFloodMapping\\DatasetCNNFlood\\RawData\\Class1\\SK_Weyburn_C1.gpkg', 'split': 'trn'}

[2023-04-25 11:25:27,357][root][WARNING] - Cannot parse epsg code from raster's crs 'C:/Users/abfernan/CrossCanFloodMapping/DatasetCNNFlood/RawData/Class1/SK_Yorkton.tif'
[2023-04-25 11:25:27,365][tiling_segmentation][INFO] - Patches will be written to C:\Users\abfernan\CrossCanFloodMapping\DatasetCNNFlood\C1Dataset\Percentage_1


[2023-04-25 11:25:27,366][tiling_segmentation][INFO] - Preparing patches 
	Samples_size: 384 
[2023-04-25 11:31:34,438][tiling_segmentation][INFO] - Cropping raster patches...
[2023-04-25 11:31:35,700][tiling_segmentation][INFO] - Cropping raster patches...
[2023-04-25 11:32:33,495][tiling_segmentation][INFO] - Cropping raster patches...
