[2023-04-06 20:03:52,120][root][INFO] - 
Overwritten parameters in the config: 
mode=tiling
[2023-04-06 20:03:52,121][root][INFO] - 
---------------------------------------
Let's start tiling for segmentation !!!
---------------------------------------
[2023-04-06 20:03:53,709][root][ERROR] - The key download_data as a None value.
[2023-04-06 20:03:53,718][root][ERROR] - The key multiprocessing as a None value.
[2023-04-06 20:03:53,718][root][ERROR] - The key write_dest_raster as a None value.
[2023-04-06 20:03:53,719][root][ERROR] - The key clahe_clip_limit as a None value.
[2023-04-06 20:03:53,835][dataset.aoi][INFO] - 
	Successfully read csv file: rawImg.csv
	Number of rows: 2
	Copying first row:
{'tif': 'C:\\Users\\abfernan\\CrossCanFloodMapping\\RawData\\TestTiling\\ON_VilleGatineau.tif', 'gpkg': 'C:\\Users\\abfernan\\CrossCanFloodMapping\\RawData\\TestTiling\\ON_VilleGatineau.gpkg', 'split': 'trn', 'aoi_id': 'test'}

[2023-04-06 20:03:54,196][tiling_segmentation][INFO] - Patches will be written to C:\Users\abfernan\CrossCanFloodMapping\RawData\TestTiling\template_project


[2023-04-06 20:03:54,196][tiling_segmentation][INFO] - Preparing patches 
	Samples_size: 384 
[2023-04-06 20:04:00,583][tiling_segmentation][INFO] - Cropping raster patches...
[2023-04-06 20:04:14,653][tiling_segmentation][INFO] - Cropping raster patches...
[2023-04-06 20:04:15,304][tiling_segmentation][INFO] - Tiling done. Creating pixel masks from clipped geojsons...
[2023-04-06 20:05:04,516][tiling_segmentation][INFO] - 
Expected val ratio: 30 %
Actual val ratio: 32.73 %
[2023-04-06 20:05:04,516][tiling_segmentation][INFO] - 
Dataset: trn
	Filters:
	 - Minimumum non-zero values (aka minimum annotated percentage): 10%
	Kept: 222
	Discarded: 452
[2023-04-06 20:05:04,516][tiling_segmentation][INFO] - 
Dataset: val
	Total patches: 108
[2023-04-06 20:05:04,516][tiling_segmentation][INFO] - 
End of process. See tiled dataset lists:
[2023-04-06 20:05:04,517][tiling_segmentation][INFO] - trn: C:\Users\abfernan\CrossCanFloodMapping\RawData\TestTiling\template_project\template_project_feat1_min-annot10_trn.csv
[2023-04-06 20:05:04,517][tiling_segmentation][INFO] - val: C:\Users\abfernan\CrossCanFloodMapping\RawData\TestTiling\template_project\template_project_feat1_min-annot10_val.csv
[2023-04-06 20:05:04,646][root][INFO] - 
-----------------
End of tiling !!!
Elapsed time: 72.53s
-----------------

