[2023-04-28 12:26:32,110][root][INFO] - 
Overwritten parameters in the config: 
mode=tiling
[2023-04-28 12:26:32,111][root][INFO] - 
---------------------------------------
Let's start tiling for segmentation !!!
---------------------------------------
[2023-04-28 12:26:38,198][root][ERROR] - The key download_data as a None value.
[2023-04-28 12:26:38,199][root][ERROR] - The key multiprocessing as a None value.
[2023-04-28 12:26:38,199][root][ERROR] - The key write_dest_raster as a None value.
[2023-04-28 12:26:38,200][root][ERROR] - The key clahe_clip_limit as a None value.
[2023-04-28 12:26:38,390][dataset.aoi][INFO] - 
	Successfully read csv file: Class1RawData.csv
	Number of rows: 28
	Copying first row:
{'tif': 'C:\\Users\\abfernan\\CrossCanFloodMapping\\DatasetCNNFlood\\RawData\\Class1\\CA_Lethbridge.tif', 'gpkg': 'C:\\Users\\abfernan\\CrossCanFloodMapping\\DatasetCNNFlood\\RawData\\Class1\\CA_Lethbridge_C1.gpkg', 'split': 'trn'}

[2023-04-28 12:27:00,006][tiling_segmentation][INFO] - Patches will be written to C:\Users\abfernan\CrossCanFloodMapping\DatasetCNNFlood\C1Dataset\Percentage_1


[2023-04-28 12:27:00,007][tiling_segmentation][INFO] - Preparing patches 
	Samples_size: 384 
[2023-04-28 12:27:01,159][tiling_segmentation][INFO] - Cropping raster patches...
[2023-04-28 12:27:14,649][tiling_segmentation][INFO] - Cropping raster patches...
[2023-04-28 12:27:15,822][tiling_segmentation][INFO] - Cropping raster patches...
[2023-04-28 12:27:16,792][tiling_segmentation][INFO] - Cropping raster patches...
[2023-04-28 12:27:23,062][tiling_segmentation][INFO] - Cropping raster patches...
[2023-04-28 12:28:28,369][tiling_segmentation][INFO] - Cropping raster patches...
[2023-04-28 12:30:38,180][tiling_segmentation][INFO] - Cropping raster patches...
[2023-04-28 12:30:57,687][tiling_segmentation][INFO] - Cropping raster patches...
[2023-04-28 12:31:30,716][tiling_segmentation][INFO] - Cropping raster patches...
[2023-04-28 12:31:35,334][tiling_segmentation][INFO] - Cropping raster patches...
[2023-04-28 12:31:39,683][tiling_segmentation][INFO] - Cropping raster patches...
[2023-04-28 12:31:57,369][tiling_segmentation][INFO] - Cropping raster patches...
[2023-04-28 12:32:22,697][tiling_segmentation][INFO] - Cropping raster patches...
[2023-04-28 12:32:24,600][tiling_segmentation][INFO] - Cropping raster patches...
[2023-04-28 12:32:26,310][tiling_segmentation][INFO] - Cropping raster patches...
[2023-04-28 12:32:26,959][tiling_segmentation][INFO] - Cropping raster patches...
[2023-04-28 12:32:28,900][tiling_segmentation][INFO] - Cropping raster patches...
[2023-04-28 12:32:35,024][tiling_segmentation][INFO] - Cropping raster patches...
[2023-04-28 12:32:38,735][tiling_segmentation][INFO] - Cropping raster patches...
[2023-04-28 12:33:03,305][tiling_segmentation][INFO] - Cropping raster patches...
[2023-04-28 12:34:20,175][tiling_segmentation][INFO] - Cropping raster patches...
[2023-04-28 12:34:22,174][tiling_segmentation][INFO] - Cropping raster patches...
[2023-04-28 12:34:23,060][tiling_segmentation][INFO] - Cropping raster patches...
[2023-04-28 12:34:23,847][tiling_segmentation][INFO] - Cropping raster patches...
[2023-04-28 12:34:24,500][tiling_segmentation][INFO] - Cropping raster patches...
[2023-04-28 12:34:25,244][tiling_segmentation][INFO] - Cropping raster patches...
[2023-04-28 12:34:25,752][tiling_segmentation][INFO] - Cropping raster patches...
[2023-04-28 12:34:37,989][tiling_segmentation][INFO] - Cropping raster patches...
[2023-04-28 12:34:38,357][tiling_segmentation][INFO] - Tiling done. Creating pixel masks from clipped geojsons...
[2023-04-28 12:40:03,473][tiling_segmentation][INFO] - 
Expected val ratio: 0 %
Actual val ratio: 0.00 %
[2023-04-28 12:40:03,474][tiling_segmentation][INFO] - 
Dataset: trn
	Filters:
	 - Minimumum non-zero values (aka minimum annotated percentage): 1%
	Kept: 1898
	Discarded: 2741
[2023-04-28 12:40:03,474][tiling_segmentation][INFO] - 
Dataset: tst
	Total patches: 144
[2023-04-28 12:40:03,475][tiling_segmentation][INFO] - 
Dataset: val
	Total patches: 0
[2023-04-28 12:40:03,475][tiling_segmentation][INFO] - 
End of process. See tiled dataset lists:
[2023-04-28 12:40:03,475][tiling_segmentation][INFO] - trn: C:\Users\abfernan\CrossCanFloodMapping\DatasetCNNFlood\C1Dataset\Percentage_1\Percentage_1_feat1_min-annot1_trn.csv
[2023-04-28 12:40:03,476][tiling_segmentation][INFO] - tst: C:\Users\abfernan\CrossCanFloodMapping\DatasetCNNFlood\C1Dataset\Percentage_1\Percentage_1_feat1_min-annot1_tst.csv
[2023-04-28 12:40:03,476][tiling_segmentation][INFO] - val: C:\Users\abfernan\CrossCanFloodMapping\DatasetCNNFlood\C1Dataset\Percentage_1\Percentage_1_feat1_min-annot1_val.csv
[2023-04-28 12:40:04,067][root][INFO] - 
-----------------
End of tiling !!!
Elapsed time: 811.96s
-----------------

