[2023-04-20 11:34:24,871][root][INFO] - 
Overwritten parameters in the config: 
mode=tiling
[2023-04-20 11:34:24,871][root][INFO] - 
---------------------------------------
Let's start tiling for segmentation !!!
---------------------------------------
[2023-04-20 11:34:28,152][root][ERROR] - The key download_data as a None value.
[2023-04-20 11:34:28,153][root][ERROR] - The key save_preview_labels as a None value.
[2023-04-20 11:34:28,153][root][ERROR] - The key multiprocessing as a None value.
[2023-04-20 11:34:28,154][root][ERROR] - The key write_dest_raster as a None value.
[2023-04-20 11:34:28,154][root][ERROR] - The key clahe_clip_limit as a None value.
[2023-04-20 11:34:28,336][dataset.aoi][INFO] - 
	Successfully read csv file: Class1RawData.csv
	Number of rows: 19
	Copying first row:
{'tif': 'C:\\Users\\abfernan\\CrossCanFloodMapping\\DatasetCNNFlood\\RawData\\Class1\\QC_Bromont.tif', 'gpkg': 'C:\\Users\\abfernan\\CrossCanFloodMapping\\DatasetCNNFlood\\RawData\\Class1\\QC_Bromont_C1.gpkg', 'split': 'trn', 'aoi_id': None}

[2023-04-20 11:34:31,834][root][WARNING] - Cannot parse epsg code from raster's crs 'C:/Users/abfernan/CrossCanFloodMapping/DatasetCNNFlood/RawData/Class1/SK_Moose_Jaw.tif'
[2023-04-20 11:34:34,111][root][WARNING] - Cannot parse epsg code from raster's crs 'C:/Users/abfernan/CrossCanFloodMapping/DatasetCNNFlood/RawData/Class1/SK_Regina.tif'
[2023-04-20 11:34:34,440][root][WARNING] - Cannot parse epsg code from raster's crs 'C:/Users/abfernan/CrossCanFloodMapping/DatasetCNNFlood/RawData/Class1/SK_Tisdale.tif'
[2023-04-20 11:34:34,830][root][WARNING] - Cannot parse epsg code from raster's crs 'C:/Users/abfernan/CrossCanFloodMapping/DatasetCNNFlood/RawData/Class1/SK_Wadena.tif'
[2023-04-20 11:34:35,157][root][WARNING] - Cannot parse epsg code from raster's crs 'C:/Users/abfernan/CrossCanFloodMapping/DatasetCNNFlood/RawData/Class1/SK_Watson.tif'
[2023-04-20 11:34:37,382][root][WARNING] - Cannot parse epsg code from raster's crs 'C:/Users/abfernan/CrossCanFloodMapping/DatasetCNNFlood/RawData/Class1/SK_Weyburn.tif'
[2023-04-20 11:34:37,846][root][WARNING] - Cannot parse epsg code from raster's crs 'C:/Users/abfernan/CrossCanFloodMapping/DatasetCNNFlood/RawData/Class1/SK_Wolseley.tif'
[2023-04-20 11:34:38,431][root][WARNING] - Cannot parse epsg code from raster's crs 'C:/Users/abfernan/CrossCanFloodMapping/DatasetCNNFlood/RawData/Class1/SK_Yorkton.tif'
[2023-04-20 11:34:38,436][tiling_segmentation][INFO] - Patches will be written to C:\Users\abfernan\CrossCanFloodMapping\DatasetCNNFlood\C1Dataset\percentage_1


[2023-04-20 11:34:38,437][tiling_segmentation][INFO] - Preparing patches 
	Samples_size: 384 
