[2023-04-25 10:48:20,625][root][INFO] - 
Overwritten parameters in the config: 
mode=tiling
[2023-04-25 10:48:20,627][root][INFO] - 
---------------------------------------
Let's start tiling for segmentation !!!
---------------------------------------
[2023-04-25 10:48:23,371][root][ERROR] - The key download_data as a None value.
[2023-04-25 10:48:23,372][root][ERROR] - The key min_annot_perc as a None value.
[2023-04-25 10:48:23,373][root][ERROR] - The key multiprocessing as a None value.
[2023-04-25 10:48:23,374][root][ERROR] - The key write_dest_raster as a None value.
[2023-04-25 10:48:23,374][root][ERROR] - The key clahe_clip_limit as a None value.
[2023-04-25 10:48:24,036][dataset.aoi][INFO] - 
	Successfully read csv file: Class1RawData.csv
	Number of rows: 1
	Copying first row:
{'tif': 'C:\\Users\\abfernan\\CrossCanFloodMapping\\DatasetCNNFlood\\RawData\\Class1\\SK_Wadena.tif', 'gpkg': 'C:\\Users\\abfernan\\CrossCanFloodMapping\\DatasetCNNFlood\\RawData\\Class1\\SK_Wadena_C1.gpkg', 'split': 'trn'}

[2023-04-25 10:48:24,299][tiling_segmentation][INFO] - Patches will be written to C:\Users\abfernan\CrossCanFloodMapping\DatasetCNNFlood\C1Dataset\Percentage_1


[2023-04-25 10:48:24,300][tiling_segmentation][INFO] - Preparing patches 
	Samples_size: 384 
