[2023-04-25 11:17:16,976][root][INFO] - 
Overwritten parameters in the config: 
mode=tiling
[2023-04-25 11:17:16,977][root][INFO] - 
---------------------------------------
Let's start tiling for segmentation !!!
---------------------------------------
[2023-04-25 11:17:19,916][root][ERROR] - The key download_data as a None value.
[2023-04-25 11:17:19,917][root][ERROR] - The key multiprocessing as a None value.
[2023-04-25 11:17:19,918][root][ERROR] - The key write_dest_raster as a None value.
[2023-04-25 11:17:19,919][root][ERROR] - The key clahe_clip_limit as a None value.
[2023-04-25 11:17:20,528][tiling_segmentation][WARNING] - Data path exists: C:\Users\abfernan\CrossCanFloodMapping\DatasetCNNFlood\C1Dataset\Percentage_1. Make sure patches belong to the same experiment.
[2023-04-25 11:17:20,541][dataset.aoi][INFO] - 
	Successfully read csv file: Class1RawData.csv
	Number of rows: 14
	Copying first row:
{'tif': 'C:\\Users\\abfernan\\CrossCanFloodMapping\\DatasetCNNFlood\\RawData\\Class1\\QC_Gaspe1Et2.tif', 'gpkg': 'C:\\Users\\abfernan\\CrossCanFloodMapping\\DatasetCNNFlood\\RawData\\Class1\\QC_Gaspe1Et2_C1.gpkg', 'split': 'trn'}

[2023-04-25 11:17:25,145][root][WARNING] - Cannot parse epsg code from raster's crs 'C:/Users/abfernan/CrossCanFloodMapping/DatasetCNNFlood/RawData/Class1/SK_Moose_Jaw.tif'
[2023-04-25 11:17:28,393][root][WARNING] - Cannot parse epsg code from raster's crs 'C:/Users/abfernan/CrossCanFloodMapping/DatasetCNNFlood/RawData/Class1/SK_Regina.tif'
[2023-04-25 11:17:28,971][root][WARNING] - Cannot parse epsg code from raster's crs 'C:/Users/abfernan/CrossCanFloodMapping/DatasetCNNFlood/RawData/Class1/SK_Tisdale.tif'
[2023-04-25 11:17:29,472][root][WARNING] - Cannot parse epsg code from raster's crs 'C:/Users/abfernan/CrossCanFloodMapping/DatasetCNNFlood/RawData/Class1/SK_Watson.tif'
[2023-04-25 11:17:34,812][root][ERROR] - CRS mismatch: 
TIF file "<open DatasetReader name='C:/Users/abfernan/CrossCanFloodMapping/DatasetCNNFlood/RawData/Class1/SK_Weyburn.tif' mode='r'>" has EPSG:2957 CRS; 
GPKG file "      id             in_id flood_mech  ... See id_2                                           geometry
0  493.0  SKWEYB0033IN0076   riverine  ...   1    3  MULTIPOLYGON (((581206.423 5500025.097, 581206...

[1 rows x 30 columns]" has EPSG:6342 CRS.
[2023-04-25 11:17:36,060][root][WARNING] - Cannot parse epsg code from raster's crs 'C:/Users/abfernan/CrossCanFloodMapping/DatasetCNNFlood/RawData/Class1/SK_Yorkton.tif'
