[2023-06-15 15:49:31,147][root][INFO] - 
Overwritten parameters in the config: 
mode=tiling
[2023-06-15 15:49:31,148][root][INFO] - 
---------------------------------------
Let's start tiling for segmentation !!!
---------------------------------------
[2023-06-15 15:49:45,379][root][ERROR] - The key download_data as a None value.
[2023-06-15 15:49:45,380][root][ERROR] - The key multiprocessing as a None value.
[2023-06-15 15:49:45,381][root][ERROR] - The key write_dest_raster as a None value.
[2023-06-15 15:49:45,381][root][ERROR] - The key clahe_clip_limit as a None value.
[2023-06-15 15:49:45,723][dataset.aoi][INFO] - 
	Successfully read csv file: Class1RawData.csv
	Number of rows: 22
	Copying first row:
{'tif': 'C:\\Users\\abfernan\\CrossCanFloodMapping\\DatasetCNNFlood\\RawData\\Class1\\CA_Lethbridge.tif', 'gpkg': 'C:\\Users\\abfernan\\CrossCanFloodMapping\\DatasetCNNFlood\\RawData\\Class1\\CA_Lethbridge_C1.gpkg', 'split': 'trn'}

[2023-06-15 15:50:06,782][tiling_segmentation][INFO] - Patches will be written to C:\Users\abfernan\CrossCanFloodMapping\DatasetCNNFlood\C1Dataset\Percentage_1_intensSampl


[2023-06-15 15:50:06,783][tiling_segmentation][INFO] - Preparing patches 
	Samples_size: 384 
[2023-06-15 15:50:13,435][tiling_segmentation][INFO] - Cropping raster patches...
[2023-06-15 15:51:47,233][tiling_segmentation][INFO] - Cropping raster patches...
[2023-06-15 15:51:55,630][tiling_segmentation][INFO] - Cropping raster patches...
[2023-06-15 15:51:59,734][tiling_segmentation][INFO] - Cropping raster patches...
[2023-06-15 15:53:02,031][tiling_segmentation][INFO] - Cropping raster patches...
[2023-06-15 16:04:46,541][tiling_segmentation][INFO] - Cropping raster patches...
[2023-06-15 16:26:59,240][tiling_segmentation][INFO] - Cropping raster patches...
[2023-06-15 16:30:22,642][tiling_segmentation][INFO] - Cropping raster patches...
[2023-06-15 16:36:02,698][tiling_segmentation][INFO] - Cropping raster patches...
[2023-06-15 16:36:47,023][tiling_segmentation][INFO] - Cropping raster patches...
[2023-06-15 16:37:27,189][tiling_segmentation][INFO] - Cropping raster patches...
[2023-06-15 16:40:19,912][tiling_segmentation][INFO] - Cropping raster patches...
[2023-06-15 16:45:02,742][tiling_segmentation][INFO] - Cropping raster patches...
[2023-06-15 16:45:18,795][tiling_segmentation][INFO] - Cropping raster patches...
[2023-06-15 16:45:30,901][tiling_segmentation][INFO] - Cropping raster patches...
[2023-06-15 16:45:32,377][tiling_segmentation][INFO] - Cropping raster patches...
[2023-06-15 16:45:48,021][tiling_segmentation][INFO] - Cropping raster patches...
[2023-06-15 16:46:48,845][tiling_segmentation][INFO] - Cropping raster patches...
[2023-06-15 16:47:12,411][tiling_segmentation][INFO] - Cropping raster patches...
[2023-06-15 16:51:11,464][tiling_segmentation][INFO] - Cropping raster patches...
[2023-06-15 17:04:51,643][tiling_segmentation][INFO] - Cropping raster patches...
[2023-06-15 17:05:04,407][tiling_segmentation][INFO] - Cropping raster patches...
[2023-06-15 17:05:04,705][tiling_segmentation][INFO] - Tiling done. Creating pixel masks from clipped geojsons...
[2023-06-15 17:35:52,760][tiling_segmentation][INFO] - 
Expected val ratio: 0 %
Actual val ratio: 0.00 %
[2023-06-15 17:35:52,761][tiling_segmentation][INFO] - 
Dataset: trn
	Filters:
	 - Minimumum non-zero values (aka minimum annotated percentage): 1%
	Kept: 12663
	Discarded: 17981
[2023-06-15 17:35:52,761][tiling_segmentation][INFO] - 
Dataset: val
	Total patches: 0
[2023-06-15 17:35:52,762][tiling_segmentation][INFO] - 
End of process. See tiled dataset lists:
[2023-06-15 17:35:52,762][tiling_segmentation][INFO] - trn: C:\Users\abfernan\CrossCanFloodMapping\DatasetCNNFlood\C1Dataset\Percentage_1_intensSampl\Percentage_1_intensSampl_feat1_min-annot1_trn.csv
[2023-06-15 17:35:52,762][tiling_segmentation][INFO] - val: C:\Users\abfernan\CrossCanFloodMapping\DatasetCNNFlood\C1Dataset\Percentage_1_intensSampl\Percentage_1_intensSampl_feat1_min-annot1_val.csv
[2023-06-15 17:35:53,214][root][INFO] - 
-----------------
End of tiling !!!
Elapsed time: 6382.07s
-----------------

