[2023-04-26 10:19:38,440][root][INFO] - 
Overwritten parameters in the config: 
mode=tiling
[2023-04-26 10:19:38,440][root][INFO] - 
---------------------------------------
Let's start tiling for segmentation !!!
---------------------------------------
[2023-04-26 10:19:43,887][root][ERROR] - The key download_data as a None value.
[2023-04-26 10:19:43,888][root][ERROR] - The key multiprocessing as a None value.
[2023-04-26 10:19:43,889][root][ERROR] - The key write_dest_raster as a None value.
[2023-04-26 10:19:43,889][root][ERROR] - The key clahe_clip_limit as a None value.
[2023-04-26 10:19:44,493][dataset.aoi][INFO] - 
	Successfully read csv file: Class1RawData.csv
	Number of rows: 6
	Copying first row:
{'tif': 'C:\\Users\\abfernan\\CrossCanFloodMapping\\DatasetCNNFlood\\RawData\\Class1\\SK_Yorkton.tif', 'gpkg': 'C:\\Users\\abfernan\\CrossCanFloodMapping\\DatasetCNNFlood\\RawData\\Class1\\SK_Yorkton_C1.gpkg', 'split': 'trn'}

[2023-04-26 10:19:47,928][tiling_segmentation][INFO] - Patches will be written to C:\Users\abfernan\CrossCanFloodMapping\DatasetCNNFlood\C1Dataset\Percentage_1


[2023-04-26 10:19:47,929][tiling_segmentation][INFO] - Preparing patches 
	Samples_size: 384 
[2023-04-26 10:20:13,793][tiling_segmentation][INFO] - Cropping raster patches...
[2023-04-26 10:20:19,963][tiling_segmentation][INFO] - Cropping raster patches...
[2023-04-26 10:21:11,618][tiling_segmentation][INFO] - Cropping raster patches...
[2023-04-26 10:21:39,004][tiling_segmentation][INFO] - Cropping raster patches...
[2023-04-26 10:21:45,377][tiling_segmentation][INFO] - Cropping raster patches...
[2023-04-26 10:22:37,365][tiling_segmentation][INFO] - Cropping raster patches...
[2023-04-26 10:22:37,877][tiling_segmentation][INFO] - Tiling done. Creating pixel masks from clipped geojsons...
[2023-04-26 10:24:21,620][tiling_segmentation][INFO] - Burned ground truth patch exists: C:\Users\abfernan\CrossCanFloodMapping\DatasetCNNFlood\C1Dataset\Percentage_1\trn\SK_Yorkton\labels_burned\SK_Yorkton_677440_5580327319_5680105_0_feat1_min-annot5.tif
[2023-04-26 10:24:23,075][tiling_segmentation][INFO] - Burned ground truth patch exists: C:\Users\abfernan\CrossCanFloodMapping\DatasetCNNFlood\C1Dataset\Percentage_1\trn\SK_Yorkton\labels_burned\SK_Yorkton_677850_5580327319_5679285_0_feat1_min-annot5.tif
[2023-04-26 10:24:23,270][tiling_segmentation][INFO] - Burned ground truth patch exists: C:\Users\abfernan\CrossCanFloodMapping\DatasetCNNFlood\C1Dataset\Percentage_1\trn\SK_Yorkton\labels_burned\SK_Yorkton_677850_5580327319_5679695_0_feat1_min-annot5.tif
[2023-04-26 10:24:23,487][tiling_segmentation][INFO] - Burned ground truth patch exists: C:\Users\abfernan\CrossCanFloodMapping\DatasetCNNFlood\C1Dataset\Percentage_1\trn\SK_Yorkton\labels_burned\SK_Yorkton_677850_5580327319_5680105_0_feat1_min-annot5.tif
[2023-04-26 10:24:23,683][tiling_segmentation][INFO] - Burned ground truth patch exists: C:\Users\abfernan\CrossCanFloodMapping\DatasetCNNFlood\C1Dataset\Percentage_1\trn\SK_Yorkton\labels_burned\SK_Yorkton_677850_5580327319_5680515_0_feat1_min-annot5.tif
[2023-04-26 10:24:23,873][tiling_segmentation][INFO] - Burned ground truth patch exists: C:\Users\abfernan\CrossCanFloodMapping\DatasetCNNFlood\C1Dataset\Percentage_1\trn\SK_Yorkton\labels_burned\SK_Yorkton_677850_5580327319_5680925_0_feat1_min-annot5.tif
[2023-04-26 10:24:24,057][tiling_segmentation][INFO] - Burned ground truth patch exists: C:\Users\abfernan\CrossCanFloodMapping\DatasetCNNFlood\C1Dataset\Percentage_1\trn\SK_Yorkton\labels_burned\SK_Yorkton_677850_5580327319_5681080_0_feat1_min-annot5.tif
[2023-04-26 10:24:25,332][tiling_segmentation][INFO] - Burned ground truth patch exists: C:\Users\abfernan\CrossCanFloodMapping\DatasetCNNFlood\C1Dataset\Percentage_1\trn\SK_Yorkton\labels_burned\SK_Yorkton_678260_5580327319_5678465_0_feat1_min-annot5.tif
[2023-04-26 10:24:25,469][tiling_segmentation][INFO] - Burned ground truth patch exists: C:\Users\abfernan\CrossCanFloodMapping\DatasetCNNFlood\C1Dataset\Percentage_1\trn\SK_Yorkton\labels_burned\SK_Yorkton_678260_5580327319_5678875_0_feat1_min-annot5.tif
[2023-04-26 10:24:25,632][tiling_segmentation][INFO] - Burned ground truth patch exists: C:\Users\abfernan\CrossCanFloodMapping\DatasetCNNFlood\C1Dataset\Percentage_1\trn\SK_Yorkton\labels_burned\SK_Yorkton_678260_5580327319_5679285_0_feat1_min-annot5.tif
[2023-04-26 10:24:25,783][tiling_segmentation][INFO] - Burned ground truth patch exists: C:\Users\abfernan\CrossCanFloodMapping\DatasetCNNFlood\C1Dataset\Percentage_1\trn\SK_Yorkton\labels_burned\SK_Yorkton_678260_5580327319_5679695_0_feat1_min-annot5.tif
[2023-04-26 10:24:25,956][tiling_segmentation][INFO] - Burned ground truth patch exists: C:\Users\abfernan\CrossCanFloodMapping\DatasetCNNFlood\C1Dataset\Percentage_1\trn\SK_Yorkton\labels_burned\SK_Yorkton_678260_5580327319_5680105_0_feat1_min-annot5.tif
[2023-04-26 10:24:26,116][tiling_segmentation][INFO] - Burned ground truth patch exists: C:\Users\abfernan\CrossCanFloodMapping\DatasetCNNFlood\C1Dataset\Percentage_1\trn\SK_Yorkton\labels_burned\SK_Yorkton_678260_5580327319_5680515_0_feat1_min-annot5.tif
[2023-04-26 10:24:27,991][tiling_segmentation][INFO] - Burned ground truth patch exists: C:\Users\abfernan\CrossCanFloodMapping\DatasetCNNFlood\C1Dataset\Percentage_1\trn\SK_Yorkton\labels_burned\SK_Yorkton_678670_5580327319_5677645_0_feat1_min-annot5.tif
[2023-04-26 10:24:28,132][tiling_segmentation][INFO] - Burned ground truth patch exists: C:\Users\abfernan\CrossCanFloodMapping\DatasetCNNFlood\C1Dataset\Percentage_1\trn\SK_Yorkton\labels_burned\SK_Yorkton_678670_5580327319_5678055_0_feat1_min-annot5.tif
[2023-04-26 10:24:28,275][tiling_segmentation][INFO] - Burned ground truth patch exists: C:\Users\abfernan\CrossCanFloodMapping\DatasetCNNFlood\C1Dataset\Percentage_1\trn\SK_Yorkton\labels_burned\SK_Yorkton_678670_5580327319_5678465_0_feat1_min-annot5.tif
[2023-04-26 10:24:28,428][tiling_segmentation][INFO] - Burned ground truth patch exists: C:\Users\abfernan\CrossCanFloodMapping\DatasetCNNFlood\C1Dataset\Percentage_1\trn\SK_Yorkton\labels_burned\SK_Yorkton_678670_5580327319_5678875_0_feat1_min-annot5.tif
[2023-04-26 10:24:28,612][tiling_segmentation][INFO] - Burned ground truth patch exists: C:\Users\abfernan\CrossCanFloodMapping\DatasetCNNFlood\C1Dataset\Percentage_1\trn\SK_Yorkton\labels_burned\SK_Yorkton_678670_5580327319_5679285_0_feat1_min-annot5.tif
[2023-04-26 10:24:28,779][tiling_segmentation][INFO] - Burned ground truth patch exists: C:\Users\abfernan\CrossCanFloodMapping\DatasetCNNFlood\C1Dataset\Percentage_1\trn\SK_Yorkton\labels_burned\SK_Yorkton_678670_5580327319_5679695_0_feat1_min-annot5.tif
[2023-04-26 10:24:28,950][tiling_segmentation][INFO] - Burned ground truth patch exists: C:\Users\abfernan\CrossCanFloodMapping\DatasetCNNFlood\C1Dataset\Percentage_1\trn\SK_Yorkton\labels_burned\SK_Yorkton_678670_5580327319_5680105_0_feat1_min-annot5.tif
[2023-04-26 10:24:29,108][tiling_segmentation][INFO] - Burned ground truth patch exists: C:\Users\abfernan\CrossCanFloodMapping\DatasetCNNFlood\C1Dataset\Percentage_1\trn\SK_Yorkton\labels_burned\SK_Yorkton_678670_5580327319_5680515_0_feat1_min-annot5.tif
[2023-04-26 10:24:29,764][tiling_segmentation][INFO] - Burned ground truth patch exists: C:\Users\abfernan\CrossCanFloodMapping\DatasetCNNFlood\C1Dataset\Percentage_1\trn\SK_Yorkton\labels_burned\SK_Yorkton_679080_5580327319_5675185_0_feat1_min-annot5.tif
[2023-04-26 10:24:30,367][tiling_segmentation][INFO] - Burned ground truth patch exists: C:\Users\abfernan\CrossCanFloodMapping\DatasetCNNFlood\C1Dataset\Percentage_1\trn\SK_Yorkton\labels_burned\SK_Yorkton_679080_5580327319_5676005_0_feat1_min-annot5.tif
[2023-04-26 10:24:30,563][tiling_segmentation][INFO] - Burned ground truth patch exists: C:\Users\abfernan\CrossCanFloodMapping\DatasetCNNFlood\C1Dataset\Percentage_1\trn\SK_Yorkton\labels_burned\SK_Yorkton_679080_5580327319_5676415_0_feat1_min-annot5.tif
[2023-04-26 10:24:30,694][tiling_segmentation][INFO] - Burned ground truth patch exists: C:\Users\abfernan\CrossCanFloodMapping\DatasetCNNFlood\C1Dataset\Percentage_1\trn\SK_Yorkton\labels_burned\SK_Yorkton_679080_5580327319_5676825_0_feat1_min-annot5.tif
[2023-04-26 10:24:30,931][tiling_segmentation][INFO] - Burned ground truth patch exists: C:\Users\abfernan\CrossCanFloodMapping\DatasetCNNFlood\C1Dataset\Percentage_1\trn\SK_Yorkton\labels_burned\SK_Yorkton_679080_5580327319_5677235_0_feat1_min-annot5.tif
[2023-04-26 10:24:31,129][tiling_segmentation][INFO] - Burned ground truth patch exists: C:\Users\abfernan\CrossCanFloodMapping\DatasetCNNFlood\C1Dataset\Percentage_1\trn\SK_Yorkton\labels_burned\SK_Yorkton_679080_5580327319_5677645_0_feat1_min-annot5.tif
[2023-04-26 10:24:31,314][tiling_segmentation][INFO] - Burned ground truth patch exists: C:\Users\abfernan\CrossCanFloodMapping\DatasetCNNFlood\C1Dataset\Percentage_1\trn\SK_Yorkton\labels_burned\SK_Yorkton_679080_5580327319_5678055_0_feat1_min-annot5.tif
[2023-04-26 10:24:31,502][tiling_segmentation][INFO] - Burned ground truth patch exists: C:\Users\abfernan\CrossCanFloodMapping\DatasetCNNFlood\C1Dataset\Percentage_1\trn\SK_Yorkton\labels_burned\SK_Yorkton_679080_5580327319_5678465_0_feat1_min-annot5.tif
[2023-04-26 10:24:31,670][tiling_segmentation][INFO] - Burned ground truth patch exists: C:\Users\abfernan\CrossCanFloodMapping\DatasetCNNFlood\C1Dataset\Percentage_1\trn\SK_Yorkton\labels_burned\SK_Yorkton_679080_5580327319_5678875_0_feat1_min-annot5.tif
[2023-04-26 10:24:31,857][tiling_segmentation][INFO] - Burned ground truth patch exists: C:\Users\abfernan\CrossCanFloodMapping\DatasetCNNFlood\C1Dataset\Percentage_1\trn\SK_Yorkton\labels_burned\SK_Yorkton_679080_5580327319_5679285_0_feat1_min-annot5.tif
[2023-04-26 10:24:32,048][tiling_segmentation][INFO] - Burned ground truth patch exists: C:\Users\abfernan\CrossCanFloodMapping\DatasetCNNFlood\C1Dataset\Percentage_1\trn\SK_Yorkton\labels_burned\SK_Yorkton_679080_5580327319_5679695_0_feat1_min-annot5.tif
[2023-04-26 10:24:32,232][tiling_segmentation][INFO] - Burned ground truth patch exists: C:\Users\abfernan\CrossCanFloodMapping\DatasetCNNFlood\C1Dataset\Percentage_1\trn\SK_Yorkton\labels_burned\SK_Yorkton_679080_5580327319_5680105_0_feat1_min-annot5.tif
[2023-04-26 10:24:32,387][tiling_segmentation][INFO] - Burned ground truth patch exists: C:\Users\abfernan\CrossCanFloodMapping\DatasetCNNFlood\C1Dataset\Percentage_1\trn\SK_Yorkton\labels_burned\SK_Yorkton_679080_5580327319_5680515_0_feat1_min-annot5.tif
[2023-04-26 10:24:33,098][tiling_segmentation][INFO] - Burned ground truth patch exists: C:\Users\abfernan\CrossCanFloodMapping\DatasetCNNFlood\C1Dataset\Percentage_1\trn\SK_Yorkton\labels_burned\SK_Yorkton_679490_5580327319_5675185_0_feat1_min-annot5.tif
[2023-04-26 10:24:33,426][tiling_segmentation][INFO] - Burned ground truth patch exists: C:\Users\abfernan\CrossCanFloodMapping\DatasetCNNFlood\C1Dataset\Percentage_1\trn\SK_Yorkton\labels_burned\SK_Yorkton_679490_5580327319_5675595_0_feat1_min-annot5.tif
[2023-04-26 10:24:33,717][tiling_segmentation][INFO] - Burned ground truth patch exists: C:\Users\abfernan\CrossCanFloodMapping\DatasetCNNFlood\C1Dataset\Percentage_1\trn\SK_Yorkton\labels_burned\SK_Yorkton_679490_5580327319_5676005_0_feat1_min-annot5.tif
[2023-04-26 10:24:33,984][tiling_segmentation][INFO] - Burned ground truth patch exists: C:\Users\abfernan\CrossCanFloodMapping\DatasetCNNFlood\C1Dataset\Percentage_1\trn\SK_Yorkton\labels_burned\SK_Yorkton_679490_5580327319_5676415_0_feat1_min-annot5.tif
[2023-04-26 10:24:34,205][tiling_segmentation][INFO] - Burned ground truth patch exists: C:\Users\abfernan\CrossCanFloodMapping\DatasetCNNFlood\C1Dataset\Percentage_1\trn\SK_Yorkton\labels_burned\SK_Yorkton_679490_5580327319_5676825_0_feat1_min-annot5.tif
[2023-04-26 10:24:34,522][tiling_segmentation][INFO] - Burned ground truth patch exists: C:\Users\abfernan\CrossCanFloodMapping\DatasetCNNFlood\C1Dataset\Percentage_1\trn\SK_Yorkton\labels_burned\SK_Yorkton_679490_5580327319_5677235_0_feat1_min-annot5.tif
[2023-04-26 10:24:34,770][tiling_segmentation][INFO] - Burned ground truth patch exists: C:\Users\abfernan\CrossCanFloodMapping\DatasetCNNFlood\C1Dataset\Percentage_1\trn\SK_Yorkton\labels_burned\SK_Yorkton_679490_5580327319_5677645_0_feat1_min-annot5.tif
[2023-04-26 10:24:34,991][tiling_segmentation][INFO] - Burned ground truth patch exists: C:\Users\abfernan\CrossCanFloodMapping\DatasetCNNFlood\C1Dataset\Percentage_1\trn\SK_Yorkton\labels_burned\SK_Yorkton_679490_5580327319_5678055_0_feat1_min-annot5.tif
[2023-04-26 10:24:35,195][tiling_segmentation][INFO] - Burned ground truth patch exists: C:\Users\abfernan\CrossCanFloodMapping\DatasetCNNFlood\C1Dataset\Percentage_1\trn\SK_Yorkton\labels_burned\SK_Yorkton_679490_5580327319_5678465_0_feat1_min-annot5.tif
[2023-04-26 10:24:35,344][tiling_segmentation][INFO] - Burned ground truth patch exists: C:\Users\abfernan\CrossCanFloodMapping\DatasetCNNFlood\C1Dataset\Percentage_1\trn\SK_Yorkton\labels_burned\SK_Yorkton_679490_5580327319_5678875_0_feat1_min-annot5.tif
[2023-04-26 10:24:35,496][tiling_segmentation][INFO] - Burned ground truth patch exists: C:\Users\abfernan\CrossCanFloodMapping\DatasetCNNFlood\C1Dataset\Percentage_1\trn\SK_Yorkton\labels_burned\SK_Yorkton_679490_5580327319_5679285_0_feat1_min-annot5.tif
[2023-04-26 10:24:35,625][tiling_segmentation][INFO] - Burned ground truth patch exists: C:\Users\abfernan\CrossCanFloodMapping\DatasetCNNFlood\C1Dataset\Percentage_1\trn\SK_Yorkton\labels_burned\SK_Yorkton_679490_5580327319_5679695_0_feat1_min-annot5.tif
[2023-04-26 10:24:35,753][tiling_segmentation][INFO] - Burned ground truth patch exists: C:\Users\abfernan\CrossCanFloodMapping\DatasetCNNFlood\C1Dataset\Percentage_1\trn\SK_Yorkton\labels_burned\SK_Yorkton_679490_5580327319_5680105_0_feat1_min-annot5.tif
[2023-04-26 10:24:35,869][tiling_segmentation][INFO] - Burned ground truth patch exists: C:\Users\abfernan\CrossCanFloodMapping\DatasetCNNFlood\C1Dataset\Percentage_1\trn\SK_Yorkton\labels_burned\SK_Yorkton_679490_5580327319_5680515_0_feat1_min-annot5.tif
[2023-04-26 10:24:36,479][tiling_segmentation][INFO] - Burned ground truth patch exists: C:\Users\abfernan\CrossCanFloodMapping\DatasetCNNFlood\C1Dataset\Percentage_1\trn\SK_Yorkton\labels_burned\SK_Yorkton_679900_5580327319_5675185_0_feat1_min-annot5.tif
[2023-04-26 10:24:36,797][tiling_segmentation][INFO] - Burned ground truth patch exists: C:\Users\abfernan\CrossCanFloodMapping\DatasetCNNFlood\C1Dataset\Percentage_1\trn\SK_Yorkton\labels_burned\SK_Yorkton_679900_5580327319_5675595_0_feat1_min-annot5.tif
[2023-04-26 10:24:37,122][tiling_segmentation][INFO] - Burned ground truth patch exists: C:\Users\abfernan\CrossCanFloodMapping\DatasetCNNFlood\C1Dataset\Percentage_1\trn\SK_Yorkton\labels_burned\SK_Yorkton_679900_5580327319_5676005_0_feat1_min-annot5.tif
[2023-04-26 10:24:37,500][tiling_segmentation][INFO] - Burned ground truth patch exists: C:\Users\abfernan\CrossCanFloodMapping\DatasetCNNFlood\C1Dataset\Percentage_1\trn\SK_Yorkton\labels_burned\SK_Yorkton_679900_5580327319_5676415_0_feat1_min-annot5.tif
[2023-04-26 10:24:37,757][tiling_segmentation][INFO] - Burned ground truth patch exists: C:\Users\abfernan\CrossCanFloodMapping\DatasetCNNFlood\C1Dataset\Percentage_1\trn\SK_Yorkton\labels_burned\SK_Yorkton_679900_5580327319_5676825_0_feat1_min-annot5.tif
[2023-04-26 10:24:38,044][tiling_segmentation][INFO] - Burned ground truth patch exists: C:\Users\abfernan\CrossCanFloodMapping\DatasetCNNFlood\C1Dataset\Percentage_1\trn\SK_Yorkton\labels_burned\SK_Yorkton_679900_5580327319_5677235_0_feat1_min-annot5.tif
[2023-04-26 10:24:38,323][tiling_segmentation][INFO] - Burned ground truth patch exists: C:\Users\abfernan\CrossCanFloodMapping\DatasetCNNFlood\C1Dataset\Percentage_1\trn\SK_Yorkton\labels_burned\SK_Yorkton_679900_5580327319_5677645_0_feat1_min-annot5.tif
[2023-04-26 10:24:38,554][tiling_segmentation][INFO] - Burned ground truth patch exists: C:\Users\abfernan\CrossCanFloodMapping\DatasetCNNFlood\C1Dataset\Percentage_1\trn\SK_Yorkton\labels_burned\SK_Yorkton_679900_5580327319_5678055_0_feat1_min-annot5.tif
[2023-04-26 10:24:38,762][tiling_segmentation][INFO] - Burned ground truth patch exists: C:\Users\abfernan\CrossCanFloodMapping\DatasetCNNFlood\C1Dataset\Percentage_1\trn\SK_Yorkton\labels_burned\SK_Yorkton_679900_5580327319_5678465_0_feat1_min-annot5.tif
[2023-04-26 10:24:38,893][tiling_segmentation][INFO] - Burned ground truth patch exists: C:\Users\abfernan\CrossCanFloodMapping\DatasetCNNFlood\C1Dataset\Percentage_1\trn\SK_Yorkton\labels_burned\SK_Yorkton_679900_5580327319_5678875_0_feat1_min-annot5.tif
[2023-04-26 10:24:38,997][tiling_segmentation][INFO] - Burned ground truth patch exists: C:\Users\abfernan\CrossCanFloodMapping\DatasetCNNFlood\C1Dataset\Percentage_1\trn\SK_Yorkton\labels_burned\SK_Yorkton_679900_5580327319_5679285_0_feat1_min-annot5.tif
[2023-04-26 10:24:39,087][tiling_segmentation][INFO] - Burned ground truth patch exists: C:\Users\abfernan\CrossCanFloodMapping\DatasetCNNFlood\C1Dataset\Percentage_1\trn\SK_Yorkton\labels_burned\SK_Yorkton_679900_5580327319_5679695_0_feat1_min-annot5.tif
[2023-04-26 10:24:39,173][tiling_segmentation][INFO] - Burned ground truth patch exists: C:\Users\abfernan\CrossCanFloodMapping\DatasetCNNFlood\C1Dataset\Percentage_1\trn\SK_Yorkton\labels_burned\SK_Yorkton_679900_5580327319_5680105_0_feat1_min-annot5.tif
[2023-04-26 10:24:39,248][tiling_segmentation][INFO] - Burned ground truth patch exists: C:\Users\abfernan\CrossCanFloodMapping\DatasetCNNFlood\C1Dataset\Percentage_1\trn\SK_Yorkton\labels_burned\SK_Yorkton_679900_5580327319_5680515_0_feat1_min-annot5.tif
[2023-04-26 10:24:39,643][tiling_segmentation][INFO] - Burned ground truth patch exists: C:\Users\abfernan\CrossCanFloodMapping\DatasetCNNFlood\C1Dataset\Percentage_1\trn\SK_Yorkton\labels_burned\SK_Yorkton_680310_5580327319_5675185_0_feat1_min-annot5.tif
[2023-04-26 10:24:39,899][tiling_segmentation][INFO] - Burned ground truth patch exists: C:\Users\abfernan\CrossCanFloodMapping\DatasetCNNFlood\C1Dataset\Percentage_1\trn\SK_Yorkton\labels_burned\SK_Yorkton_680310_5580327319_5675595_0_feat1_min-annot5.tif
[2023-04-26 10:24:40,203][tiling_segmentation][INFO] - Burned ground truth patch exists: C:\Users\abfernan\CrossCanFloodMapping\DatasetCNNFlood\C1Dataset\Percentage_1\trn\SK_Yorkton\labels_burned\SK_Yorkton_680310_5580327319_5676005_0_feat1_min-annot5.tif
[2023-04-26 10:24:40,613][tiling_segmentation][INFO] - Burned ground truth patch exists: C:\Users\abfernan\CrossCanFloodMapping\DatasetCNNFlood\C1Dataset\Percentage_1\trn\SK_Yorkton\labels_burned\SK_Yorkton_680310_5580327319_5676415_0_feat1_min-annot5.tif
[2023-04-26 10:24:40,909][tiling_segmentation][INFO] - Burned ground truth patch exists: C:\Users\abfernan\CrossCanFloodMapping\DatasetCNNFlood\C1Dataset\Percentage_1\trn\SK_Yorkton\labels_burned\SK_Yorkton_680310_5580327319_5676825_0_feat1_min-annot5.tif
[2023-04-26 10:24:41,217][tiling_segmentation][INFO] - Burned ground truth patch exists: C:\Users\abfernan\CrossCanFloodMapping\DatasetCNNFlood\C1Dataset\Percentage_1\trn\SK_Yorkton\labels_burned\SK_Yorkton_680310_5580327319_5677235_0_feat1_min-annot5.tif
[2023-04-26 10:24:41,487][tiling_segmentation][INFO] - Burned ground truth patch exists: C:\Users\abfernan\CrossCanFloodMapping\DatasetCNNFlood\C1Dataset\Percentage_1\trn\SK_Yorkton\labels_burned\SK_Yorkton_680310_5580327319_5677645_0_feat1_min-annot5.tif
[2023-04-26 10:24:41,712][tiling_segmentation][INFO] - Burned ground truth patch exists: C:\Users\abfernan\CrossCanFloodMapping\DatasetCNNFlood\C1Dataset\Percentage_1\trn\SK_Yorkton\labels_burned\SK_Yorkton_680310_5580327319_5678055_0_feat1_min-annot5.tif
[2023-04-26 10:24:41,896][tiling_segmentation][INFO] - Burned ground truth patch exists: C:\Users\abfernan\CrossCanFloodMapping\DatasetCNNFlood\C1Dataset\Percentage_1\trn\SK_Yorkton\labels_burned\SK_Yorkton_680310_5580327319_5678465_0_feat1_min-annot5.tif
[2023-04-26 10:24:42,000][tiling_segmentation][INFO] - Burned ground truth patch exists: C:\Users\abfernan\CrossCanFloodMapping\DatasetCNNFlood\C1Dataset\Percentage_1\trn\SK_Yorkton\labels_burned\SK_Yorkton_680310_5580327319_5678875_0_feat1_min-annot5.tif
[2023-04-26 10:24:42,082][tiling_segmentation][INFO] - Burned ground truth patch exists: C:\Users\abfernan\CrossCanFloodMapping\DatasetCNNFlood\C1Dataset\Percentage_1\trn\SK_Yorkton\labels_burned\SK_Yorkton_680310_5580327319_5679285_0_feat1_min-annot5.tif
[2023-04-26 10:24:42,170][tiling_segmentation][INFO] - Burned ground truth patch exists: C:\Users\abfernan\CrossCanFloodMapping\DatasetCNNFlood\C1Dataset\Percentage_1\trn\SK_Yorkton\labels_burned\SK_Yorkton_680310_5580327319_5679695_0_feat1_min-annot5.tif
[2023-04-26 10:24:42,252][tiling_segmentation][INFO] - Burned ground truth patch exists: C:\Users\abfernan\CrossCanFloodMapping\DatasetCNNFlood\C1Dataset\Percentage_1\trn\SK_Yorkton\labels_burned\SK_Yorkton_680310_5580327319_5680105_0_feat1_min-annot5.tif
[2023-04-26 10:24:42,317][tiling_segmentation][INFO] - Burned ground truth patch exists: C:\Users\abfernan\CrossCanFloodMapping\DatasetCNNFlood\C1Dataset\Percentage_1\trn\SK_Yorkton\labels_burned\SK_Yorkton_680310_5580327319_5680515_0_feat1_min-annot5.tif
[2023-04-26 10:24:42,679][tiling_segmentation][INFO] - Burned ground truth patch exists: C:\Users\abfernan\CrossCanFloodMapping\DatasetCNNFlood\C1Dataset\Percentage_1\trn\SK_Yorkton\labels_burned\SK_Yorkton_680720_5580327319_5675185_0_feat1_min-annot5.tif
[2023-04-26 10:24:42,929][tiling_segmentation][INFO] - Burned ground truth patch exists: C:\Users\abfernan\CrossCanFloodMapping\DatasetCNNFlood\C1Dataset\Percentage_1\trn\SK_Yorkton\labels_burned\SK_Yorkton_680720_5580327319_5675595_0_feat1_min-annot5.tif
[2023-04-26 10:24:43,230][tiling_segmentation][INFO] - Burned ground truth patch exists: C:\Users\abfernan\CrossCanFloodMapping\DatasetCNNFlood\C1Dataset\Percentage_1\trn\SK_Yorkton\labels_burned\SK_Yorkton_680720_5580327319_5676005_0_feat1_min-annot5.tif
[2023-04-26 10:24:43,623][tiling_segmentation][INFO] - Burned ground truth patch exists: C:\Users\abfernan\CrossCanFloodMapping\DatasetCNNFlood\C1Dataset\Percentage_1\trn\SK_Yorkton\labels_burned\SK_Yorkton_680720_5580327319_5676415_0_feat1_min-annot5.tif
[2023-04-26 10:24:43,948][tiling_segmentation][INFO] - Burned ground truth patch exists: C:\Users\abfernan\CrossCanFloodMapping\DatasetCNNFlood\C1Dataset\Percentage_1\trn\SK_Yorkton\labels_burned\SK_Yorkton_680720_5580327319_5676825_0_feat1_min-annot5.tif
[2023-04-26 10:24:44,272][tiling_segmentation][INFO] - Burned ground truth patch exists: C:\Users\abfernan\CrossCanFloodMapping\DatasetCNNFlood\C1Dataset\Percentage_1\trn\SK_Yorkton\labels_burned\SK_Yorkton_680720_5580327319_5677235_0_feat1_min-annot5.tif
[2023-04-26 10:24:44,552][tiling_segmentation][INFO] - Burned ground truth patch exists: C:\Users\abfernan\CrossCanFloodMapping\DatasetCNNFlood\C1Dataset\Percentage_1\trn\SK_Yorkton\labels_burned\SK_Yorkton_680720_5580327319_5677645_0_feat1_min-annot5.tif
[2023-04-26 10:24:44,754][tiling_segmentation][INFO] - Burned ground truth patch exists: C:\Users\abfernan\CrossCanFloodMapping\DatasetCNNFlood\C1Dataset\Percentage_1\trn\SK_Yorkton\labels_burned\SK_Yorkton_680720_5580327319_5678055_0_feat1_min-annot5.tif
[2023-04-26 10:24:44,920][tiling_segmentation][INFO] - Burned ground truth patch exists: C:\Users\abfernan\CrossCanFloodMapping\DatasetCNNFlood\C1Dataset\Percentage_1\trn\SK_Yorkton\labels_burned\SK_Yorkton_680720_5580327319_5678465_0_feat1_min-annot5.tif
[2023-04-26 10:24:45,001][tiling_segmentation][INFO] - Burned ground truth patch exists: C:\Users\abfernan\CrossCanFloodMapping\DatasetCNNFlood\C1Dataset\Percentage_1\trn\SK_Yorkton\labels_burned\SK_Yorkton_680720_5580327319_5678875_0_feat1_min-annot5.tif
[2023-04-26 10:24:45,061][tiling_segmentation][INFO] - Burned ground truth patch exists: C:\Users\abfernan\CrossCanFloodMapping\DatasetCNNFlood\C1Dataset\Percentage_1\trn\SK_Yorkton\labels_burned\SK_Yorkton_680720_5580327319_5679285_0_feat1_min-annot5.tif
[2023-04-26 10:24:45,124][tiling_segmentation][INFO] - Burned ground truth patch exists: C:\Users\abfernan\CrossCanFloodMapping\DatasetCNNFlood\C1Dataset\Percentage_1\trn\SK_Yorkton\labels_burned\SK_Yorkton_680720_5580327319_5679695_0_feat1_min-annot5.tif
[2023-04-26 10:24:45,186][tiling_segmentation][INFO] - Burned ground truth patch exists: C:\Users\abfernan\CrossCanFloodMapping\DatasetCNNFlood\C1Dataset\Percentage_1\trn\SK_Yorkton\labels_burned\SK_Yorkton_680720_5580327319_5680105_0_feat1_min-annot5.tif
[2023-04-26 10:24:45,531][tiling_segmentation][INFO] - Burned ground truth patch exists: C:\Users\abfernan\CrossCanFloodMapping\DatasetCNNFlood\C1Dataset\Percentage_1\trn\SK_Yorkton\labels_burned\SK_Yorkton_680760_0_5675185_0_feat1_min-annot5.tif
[2023-04-26 10:24:45,778][tiling_segmentation][INFO] - Burned ground truth patch exists: C:\Users\abfernan\CrossCanFloodMapping\DatasetCNNFlood\C1Dataset\Percentage_1\trn\SK_Yorkton\labels_burned\SK_Yorkton_680760_0_5675595_0_feat1_min-annot5.tif
[2023-04-26 10:24:46,076][tiling_segmentation][INFO] - Burned ground truth patch exists: C:\Users\abfernan\CrossCanFloodMapping\DatasetCNNFlood\C1Dataset\Percentage_1\trn\SK_Yorkton\labels_burned\SK_Yorkton_680760_0_5676005_0_feat1_min-annot5.tif
[2023-04-26 10:24:46,462][tiling_segmentation][INFO] - Burned ground truth patch exists: C:\Users\abfernan\CrossCanFloodMapping\DatasetCNNFlood\C1Dataset\Percentage_1\trn\SK_Yorkton\labels_burned\SK_Yorkton_680760_0_5676415_0_feat1_min-annot5.tif
[2023-04-26 10:24:46,777][tiling_segmentation][INFO] - Burned ground truth patch exists: C:\Users\abfernan\CrossCanFloodMapping\DatasetCNNFlood\C1Dataset\Percentage_1\trn\SK_Yorkton\labels_burned\SK_Yorkton_680760_0_5676825_0_feat1_min-annot5.tif
[2023-04-26 10:24:47,100][tiling_segmentation][INFO] - Burned ground truth patch exists: C:\Users\abfernan\CrossCanFloodMapping\DatasetCNNFlood\C1Dataset\Percentage_1\trn\SK_Yorkton\labels_burned\SK_Yorkton_680760_0_5677235_0_feat1_min-annot5.tif
[2023-04-26 10:24:47,375][tiling_segmentation][INFO] - Burned ground truth patch exists: C:\Users\abfernan\CrossCanFloodMapping\DatasetCNNFlood\C1Dataset\Percentage_1\trn\SK_Yorkton\labels_burned\SK_Yorkton_680760_0_5677645_0_feat1_min-annot5.tif
[2023-04-26 10:24:47,578][tiling_segmentation][INFO] - Burned ground truth patch exists: C:\Users\abfernan\CrossCanFloodMapping\DatasetCNNFlood\C1Dataset\Percentage_1\trn\SK_Yorkton\labels_burned\SK_Yorkton_680760_0_5678055_0_feat1_min-annot5.tif
[2023-04-26 10:24:47,743][tiling_segmentation][INFO] - Burned ground truth patch exists: C:\Users\abfernan\CrossCanFloodMapping\DatasetCNNFlood\C1Dataset\Percentage_1\trn\SK_Yorkton\labels_burned\SK_Yorkton_680760_0_5678465_0_feat1_min-annot5.tif
[2023-04-26 10:24:47,821][tiling_segmentation][INFO] - Burned ground truth patch exists: C:\Users\abfernan\CrossCanFloodMapping\DatasetCNNFlood\C1Dataset\Percentage_1\trn\SK_Yorkton\labels_burned\SK_Yorkton_680760_0_5678875_0_feat1_min-annot5.tif
[2023-04-26 10:24:48,497][tiling_segmentation][INFO] - Burned ground truth patch exists: C:\Users\abfernan\CrossCanFloodMapping\DatasetCNNFlood\C1Dataset\Percentage_1\trn\SK_Wolseley\labels_burned\SK_Wolseley_621031_1876312046_5587235_0_feat1_min-annot5.tif
[2023-04-26 10:24:48,922][tiling_segmentation][INFO] - Burned ground truth patch exists: C:\Users\abfernan\CrossCanFloodMapping\DatasetCNNFlood\C1Dataset\Percentage_1\trn\SK_Wolseley\labels_burned\SK_Wolseley_621031_1876312046_5587645_0_feat1_min-annot5.tif
[2023-04-26 10:24:49,410][tiling_segmentation][INFO] - Burned ground truth patch exists: C:\Users\abfernan\CrossCanFloodMapping\DatasetCNNFlood\C1Dataset\Percentage_1\trn\SK_Wolseley\labels_burned\SK_Wolseley_621031_1876312046_5588055_0_feat1_min-annot5.tif
[2023-04-26 10:24:49,800][tiling_segmentation][INFO] - Burned ground truth patch exists: C:\Users\abfernan\CrossCanFloodMapping\DatasetCNNFlood\C1Dataset\Percentage_1\trn\SK_Wolseley\labels_burned\SK_Wolseley_621031_1876312046_5588228_757387087_feat1_min-annot5.tif
[2023-04-26 10:24:50,186][tiling_segmentation][INFO] - Burned ground truth patch exists: C:\Users\abfernan\CrossCanFloodMapping\DatasetCNNFlood\C1Dataset\Percentage_1\trn\SK_Wolseley\labels_burned\SK_Wolseley_621441_1876312046_5587235_0_feat1_min-annot5.tif
[2023-04-26 10:24:50,646][tiling_segmentation][INFO] - Burned ground truth patch exists: C:\Users\abfernan\CrossCanFloodMapping\DatasetCNNFlood\C1Dataset\Percentage_1\trn\SK_Wolseley\labels_burned\SK_Wolseley_621441_1876312046_5587645_0_feat1_min-annot5.tif
[2023-04-26 10:24:51,135][tiling_segmentation][INFO] - Burned ground truth patch exists: C:\Users\abfernan\CrossCanFloodMapping\DatasetCNNFlood\C1Dataset\Percentage_1\trn\SK_Wolseley\labels_burned\SK_Wolseley_621441_1876312046_5588055_0_feat1_min-annot5.tif
[2023-04-26 10:24:51,525][tiling_segmentation][INFO] - Burned ground truth patch exists: C:\Users\abfernan\CrossCanFloodMapping\DatasetCNNFlood\C1Dataset\Percentage_1\trn\SK_Wolseley\labels_burned\SK_Wolseley_621441_1876312046_5588228_757387087_feat1_min-annot5.tif
[2023-04-26 10:24:51,911][tiling_segmentation][INFO] - Burned ground truth patch exists: C:\Users\abfernan\CrossCanFloodMapping\DatasetCNNFlood\C1Dataset\Percentage_1\trn\SK_Wolseley\labels_burned\SK_Wolseley_621851_1876312046_5587235_0_feat1_min-annot5.tif
[2023-04-26 10:24:52,333][tiling_segmentation][INFO] - Burned ground truth patch exists: C:\Users\abfernan\CrossCanFloodMapping\DatasetCNNFlood\C1Dataset\Percentage_1\trn\SK_Wolseley\labels_burned\SK_Wolseley_621851_1876312046_5587645_0_feat1_min-annot5.tif
[2023-04-26 10:24:52,685][tiling_segmentation][INFO] - Burned ground truth patch exists: C:\Users\abfernan\CrossCanFloodMapping\DatasetCNNFlood\C1Dataset\Percentage_1\trn\SK_Wolseley\labels_burned\SK_Wolseley_621851_1876312046_5588055_0_feat1_min-annot5.tif
[2023-04-26 10:24:53,098][tiling_segmentation][INFO] - Burned ground truth patch exists: C:\Users\abfernan\CrossCanFloodMapping\DatasetCNNFlood\C1Dataset\Percentage_1\trn\SK_Wolseley\labels_burned\SK_Wolseley_621851_1876312046_5588228_757387087_feat1_min-annot5.tif
[2023-04-26 10:24:53,477][tiling_segmentation][INFO] - Burned ground truth patch exists: C:\Users\abfernan\CrossCanFloodMapping\DatasetCNNFlood\C1Dataset\Percentage_1\trn\SK_Wolseley\labels_burned\SK_Wolseley_621899_6912485145_5587235_0_feat1_min-annot5.tif
[2023-04-26 10:24:53,891][tiling_segmentation][INFO] - Burned ground truth patch exists: C:\Users\abfernan\CrossCanFloodMapping\DatasetCNNFlood\C1Dataset\Percentage_1\trn\SK_Wolseley\labels_burned\SK_Wolseley_621899_6912485145_5587645_0_feat1_min-annot5.tif
[2023-04-26 10:24:54,237][tiling_segmentation][INFO] - Burned ground truth patch exists: C:\Users\abfernan\CrossCanFloodMapping\DatasetCNNFlood\C1Dataset\Percentage_1\trn\SK_Wolseley\labels_burned\SK_Wolseley_621899_6912485145_5588055_0_feat1_min-annot5.tif
[2023-04-26 10:24:54,566][tiling_segmentation][INFO] - Burned ground truth patch exists: C:\Users\abfernan\CrossCanFloodMapping\DatasetCNNFlood\C1Dataset\Percentage_1\trn\SK_Wolseley\labels_burned\SK_Wolseley_621899_6912485145_5588228_757387087_feat1_min-annot5.tif
[2023-04-26 10:24:54,741][tiling_segmentation][INFO] - Burned ground truth patch exists: C:\Users\abfernan\CrossCanFloodMapping\DatasetCNNFlood\C1Dataset\Percentage_1\trn\SK_Maple_Creek\labels_burned\SK_Maple_Creek_606740_0_5526050_149587299_feat1_min-annot5.tif
[2023-04-26 10:24:54,911][tiling_segmentation][INFO] - Burned ground truth patch exists: C:\Users\abfernan\CrossCanFloodMapping\DatasetCNNFlood\C1Dataset\Percentage_1\trn\SK_Maple_Creek\labels_burned\SK_Maple_Creek_606740_0_5526460_149587299_feat1_min-annot5.tif
[2023-04-26 10:24:55,115][tiling_segmentation][INFO] - Burned ground truth patch exists: C:\Users\abfernan\CrossCanFloodMapping\DatasetCNNFlood\C1Dataset\Percentage_1\trn\SK_Maple_Creek\labels_burned\SK_Maple_Creek_606740_0_5526870_149587299_feat1_min-annot5.tif
[2023-04-26 10:24:55,431][tiling_segmentation][INFO] - Burned ground truth patch exists: C:\Users\abfernan\CrossCanFloodMapping\DatasetCNNFlood\C1Dataset\Percentage_1\trn\SK_Maple_Creek\labels_burned\SK_Maple_Creek_606740_0_5527280_149587299_feat1_min-annot5.tif
[2023-04-26 10:24:55,876][tiling_segmentation][INFO] - Burned ground truth patch exists: C:\Users\abfernan\CrossCanFloodMapping\DatasetCNNFlood\C1Dataset\Percentage_1\trn\SK_Maple_Creek\labels_burned\SK_Maple_Creek_606740_0_5527690_149587299_feat1_min-annot5.tif
[2023-04-26 10:24:56,509][tiling_segmentation][INFO] - Burned ground truth patch exists: C:\Users\abfernan\CrossCanFloodMapping\DatasetCNNFlood\C1Dataset\Percentage_1\trn\SK_Maple_Creek\labels_burned\SK_Maple_Creek_606740_0_5528100_149587299_feat1_min-annot5.tif
[2023-04-26 10:24:57,387][tiling_segmentation][INFO] - Burned ground truth patch exists: C:\Users\abfernan\CrossCanFloodMapping\DatasetCNNFlood\C1Dataset\Percentage_1\trn\SK_Maple_Creek\labels_burned\SK_Maple_Creek_606740_0_5528510_149587299_feat1_min-annot5.tif
[2023-04-26 10:24:58,269][tiling_segmentation][INFO] - Burned ground truth patch exists: C:\Users\abfernan\CrossCanFloodMapping\DatasetCNNFlood\C1Dataset\Percentage_1\trn\SK_Maple_Creek\labels_burned\SK_Maple_Creek_606740_0_5528920_149587299_feat1_min-annot5.tif
[2023-04-26 10:24:59,175][tiling_segmentation][INFO] - Burned ground truth patch exists: C:\Users\abfernan\CrossCanFloodMapping\DatasetCNNFlood\C1Dataset\Percentage_1\trn\SK_Maple_Creek\labels_burned\SK_Maple_Creek_606740_0_5529330_149587299_feat1_min-annot5.tif
[2023-04-26 10:24:59,988][tiling_segmentation][INFO] - Burned ground truth patch exists: C:\Users\abfernan\CrossCanFloodMapping\DatasetCNNFlood\C1Dataset\Percentage_1\trn\SK_Maple_Creek\labels_burned\SK_Maple_Creek_606740_0_5529740_149587299_feat1_min-annot5.tif
[2023-04-26 10:25:00,630][tiling_segmentation][INFO] - Burned ground truth patch exists: C:\Users\abfernan\CrossCanFloodMapping\DatasetCNNFlood\C1Dataset\Percentage_1\trn\SK_Maple_Creek\labels_burned\SK_Maple_Creek_606740_0_5530150_149587299_feat1_min-annot5.tif
[2023-04-26 10:25:01,152][tiling_segmentation][INFO] - Burned ground truth patch exists: C:\Users\abfernan\CrossCanFloodMapping\DatasetCNNFlood\C1Dataset\Percentage_1\trn\SK_Maple_Creek\labels_burned\SK_Maple_Creek_606740_0_5530560_149587299_feat1_min-annot5.tif
[2023-04-26 10:25:01,547][tiling_segmentation][INFO] - Burned ground truth patch exists: C:\Users\abfernan\CrossCanFloodMapping\DatasetCNNFlood\C1Dataset\Percentage_1\trn\SK_Maple_Creek\labels_burned\SK_Maple_Creek_606740_0_5530970_149587299_feat1_min-annot5.tif
[2023-04-26 10:25:01,836][tiling_segmentation][INFO] - Burned ground truth patch exists: C:\Users\abfernan\CrossCanFloodMapping\DatasetCNNFlood\C1Dataset\Percentage_1\trn\SK_Maple_Creek\labels_burned\SK_Maple_Creek_606740_0_5531280_0_feat1_min-annot5.tif
[2023-04-26 10:25:02,145][tiling_segmentation][INFO] - Burned ground truth patch exists: C:\Users\abfernan\CrossCanFloodMapping\DatasetCNNFlood\C1Dataset\Percentage_1\trn\SK_Maple_Creek\labels_burned\SK_Maple_Creek_607150_0_5526050_149587299_feat1_min-annot5.tif
[2023-04-26 10:25:02,367][tiling_segmentation][INFO] - Burned ground truth patch exists: C:\Users\abfernan\CrossCanFloodMapping\DatasetCNNFlood\C1Dataset\Percentage_1\trn\SK_Maple_Creek\labels_burned\SK_Maple_Creek_607150_0_5526460_149587299_feat1_min-annot5.tif
[2023-04-26 10:25:02,609][tiling_segmentation][INFO] - Burned ground truth patch exists: C:\Users\abfernan\CrossCanFloodMapping\DatasetCNNFlood\C1Dataset\Percentage_1\trn\SK_Maple_Creek\labels_burned\SK_Maple_Creek_607150_0_5526870_149587299_feat1_min-annot5.tif
[2023-04-26 10:25:02,878][tiling_segmentation][INFO] - Burned ground truth patch exists: C:\Users\abfernan\CrossCanFloodMapping\DatasetCNNFlood\C1Dataset\Percentage_1\trn\SK_Maple_Creek\labels_burned\SK_Maple_Creek_607150_0_5527280_149587299_feat1_min-annot5.tif
[2023-04-26 10:25:03,321][tiling_segmentation][INFO] - Burned ground truth patch exists: C:\Users\abfernan\CrossCanFloodMapping\DatasetCNNFlood\C1Dataset\Percentage_1\trn\SK_Maple_Creek\labels_burned\SK_Maple_Creek_607150_0_5527690_149587299_feat1_min-annot5.tif
[2023-04-26 10:25:03,910][tiling_segmentation][INFO] - Burned ground truth patch exists: C:\Users\abfernan\CrossCanFloodMapping\DatasetCNNFlood\C1Dataset\Percentage_1\trn\SK_Maple_Creek\labels_burned\SK_Maple_Creek_607150_0_5528100_149587299_feat1_min-annot5.tif
[2023-04-26 10:25:04,680][tiling_segmentation][INFO] - Burned ground truth patch exists: C:\Users\abfernan\CrossCanFloodMapping\DatasetCNNFlood\C1Dataset\Percentage_1\trn\SK_Maple_Creek\labels_burned\SK_Maple_Creek_607150_0_5528510_149587299_feat1_min-annot5.tif
[2023-04-26 10:25:05,478][tiling_segmentation][INFO] - Burned ground truth patch exists: C:\Users\abfernan\CrossCanFloodMapping\DatasetCNNFlood\C1Dataset\Percentage_1\trn\SK_Maple_Creek\labels_burned\SK_Maple_Creek_607150_0_5528920_149587299_feat1_min-annot5.tif
[2023-04-26 10:25:06,416][tiling_segmentation][INFO] - Burned ground truth patch exists: C:\Users\abfernan\CrossCanFloodMapping\DatasetCNNFlood\C1Dataset\Percentage_1\trn\SK_Maple_Creek\labels_burned\SK_Maple_Creek_607150_0_5529330_149587299_feat1_min-annot5.tif
[2023-04-26 10:25:07,179][tiling_segmentation][INFO] - Burned ground truth patch exists: C:\Users\abfernan\CrossCanFloodMapping\DatasetCNNFlood\C1Dataset\Percentage_1\trn\SK_Maple_Creek\labels_burned\SK_Maple_Creek_607150_0_5529740_149587299_feat1_min-annot5.tif
[2023-04-26 10:25:07,913][tiling_segmentation][INFO] - Burned ground truth patch exists: C:\Users\abfernan\CrossCanFloodMapping\DatasetCNNFlood\C1Dataset\Percentage_1\trn\SK_Maple_Creek\labels_burned\SK_Maple_Creek_607150_0_5530150_149587299_feat1_min-annot5.tif
[2023-04-26 10:25:08,741][tiling_segmentation][INFO] - Burned ground truth patch exists: C:\Users\abfernan\CrossCanFloodMapping\DatasetCNNFlood\C1Dataset\Percentage_1\trn\SK_Maple_Creek\labels_burned\SK_Maple_Creek_607150_0_5530560_149587299_feat1_min-annot5.tif
[2023-04-26 10:25:09,340][tiling_segmentation][INFO] - Burned ground truth patch exists: C:\Users\abfernan\CrossCanFloodMapping\DatasetCNNFlood\C1Dataset\Percentage_1\trn\SK_Maple_Creek\labels_burned\SK_Maple_Creek_607150_0_5530970_149587299_feat1_min-annot5.tif
[2023-04-26 10:25:09,813][tiling_segmentation][INFO] - Burned ground truth patch exists: C:\Users\abfernan\CrossCanFloodMapping\DatasetCNNFlood\C1Dataset\Percentage_1\trn\SK_Maple_Creek\labels_burned\SK_Maple_Creek_607150_0_5531280_0_feat1_min-annot5.tif
[2023-04-26 10:25:10,159][tiling_segmentation][INFO] - Burned ground truth patch exists: C:\Users\abfernan\CrossCanFloodMapping\DatasetCNNFlood\C1Dataset\Percentage_1\trn\SK_Maple_Creek\labels_burned\SK_Maple_Creek_607560_0_5526050_149587299_feat1_min-annot5.tif
[2023-04-26 10:25:10,463][tiling_segmentation][INFO] - Burned ground truth patch exists: C:\Users\abfernan\CrossCanFloodMapping\DatasetCNNFlood\C1Dataset\Percentage_1\trn\SK_Maple_Creek\labels_burned\SK_Maple_Creek_607560_0_5526460_149587299_feat1_min-annot5.tif
[2023-04-26 10:25:10,778][tiling_segmentation][INFO] - Burned ground truth patch exists: C:\Users\abfernan\CrossCanFloodMapping\DatasetCNNFlood\C1Dataset\Percentage_1\trn\SK_Maple_Creek\labels_burned\SK_Maple_Creek_607560_0_5526870_149587299_feat1_min-annot5.tif
[2023-04-26 10:25:11,186][tiling_segmentation][INFO] - Burned ground truth patch exists: C:\Users\abfernan\CrossCanFloodMapping\DatasetCNNFlood\C1Dataset\Percentage_1\trn\SK_Maple_Creek\labels_burned\SK_Maple_Creek_607560_0_5527280_149587299_feat1_min-annot5.tif
[2023-04-26 10:25:11,566][tiling_segmentation][INFO] - Burned ground truth patch exists: C:\Users\abfernan\CrossCanFloodMapping\DatasetCNNFlood\C1Dataset\Percentage_1\trn\SK_Maple_Creek\labels_burned\SK_Maple_Creek_607560_0_5527690_149587299_feat1_min-annot5.tif
[2023-04-26 10:25:12,046][tiling_segmentation][INFO] - Burned ground truth patch exists: C:\Users\abfernan\CrossCanFloodMapping\DatasetCNNFlood\C1Dataset\Percentage_1\trn\SK_Maple_Creek\labels_burned\SK_Maple_Creek_607560_0_5528100_149587299_feat1_min-annot5.tif
[2023-04-26 10:25:12,589][tiling_segmentation][INFO] - Burned ground truth patch exists: C:\Users\abfernan\CrossCanFloodMapping\DatasetCNNFlood\C1Dataset\Percentage_1\trn\SK_Maple_Creek\labels_burned\SK_Maple_Creek_607560_0_5528510_149587299_feat1_min-annot5.tif
[2023-04-26 10:25:13,274][tiling_segmentation][INFO] - Burned ground truth patch exists: C:\Users\abfernan\CrossCanFloodMapping\DatasetCNNFlood\C1Dataset\Percentage_1\trn\SK_Maple_Creek\labels_burned\SK_Maple_Creek_607560_0_5528920_149587299_feat1_min-annot5.tif
[2023-04-26 10:25:13,955][tiling_segmentation][INFO] - Burned ground truth patch exists: C:\Users\abfernan\CrossCanFloodMapping\DatasetCNNFlood\C1Dataset\Percentage_1\trn\SK_Maple_Creek\labels_burned\SK_Maple_Creek_607560_0_5529330_149587299_feat1_min-annot5.tif
[2023-04-26 10:25:14,650][tiling_segmentation][INFO] - Burned ground truth patch exists: C:\Users\abfernan\CrossCanFloodMapping\DatasetCNNFlood\C1Dataset\Percentage_1\trn\SK_Maple_Creek\labels_burned\SK_Maple_Creek_607560_0_5529740_149587299_feat1_min-annot5.tif
[2023-04-26 10:25:15,397][tiling_segmentation][INFO] - Burned ground truth patch exists: C:\Users\abfernan\CrossCanFloodMapping\DatasetCNNFlood\C1Dataset\Percentage_1\trn\SK_Maple_Creek\labels_burned\SK_Maple_Creek_607560_0_5530150_149587299_feat1_min-annot5.tif
[2023-04-26 10:25:16,162][tiling_segmentation][INFO] - Burned ground truth patch exists: C:\Users\abfernan\CrossCanFloodMapping\DatasetCNNFlood\C1Dataset\Percentage_1\trn\SK_Maple_Creek\labels_burned\SK_Maple_Creek_607560_0_5530560_149587299_feat1_min-annot5.tif
[2023-04-26 10:25:16,816][tiling_segmentation][INFO] - Burned ground truth patch exists: C:\Users\abfernan\CrossCanFloodMapping\DatasetCNNFlood\C1Dataset\Percentage_1\trn\SK_Maple_Creek\labels_burned\SK_Maple_Creek_607560_0_5530970_149587299_feat1_min-annot5.tif
[2023-04-26 10:25:17,361][tiling_segmentation][INFO] - Burned ground truth patch exists: C:\Users\abfernan\CrossCanFloodMapping\DatasetCNNFlood\C1Dataset\Percentage_1\trn\SK_Maple_Creek\labels_burned\SK_Maple_Creek_607560_0_5531280_0_feat1_min-annot5.tif
[2023-04-26 10:25:17,791][tiling_segmentation][INFO] - Burned ground truth patch exists: C:\Users\abfernan\CrossCanFloodMapping\DatasetCNNFlood\C1Dataset\Percentage_1\trn\SK_Maple_Creek\labels_burned\SK_Maple_Creek_607970_0_5526050_149587299_feat1_min-annot5.tif
[2023-04-26 10:25:18,087][tiling_segmentation][INFO] - Burned ground truth patch exists: C:\Users\abfernan\CrossCanFloodMapping\DatasetCNNFlood\C1Dataset\Percentage_1\trn\SK_Maple_Creek\labels_burned\SK_Maple_Creek_607970_0_5526460_149587299_feat1_min-annot5.tif
[2023-04-26 10:25:18,359][tiling_segmentation][INFO] - Burned ground truth patch exists: C:\Users\abfernan\CrossCanFloodMapping\DatasetCNNFlood\C1Dataset\Percentage_1\trn\SK_Maple_Creek\labels_burned\SK_Maple_Creek_607970_0_5526870_149587299_feat1_min-annot5.tif
[2023-04-26 10:25:18,652][tiling_segmentation][INFO] - Burned ground truth patch exists: C:\Users\abfernan\CrossCanFloodMapping\DatasetCNNFlood\C1Dataset\Percentage_1\trn\SK_Maple_Creek\labels_burned\SK_Maple_Creek_607970_0_5527280_149587299_feat1_min-annot5.tif
[2023-04-26 10:25:18,920][tiling_segmentation][INFO] - Burned ground truth patch exists: C:\Users\abfernan\CrossCanFloodMapping\DatasetCNNFlood\C1Dataset\Percentage_1\trn\SK_Maple_Creek\labels_burned\SK_Maple_Creek_607970_0_5527690_149587299_feat1_min-annot5.tif
[2023-04-26 10:25:19,264][tiling_segmentation][INFO] - Burned ground truth patch exists: C:\Users\abfernan\CrossCanFloodMapping\DatasetCNNFlood\C1Dataset\Percentage_1\trn\SK_Maple_Creek\labels_burned\SK_Maple_Creek_607970_0_5528100_149587299_feat1_min-annot5.tif
[2023-04-26 10:25:19,672][tiling_segmentation][INFO] - Burned ground truth patch exists: C:\Users\abfernan\CrossCanFloodMapping\DatasetCNNFlood\C1Dataset\Percentage_1\trn\SK_Maple_Creek\labels_burned\SK_Maple_Creek_607970_0_5528510_149587299_feat1_min-annot5.tif
[2023-04-26 10:25:20,148][tiling_segmentation][INFO] - Burned ground truth patch exists: C:\Users\abfernan\CrossCanFloodMapping\DatasetCNNFlood\C1Dataset\Percentage_1\trn\SK_Maple_Creek\labels_burned\SK_Maple_Creek_607970_0_5528920_149587299_feat1_min-annot5.tif
[2023-04-26 10:25:20,695][tiling_segmentation][INFO] - Burned ground truth patch exists: C:\Users\abfernan\CrossCanFloodMapping\DatasetCNNFlood\C1Dataset\Percentage_1\trn\SK_Maple_Creek\labels_burned\SK_Maple_Creek_607970_0_5529330_149587299_feat1_min-annot5.tif
[2023-04-26 10:25:21,374][tiling_segmentation][INFO] - Burned ground truth patch exists: C:\Users\abfernan\CrossCanFloodMapping\DatasetCNNFlood\C1Dataset\Percentage_1\trn\SK_Maple_Creek\labels_burned\SK_Maple_Creek_607970_0_5529740_149587299_feat1_min-annot5.tif
[2023-04-26 10:25:22,001][tiling_segmentation][INFO] - Burned ground truth patch exists: C:\Users\abfernan\CrossCanFloodMapping\DatasetCNNFlood\C1Dataset\Percentage_1\trn\SK_Maple_Creek\labels_burned\SK_Maple_Creek_607970_0_5530150_149587299_feat1_min-annot5.tif
[2023-04-26 10:25:22,718][tiling_segmentation][INFO] - Burned ground truth patch exists: C:\Users\abfernan\CrossCanFloodMapping\DatasetCNNFlood\C1Dataset\Percentage_1\trn\SK_Maple_Creek\labels_burned\SK_Maple_Creek_607970_0_5530560_149587299_feat1_min-annot5.tif
[2023-04-26 10:25:23,371][tiling_segmentation][INFO] - Burned ground truth patch exists: C:\Users\abfernan\CrossCanFloodMapping\DatasetCNNFlood\C1Dataset\Percentage_1\trn\SK_Maple_Creek\labels_burned\SK_Maple_Creek_607970_0_5530970_149587299_feat1_min-annot5.tif
[2023-04-26 10:25:24,011][tiling_segmentation][INFO] - Burned ground truth patch exists: C:\Users\abfernan\CrossCanFloodMapping\DatasetCNNFlood\C1Dataset\Percentage_1\trn\SK_Maple_Creek\labels_burned\SK_Maple_Creek_607970_0_5531280_0_feat1_min-annot5.tif
[2023-04-26 10:25:24,288][tiling_segmentation][INFO] - Burned ground truth patch exists: C:\Users\abfernan\CrossCanFloodMapping\DatasetCNNFlood\C1Dataset\Percentage_1\trn\SK_Maple_Creek\labels_burned\SK_Maple_Creek_608380_0_5526050_149587299_feat1_min-annot5.tif
[2023-04-26 10:25:24,500][tiling_segmentation][INFO] - Burned ground truth patch exists: C:\Users\abfernan\CrossCanFloodMapping\DatasetCNNFlood\C1Dataset\Percentage_1\trn\SK_Maple_Creek\labels_burned\SK_Maple_Creek_608380_0_5526460_149587299_feat1_min-annot5.tif
[2023-04-26 10:25:26,206][tiling_segmentation][INFO] - Burned ground truth patch exists: C:\Users\abfernan\CrossCanFloodMapping\DatasetCNNFlood\C1Dataset\Percentage_1\trn\SK_Maple_Creek\labels_burned\SK_Maple_Creek_608380_0_5528510_149587299_feat1_min-annot5.tif
[2023-04-26 10:25:26,642][tiling_segmentation][INFO] - Burned ground truth patch exists: C:\Users\abfernan\CrossCanFloodMapping\DatasetCNNFlood\C1Dataset\Percentage_1\trn\SK_Maple_Creek\labels_burned\SK_Maple_Creek_608380_0_5528920_149587299_feat1_min-annot5.tif
[2023-04-26 10:25:27,177][tiling_segmentation][INFO] - Burned ground truth patch exists: C:\Users\abfernan\CrossCanFloodMapping\DatasetCNNFlood\C1Dataset\Percentage_1\trn\SK_Maple_Creek\labels_burned\SK_Maple_Creek_608380_0_5529330_149587299_feat1_min-annot5.tif
[2023-04-26 10:25:27,832][tiling_segmentation][INFO] - Burned ground truth patch exists: C:\Users\abfernan\CrossCanFloodMapping\DatasetCNNFlood\C1Dataset\Percentage_1\trn\SK_Maple_Creek\labels_burned\SK_Maple_Creek_608380_0_5529740_149587299_feat1_min-annot5.tif
[2023-04-26 10:25:28,540][tiling_segmentation][INFO] - Burned ground truth patch exists: C:\Users\abfernan\CrossCanFloodMapping\DatasetCNNFlood\C1Dataset\Percentage_1\trn\SK_Maple_Creek\labels_burned\SK_Maple_Creek_608380_0_5530150_149587299_feat1_min-annot5.tif
[2023-04-26 10:25:29,282][tiling_segmentation][INFO] - Burned ground truth patch exists: C:\Users\abfernan\CrossCanFloodMapping\DatasetCNNFlood\C1Dataset\Percentage_1\trn\SK_Maple_Creek\labels_burned\SK_Maple_Creek_608380_0_5530560_149587299_feat1_min-annot5.tif
[2023-04-26 10:25:29,946][tiling_segmentation][INFO] - Burned ground truth patch exists: C:\Users\abfernan\CrossCanFloodMapping\DatasetCNNFlood\C1Dataset\Percentage_1\trn\SK_Maple_Creek\labels_burned\SK_Maple_Creek_608380_0_5530970_149587299_feat1_min-annot5.tif
[2023-04-26 10:25:30,577][tiling_segmentation][INFO] - Burned ground truth patch exists: C:\Users\abfernan\CrossCanFloodMapping\DatasetCNNFlood\C1Dataset\Percentage_1\trn\SK_Maple_Creek\labels_burned\SK_Maple_Creek_608380_0_5531280_0_feat1_min-annot5.tif
[2023-04-26 10:25:30,807][tiling_segmentation][INFO] - Burned ground truth patch exists: C:\Users\abfernan\CrossCanFloodMapping\DatasetCNNFlood\C1Dataset\Percentage_1\trn\SK_Maple_Creek\labels_burned\SK_Maple_Creek_608790_0_5526050_149587299_feat1_min-annot5.tif
[2023-04-26 10:25:32,721][tiling_segmentation][INFO] - Burned ground truth patch exists: C:\Users\abfernan\CrossCanFloodMapping\DatasetCNNFlood\C1Dataset\Percentage_1\trn\SK_Maple_Creek\labels_burned\SK_Maple_Creek_608790_0_5528510_149587299_feat1_min-annot5.tif
[2023-04-26 10:25:33,108][tiling_segmentation][INFO] - Burned ground truth patch exists: C:\Users\abfernan\CrossCanFloodMapping\DatasetCNNFlood\C1Dataset\Percentage_1\trn\SK_Maple_Creek\labels_burned\SK_Maple_Creek_608790_0_5528920_149587299_feat1_min-annot5.tif
[2023-04-26 10:25:33,539][tiling_segmentation][INFO] - Burned ground truth patch exists: C:\Users\abfernan\CrossCanFloodMapping\DatasetCNNFlood\C1Dataset\Percentage_1\trn\SK_Maple_Creek\labels_burned\SK_Maple_Creek_608790_0_5529330_149587299_feat1_min-annot5.tif
[2023-04-26 10:25:34,082][tiling_segmentation][INFO] - Burned ground truth patch exists: C:\Users\abfernan\CrossCanFloodMapping\DatasetCNNFlood\C1Dataset\Percentage_1\trn\SK_Maple_Creek\labels_burned\SK_Maple_Creek_608790_0_5529740_149587299_feat1_min-annot5.tif
[2023-04-26 10:25:34,578][tiling_segmentation][INFO] - Burned ground truth patch exists: C:\Users\abfernan\CrossCanFloodMapping\DatasetCNNFlood\C1Dataset\Percentage_1\trn\SK_Maple_Creek\labels_burned\SK_Maple_Creek_608790_0_5530150_149587299_feat1_min-annot5.tif
[2023-04-26 10:25:35,115][tiling_segmentation][INFO] - Burned ground truth patch exists: C:\Users\abfernan\CrossCanFloodMapping\DatasetCNNFlood\C1Dataset\Percentage_1\trn\SK_Maple_Creek\labels_burned\SK_Maple_Creek_608790_0_5530560_149587299_feat1_min-annot5.tif
[2023-04-26 10:25:35,617][tiling_segmentation][INFO] - Burned ground truth patch exists: C:\Users\abfernan\CrossCanFloodMapping\DatasetCNNFlood\C1Dataset\Percentage_1\trn\SK_Maple_Creek\labels_burned\SK_Maple_Creek_608790_0_5530970_149587299_feat1_min-annot5.tif
[2023-04-26 10:25:36,102][tiling_segmentation][INFO] - Burned ground truth patch exists: C:\Users\abfernan\CrossCanFloodMapping\DatasetCNNFlood\C1Dataset\Percentage_1\trn\SK_Maple_Creek\labels_burned\SK_Maple_Creek_608790_0_5531280_0_feat1_min-annot5.tif
[2023-04-26 10:25:36,297][tiling_segmentation][INFO] - Burned ground truth patch exists: C:\Users\abfernan\CrossCanFloodMapping\DatasetCNNFlood\C1Dataset\Percentage_1\trn\SK_Maple_Creek\labels_burned\SK_Maple_Creek_609020_8180349746_5526050_149587299_feat1_min-annot5.tif
[2023-04-26 10:25:38,112][tiling_segmentation][INFO] - Burned ground truth patch exists: C:\Users\abfernan\CrossCanFloodMapping\DatasetCNNFlood\C1Dataset\Percentage_1\trn\SK_Maple_Creek\labels_burned\SK_Maple_Creek_609020_8180349746_5528510_149587299_feat1_min-annot5.tif
[2023-04-26 10:25:38,468][tiling_segmentation][INFO] - Burned ground truth patch exists: C:\Users\abfernan\CrossCanFloodMapping\DatasetCNNFlood\C1Dataset\Percentage_1\trn\SK_Maple_Creek\labels_burned\SK_Maple_Creek_609020_8180349746_5528920_149587299_feat1_min-annot5.tif
[2023-04-26 10:25:38,817][tiling_segmentation][INFO] - Burned ground truth patch exists: C:\Users\abfernan\CrossCanFloodMapping\DatasetCNNFlood\C1Dataset\Percentage_1\trn\SK_Maple_Creek\labels_burned\SK_Maple_Creek_609020_8180349746_5529330_149587299_feat1_min-annot5.tif
[2023-04-26 10:25:39,250][tiling_segmentation][INFO] - Burned ground truth patch exists: C:\Users\abfernan\CrossCanFloodMapping\DatasetCNNFlood\C1Dataset\Percentage_1\trn\SK_Maple_Creek\labels_burned\SK_Maple_Creek_609020_8180349746_5529740_149587299_feat1_min-annot5.tif
[2023-04-26 10:25:39,616][tiling_segmentation][INFO] - Burned ground truth patch exists: C:\Users\abfernan\CrossCanFloodMapping\DatasetCNNFlood\C1Dataset\Percentage_1\trn\SK_Maple_Creek\labels_burned\SK_Maple_Creek_609020_8180349746_5530150_149587299_feat1_min-annot5.tif
[2023-04-26 10:25:39,974][tiling_segmentation][INFO] - Burned ground truth patch exists: C:\Users\abfernan\CrossCanFloodMapping\DatasetCNNFlood\C1Dataset\Percentage_1\trn\SK_Maple_Creek\labels_burned\SK_Maple_Creek_609020_8180349746_5530560_149587299_feat1_min-annot5.tif
[2023-04-26 10:25:40,324][tiling_segmentation][INFO] - Burned ground truth patch exists: C:\Users\abfernan\CrossCanFloodMapping\DatasetCNNFlood\C1Dataset\Percentage_1\trn\SK_Maple_Creek\labels_burned\SK_Maple_Creek_609020_8180349746_5530970_149587299_feat1_min-annot5.tif
[2023-04-26 10:25:40,613][tiling_segmentation][INFO] - Burned ground truth patch exists: C:\Users\abfernan\CrossCanFloodMapping\DatasetCNNFlood\C1Dataset\Percentage_1\trn\SK_Maple_Creek\labels_burned\SK_Maple_Creek_609020_8180349746_5531280_0_feat1_min-annot5.tif
[2023-04-26 10:25:40,862][tiling_segmentation][INFO] - 
Expected val ratio: 0 %
Actual val ratio: 0.00 %
[2023-04-26 10:25:40,862][tiling_segmentation][INFO] - 
Dataset: trn
	Filters:
	 - Minimumum non-zero values (aka minimum annotated percentage): 5%
	Kept: 398
	Discarded: 170
[2023-04-26 10:25:40,862][tiling_segmentation][INFO] - 
Dataset: val
	Total patches: 0
[2023-04-26 10:25:40,863][tiling_segmentation][INFO] - 
End of process. See tiled dataset lists:
[2023-04-26 10:25:40,863][tiling_segmentation][INFO] - trn: C:\Users\abfernan\CrossCanFloodMapping\DatasetCNNFlood\C1Dataset\Percentage_1\Percentage_1_feat1_min-annot5_trn.csv
[2023-04-26 10:25:40,863][tiling_segmentation][INFO] - val: C:\Users\abfernan\CrossCanFloodMapping\DatasetCNNFlood\C1Dataset\Percentage_1\Percentage_1_feat1_min-annot5_val.csv
[2023-04-26 10:25:42,017][root][INFO] - 
-----------------
End of tiling !!!
Elapsed time: 363.58s
-----------------

