[2023-04-06 13:02:54,534][root][INFO] - 
Overwritten parameters in the config: 
mode=tiling
[2023-04-06 13:02:54,535][root][INFO] - 
---------------------------------------
Let's start tiling for segmentation !!!
---------------------------------------
[2023-04-06 13:02:56,043][root][ERROR] - The key download_data as a None value.
[2023-04-06 13:02:56,043][root][ERROR] - The key multiprocessing as a None value.
[2023-04-06 13:02:56,051][root][ERROR] - The key write_dest_raster as a None value.
[2023-04-06 13:02:56,051][root][ERROR] - The key clahe_clip_limit as a None value.
[2023-04-06 13:02:56,167][tiling_segmentation][WARNING] - Data path exists: C:\Users\abfernan\CrossCanFloodMapping\RawData\TestTiling\template_project. Make sure patches belong to the same experiment.
[2023-04-06 13:02:56,178][dataset.aoi][INFO] - 
	Successfully read csv file: rawImg.csv
	Number of rows: 2
	Copying first row:
{'tif': 'C:\\Users\\abfernan\\CrossCanFloodMapping\\RawData\\TestTiling\\ON_VilleGatineau.tif', 'gpkg': 'C:\\Users\\abfernan\\CrossCanFloodMapping\\RawData\\TestTiling\\ON_VilleGatineau.gpkg', 'split': 'trn', 'aoi_id': 'test'}

[2023-04-06 13:02:56,447][dataset.aoi][WARNING] - 
No features found for ground truth "C:\Users\abfernan\CrossCanFloodMapping\RawData\TestTiling\bc_bulton.gpkg",
filtered by attribute field "percentage"
with values "[1]"
