[2023-05-06 09:37:05,098][root][INFO] - 
Overwritten parameters in the config: 
mode=tiling
[2023-05-06 09:37:05,098][root][INFO] - 
---------------------------------------
Let's start tiling for segmentation !!!
---------------------------------------
[2023-05-06 09:37:07,473][root][ERROR] - The key download_data as a None value.
[2023-05-06 09:37:07,474][root][ERROR] - The key multiprocessing as a None value.
[2023-05-06 09:37:07,475][root][ERROR] - The key write_dest_raster as a None value.
[2023-05-06 09:37:07,475][root][ERROR] - The key clahe_clip_limit as a None value.
[2023-05-06 09:37:07,947][dataset.aoi][INFO] - 
	Successfully read csv file: Class1TestSet.csv
	Number of rows: 6
	Copying first row:
{'tif': 'C:\\Users\\abfernan\\CrossCanFloodMapping\\DatasetCNNFlood\\RawData\\Class1\\NF_Shearstown.tif', 'gpkg': 'C:\\Users\\abfernan\\CrossCanFloodMapping\\DatasetCNNFlood\\RawData\\Class1\\NF_Shearstown_C1.gpkg', 'split': 'trn'}

[2023-05-06 09:37:09,627][tiling_segmentation][INFO] - Patches will be written to C:\Users\abfernan\CrossCanFloodMapping\DatasetCNNFlood\C1Dataset\Percentage_1\Percentage_1_testSet


[2023-05-06 09:37:09,627][tiling_segmentation][INFO] - Preparing patches 
	Samples_size: 384 
[2023-05-06 09:37:10,501][tiling_segmentation][INFO] - Cropping raster patches...
[2023-05-06 09:37:11,328][tiling_segmentation][INFO] - Cropping raster patches...
[2023-05-06 09:37:11,990][tiling_segmentation][INFO] - Cropping raster patches...
[2023-05-06 09:37:12,750][tiling_segmentation][INFO] - Cropping raster patches...
[2023-05-06 09:37:13,270][tiling_segmentation][INFO] - Cropping raster patches...
[2023-05-06 09:37:25,523][tiling_segmentation][INFO] - Cropping raster patches...
[2023-05-06 09:37:25,900][tiling_segmentation][INFO] - Tiling done. Creating pixel masks from clipped geojsons...
[2023-05-06 09:37:46,055][tiling_segmentation][INFO] - 
Expected val ratio: 0 %
Actual val ratio: 0.00 %
[2023-05-06 09:37:46,055][tiling_segmentation][INFO] - 
Dataset: trn
	Filters:
	 - Minimumum non-zero values (aka minimum annotated percentage): 1%
	Kept: 93
	Discarded: 51
[2023-05-06 09:37:46,056][tiling_segmentation][INFO] - 
Dataset: val
	Total patches: 0
[2023-05-06 09:37:46,056][tiling_segmentation][INFO] - 
End of process. See tiled dataset lists:
[2023-05-06 09:37:46,057][tiling_segmentation][INFO] - trn: C:\Users\abfernan\CrossCanFloodMapping\DatasetCNNFlood\C1Dataset\Percentage_1\Percentage_1_testSet\Percentage_1_testSet_feat1_min-annot1_trn.csv
[2023-05-06 09:37:46,057][tiling_segmentation][INFO] - val: C:\Users\abfernan\CrossCanFloodMapping\DatasetCNNFlood\C1Dataset\Percentage_1\Percentage_1_testSet\Percentage_1_testSet_feat1_min-annot1_val.csv
[2023-05-06 09:37:46,577][root][INFO] - 
-----------------
End of tiling !!!
Elapsed time: 41.48s
-----------------

