[2023-04-25 11:07:14,135][root][INFO] - 
Overwritten parameters in the config: 
mode=tiling
[2023-04-25 11:07:14,136][root][INFO] - 
---------------------------------------
Let's start tiling for segmentation !!!
---------------------------------------
[2023-04-25 11:07:18,100][root][ERROR] - The key download_data as a None value.
[2023-04-25 11:07:18,102][root][ERROR] - The key multiprocessing as a None value.
[2023-04-25 11:07:18,102][root][ERROR] - The key write_dest_raster as a None value.
[2023-04-25 11:07:18,103][root][ERROR] - The key clahe_clip_limit as a None value.
[2023-04-25 11:07:18,369][tiling_segmentation][WARNING] - Data path exists: C:\Users\abfernan\CrossCanFloodMapping\DatasetCNNFlood\C1Dataset\Percentage_1. Make sure patches belong to the same experiment.
[2023-04-25 11:07:18,380][dataset.aoi][INFO] - 
	Successfully read csv file: Class1RawData.csv
	Number of rows: 14
	Copying first row:
{'tif': 'C:\\Users\\abfernan\\CrossCanFloodMapping\\DatasetCNNFlood\\RawData\\Class1\\QC_Gaspe1Et2.tif', 'gpkg': 'C:\\Users\\abfernan\\CrossCanFloodMapping\\DatasetCNNFlood\\RawData\\Class1\\QC_Gaspe1Et2_C1.gpkg', 'split': 'trn'}

[2023-04-25 11:07:23,255][root][WARNING] - Cannot parse epsg code from raster's crs 'C:/Users/abfernan/CrossCanFloodMapping/DatasetCNNFlood/RawData/Class1/SK_Moose_Jaw.tif'
[2023-04-25 11:07:26,785][root][WARNING] - Cannot parse epsg code from raster's crs 'C:/Users/abfernan/CrossCanFloodMapping/DatasetCNNFlood/RawData/Class1/SK_Regina.tif'
[2023-04-25 11:07:27,444][root][WARNING] - Cannot parse epsg code from raster's crs 'C:/Users/abfernan/CrossCanFloodMapping/DatasetCNNFlood/RawData/Class1/SK_Tisdale.tif'
[2023-04-25 11:07:27,990][root][WARNING] - Cannot parse epsg code from raster's crs 'C:/Users/abfernan/CrossCanFloodMapping/DatasetCNNFlood/RawData/Class1/SK_Watson.tif'
[2023-04-25 11:07:31,378][root][WARNING] - Cannot parse epsg code from raster's crs 'C:/Users/abfernan/CrossCanFloodMapping/DatasetCNNFlood/RawData/Class1/SK_Weyburn.tif'
[2023-04-25 11:07:31,503][fiona._env][ERROR] - C:\Users\abfernan\CrossCanFloodMapping\DatasetCNNFlood\RawData\Class1\SK_Wolseley_C1.gpkg: No such file or directory
[2023-04-25 11:07:31,504][root][WARNING] - GeoDataFrame couldn't be loaded: either C:\Users\abfernan\CrossCanFloodMapping\DatasetCNNFlood\RawData\Class1\SK_Wolseley_C1.gpkg isn't a valid path or it isn't a valid vector file. Returning an empty GeoDataFrame.
[2023-04-25 11:07:31,507][fiona._env][ERROR] - C:\Users\abfernan\CrossCanFloodMapping\DatasetCNNFlood\RawData\Class1\SK_Wolseley_C1.gpkg: No such file or directory
[2023-04-25 11:07:31,509][root][WARNING] - GeoDataFrame couldn't be loaded: either C:\Users\abfernan\CrossCanFloodMapping\DatasetCNNFlood\RawData\Class1\SK_Wolseley_C1.gpkg isn't a valid path or it isn't a valid vector file. Returning an empty GeoDataFrame.
