[2023-04-06 13:09:39,488][root][INFO] - 
Overwritten parameters in the config: 
mode=tiling
[2023-04-06 13:09:39,489][root][INFO] - 
---------------------------------------
Let's start tiling for segmentation !!!
---------------------------------------
[2023-04-06 13:09:40,989][root][ERROR] - The key download_data as a None value.
[2023-04-06 13:09:40,989][root][ERROR] - The key multiprocessing as a None value.
[2023-04-06 13:09:40,997][root][ERROR] - The key write_dest_raster as a None value.
[2023-04-06 13:09:40,997][root][ERROR] - The key clahe_clip_limit as a None value.
[2023-04-06 13:09:41,168][dataset.aoi][INFO] - 
	Successfully read csv file: rawImg.csv
	Number of rows: 2
	Copying first row:
{'tif': 'C:\\Users\\abfernan\\CrossCanFloodMapping\\RawData\\TestTiling\\ON_VilleGatineau.tif', 'gpkg': 'C:\\Users\\abfernan\\CrossCanFloodMapping\\RawData\\TestTiling\\ON_VilleGatineau.gpkg', 'split': 'trn', 'aoi_id': 'test'}

[2023-04-06 13:09:41,451][dataset.aoi][WARNING] - 
No features found for ground truth "C:\Users\abfernan\CrossCanFloodMapping\RawData\TestTiling\bc_bulton.gpkg",
filtered by attribute field "percentage"
with values "[1]"
[2023-04-06 13:09:41,454][tiling_segmentation][INFO] - Patches will be written to C:\Users\abfernan\CrossCanFloodMapping\RawData\TestTiling\template_project


[2023-04-06 13:09:41,455][tiling_segmentation][INFO] - Preparing patches 
	Samples_size: 384 
[2023-04-06 13:09:48,007][tiling_segmentation][INFO] - Cropping raster patches...
