[2023-04-28 11:27:28,899][root][INFO] - 
Overwritten parameters in the config: 
mode=tiling
[2023-04-28 11:27:28,900][root][INFO] - 
---------------------------------------
Let's start tiling for segmentation !!!
---------------------------------------
[2023-04-28 11:27:32,769][root][ERROR] - The key download_data as a None value.
[2023-04-28 11:27:32,770][root][ERROR] - The key multiprocessing as a None value.
[2023-04-28 11:27:32,771][root][ERROR] - The key write_dest_raster as a None value.
[2023-04-28 11:27:32,771][root][ERROR] - The key clahe_clip_limit as a None value.
[2023-04-28 11:27:32,963][dataset.aoi][INFO] - 
	Successfully read csv file: Class1RawData.csv
	Number of rows: 28
	Copying first row:
{'tif': 'C:\\Users\\abfernan\\CrossCanFloodMapping\\DatasetCNNFlood\\RawData\\Class1\\CA_Lethbridge.tif', 'gpkg': 'C:\\Users\\abfernan\\CrossCanFloodMapping\\DatasetCNNFlood\\RawData\\Class1\\CA_Lethbridge_C1.gpkg', 'split': 'trn'}

[2023-04-28 11:28:00,941][tiling_segmentation][INFO] - Patches will be written to C:\Users\abfernan\CrossCanFloodMapping\DatasetCNNFlood\C1Dataset\Percentage_1


[2023-04-28 11:28:00,942][tiling_segmentation][INFO] - Preparing patches 
	Samples_size: 384 
[2023-04-28 11:28:02,798][tiling_segmentation][INFO] - Cropping raster patches...
[2023-04-28 11:28:23,659][tiling_segmentation][INFO] - Cropping raster patches...
[2023-04-28 11:28:25,493][tiling_segmentation][INFO] - Cropping raster patches...
[2023-04-28 11:28:26,811][tiling_segmentation][INFO] - Cropping raster patches...
[2023-04-28 11:28:36,883][tiling_segmentation][INFO] - Cropping raster patches...
[2023-04-28 11:30:20,259][tiling_segmentation][INFO] - Cropping raster patches...
[2023-04-28 11:33:40,650][tiling_segmentation][INFO] - Cropping raster patches...
[2023-04-28 11:34:33,276][tiling_segmentation][INFO] - Cropping raster patches...
[2023-04-28 11:34:40,974][tiling_segmentation][INFO] - Cropping raster patches...
[2023-04-28 11:34:47,993][tiling_segmentation][INFO] - Cropping raster patches...
[2023-04-28 11:35:16,175][tiling_segmentation][INFO] - Cropping raster patches...
[2023-04-28 11:35:56,921][tiling_segmentation][INFO] - Cropping raster patches...
[2023-04-28 11:36:00,069][tiling_segmentation][INFO] - Cropping raster patches...
[2023-04-28 11:36:02,672][tiling_segmentation][INFO] - Cropping raster patches...
[2023-04-28 11:36:04,271][tiling_segmentation][INFO] - Cropping raster patches...
[2023-04-28 11:36:05,251][tiling_segmentation][INFO] - Cropping raster patches...
[2023-04-28 11:36:05,765][tiling_segmentation][INFO] - Cropping raster patches...
[2023-04-28 11:36:06,358][tiling_segmentation][INFO] - Cropping raster patches...
[2023-04-28 11:36:09,938][tiling_segmentation][INFO] - Cropping raster patches...
[2023-04-28 11:36:19,727][tiling_segmentation][INFO] - Cropping raster patches...
[2023-04-28 11:36:25,766][tiling_segmentation][INFO] - Cropping raster patches...
[2023-04-28 11:37:04,921][tiling_segmentation][INFO] - Cropping raster patches...
[2023-04-28 11:39:09,422][tiling_segmentation][INFO] - Cropping raster patches...
[2023-04-28 11:39:12,594][tiling_segmentation][INFO] - Cropping raster patches...
[2023-04-28 11:39:14,062][tiling_segmentation][INFO] - Cropping raster patches...
[2023-04-28 11:39:45,304][tiling_segmentation][INFO] - Cropping raster patches...
[2023-04-28 11:39:46,970][tiling_segmentation][INFO] - Cropping raster patches...
[2023-04-28 11:40:06,176][tiling_segmentation][INFO] - Cropping raster patches...
[2023-04-28 11:40:06,598][tiling_segmentation][INFO] - Tiling done. Creating pixel masks from clipped geojsons...
[2023-04-28 11:48:35,872][tiling_segmentation][INFO] - 
Expected val ratio: 0 %
Actual val ratio: 0.00 %
[2023-04-28 11:48:35,873][tiling_segmentation][INFO] - 
Dataset: trn
	Filters:
	 - Minimumum non-zero values (aka minimum annotated percentage): 1%
	Kept: 1832
	Discarded: 2452
[2023-04-28 11:48:35,874][tiling_segmentation][INFO] - 
Dataset: tst
	Total patches: 499
[2023-04-28 11:48:35,875][tiling_segmentation][INFO] - 
Dataset: val
	Total patches: 0
[2023-04-28 11:48:35,875][tiling_segmentation][INFO] - 
End of process. See tiled dataset lists:
[2023-04-28 11:48:35,876][tiling_segmentation][INFO] - trn: C:\Users\abfernan\CrossCanFloodMapping\DatasetCNNFlood\C1Dataset\Percentage_1\Percentage_1_feat1_min-annot1_trn.csv
[2023-04-28 11:48:35,876][tiling_segmentation][INFO] - tst: C:\Users\abfernan\CrossCanFloodMapping\DatasetCNNFlood\C1Dataset\Percentage_1\Percentage_1_feat1_min-annot1_tst.csv
[2023-04-28 11:48:35,877][tiling_segmentation][INFO] - val: C:\Users\abfernan\CrossCanFloodMapping\DatasetCNNFlood\C1Dataset\Percentage_1\Percentage_1_feat1_min-annot1_val.csv
[2023-04-28 11:48:36,430][root][INFO] - 
-----------------
End of tiling !!!
Elapsed time: 1267.53s
-----------------

