[2023-04-27 17:46:19,127][root][INFO] - 
Overwritten parameters in the config: 
mode=tiling
[2023-04-27 17:46:19,128][root][INFO] - 
---------------------------------------
Let's start tiling for segmentation !!!
---------------------------------------
[2023-04-27 17:46:22,555][root][ERROR] - The key download_data as a None value.
[2023-04-27 17:46:22,558][root][ERROR] - The key multiprocessing as a None value.
[2023-04-27 17:46:22,558][root][ERROR] - The key write_dest_raster as a None value.
[2023-04-27 17:46:22,559][root][ERROR] - The key clahe_clip_limit as a None value.
[2023-04-27 17:46:22,693][dataset.aoi][INFO] - 
	Successfully read csv file: Class1RawData.csv
	Number of rows: 4
	Copying first row:
{'tif': 'C:\\Users\\abfernan\\CrossCanFloodMapping\\DatasetCNNFlood\\RawData\\Class1\\QC_Quebec.tif', 'gpkg': 'C:\\Users\\abfernan\\CrossCanFloodMapping\\DatasetCNNFlood\\RawData\\Class1\\QC_Quebec_C1.gpkg', 'split': 'trn'}

[2023-04-27 17:46:23,418][tiling_segmentation][INFO] - Patches will be written to C:\Users\abfernan\CrossCanFloodMapping\DatasetCNNFlood\C1Dataset\Percentage_1


[2023-04-27 17:46:23,419][tiling_segmentation][INFO] - Preparing patches 
	Samples_size: 384 
[2023-04-27 17:46:28,935][tiling_segmentation][INFO] - Cropping raster patches...
