[2023-04-27 16:18:11,197][root][INFO] - 
Overwritten parameters in the config: 
mode=tiling
[2023-04-27 16:18:11,198][root][INFO] - 
---------------------------------------
Let's start tiling for segmentation !!!
---------------------------------------
[2023-04-27 16:18:23,412][root][ERROR] - The key download_data as a None value.
[2023-04-27 16:18:23,413][root][ERROR] - The key multiprocessing as a None value.
[2023-04-27 16:18:23,414][root][ERROR] - The key write_dest_raster as a None value.
[2023-04-27 16:18:23,414][root][ERROR] - The key clahe_clip_limit as a None value.
[2023-04-27 16:18:23,572][dataset.aoi][INFO] - 
	Successfully read csv file: Class1RawData.csv
	Number of rows: 37
	Copying first row:
{'tif': 'C:\\Users\\abfernan\\CrossCanFloodMapping\\DatasetCNNFlood\\RawData\\Class1\\CA_Lethbridge.tif', 'gpkg': 'C:\\Users\\abfernan\\CrossCanFloodMapping\\DatasetCNNFlood\\RawData\\Class1\\CA_Lethbridge_C1.gpkg', 'split': 'trn'}

[2023-04-27 16:18:47,184][tiling_segmentation][INFO] - Patches will be written to C:\Users\abfernan\CrossCanFloodMapping\DatasetCNNFlood\C1Dataset\Percentage_1


[2023-04-27 16:18:47,185][tiling_segmentation][INFO] - Preparing patches 
	Samples_size: 384 
[2023-04-27 16:18:48,355][tiling_segmentation][INFO] - Cropping raster patches...
[2023-04-27 16:19:01,806][tiling_segmentation][INFO] - Cropping raster patches...
[2023-04-27 16:19:02,958][tiling_segmentation][INFO] - Cropping raster patches...
[2023-04-27 16:19:03,960][tiling_segmentation][INFO] - Cropping raster patches...
[2023-04-27 16:19:05,271][tiling_segmentation][INFO] - Cropping raster patches...
[2023-04-27 16:19:11,580][tiling_segmentation][INFO] - Cropping raster patches...
[2023-04-27 16:20:15,387][tiling_segmentation][INFO] - Cropping raster patches...
[2023-04-27 16:22:20,909][tiling_segmentation][INFO] - Cropping raster patches...
[2023-04-27 16:22:22,092][tiling_segmentation][INFO] - Cropping raster patches...
[2023-04-27 16:22:58,962][tiling_segmentation][INFO] - Cropping raster patches...
[2023-04-27 16:23:04,123][tiling_segmentation][INFO] - Cropping raster patches...
[2023-04-27 16:23:09,001][tiling_segmentation][INFO] - Cropping raster patches...
[2023-04-27 16:23:28,531][tiling_segmentation][INFO] - Cropping raster patches...
[2023-04-27 16:23:55,939][tiling_segmentation][INFO] - Cropping raster patches...
[2023-04-27 16:23:58,200][tiling_segmentation][INFO] - Cropping raster patches...
