[2023-04-28 10:49:21,148][root][INFO] - 
Overwritten parameters in the config: 
mode=tiling
[2023-04-28 10:49:21,149][root][INFO] - 
---------------------------------------
Let's start tiling for segmentation !!!
---------------------------------------
[2023-04-28 10:49:29,995][root][ERROR] - The key download_data as a None value.
[2023-04-28 10:49:29,996][root][ERROR] - The key multiprocessing as a None value.
[2023-04-28 10:49:29,996][root][ERROR] - The key write_dest_raster as a None value.
[2023-04-28 10:49:29,997][root][ERROR] - The key clahe_clip_limit as a None value.
[2023-04-28 10:49:30,267][dataset.aoi][INFO] - 
	Successfully read csv file: Class1RawData.csv
	Number of rows: 5
	Copying first row:
{'tif': 'C:\\Users\\abfernan\\CrossCanFloodMapping\\DatasetCNNFlood\\RawData\\Class1\\SK_FoamLake.tif', 'gpkg': 'C:\\Users\\abfernan\\CrossCanFloodMapping\\DatasetCNNFlood\\RawData\\Class1\\SK_FoamLake_C1.gpkg', 'split': 'trn'}

[2023-04-28 10:49:35,258][tiling_segmentation][INFO] - Patches will be written to C:\Users\abfernan\CrossCanFloodMapping\DatasetCNNFlood\C1Dataset\Percentage_1


[2023-04-28 10:49:35,259][tiling_segmentation][INFO] - Preparing patches 
	Samples_size: 384 
[2023-04-28 10:49:38,454][tiling_segmentation][INFO] - Cropping raster patches...
[2023-04-28 10:49:50,303][tiling_segmentation][INFO] - Cropping raster patches...
[2023-04-28 10:50:15,026][tiling_segmentation][INFO] - Cropping raster patches...
[2023-04-28 10:51:33,019][tiling_segmentation][INFO] - Cropping raster patches...
[2023-04-28 10:51:35,031][tiling_segmentation][INFO] - Cropping raster patches...
[2023-04-28 10:51:35,075][tiling_segmentation][INFO] - Tiling done. Creating pixel masks from clipped geojsons...
[2023-04-28 10:52:39,721][tiling_segmentation][INFO] - 
Expected val ratio: 0 %
Actual val ratio: 0.00 %
[2023-04-28 10:52:39,721][tiling_segmentation][INFO] - 
Dataset: trn
	Filters:
	 - Minimumum non-zero values (aka minimum annotated percentage): 1%
	Kept: 224
	Discarded: 257
[2023-04-28 10:52:39,722][tiling_segmentation][INFO] - 
Dataset: val
	Total patches: 0
[2023-04-28 10:52:39,722][tiling_segmentation][INFO] - 
End of process. See tiled dataset lists:
[2023-04-28 10:52:39,722][tiling_segmentation][INFO] - trn: C:\Users\abfernan\CrossCanFloodMapping\DatasetCNNFlood\C1Dataset\Percentage_1\Percentage_1_feat1_min-annot1_trn.csv
[2023-04-28 10:52:39,722][tiling_segmentation][INFO] - val: C:\Users\abfernan\CrossCanFloodMapping\DatasetCNNFlood\C1Dataset\Percentage_1\Percentage_1_feat1_min-annot1_val.csv
[2023-04-28 10:52:40,293][root][INFO] - 
-----------------
End of tiling !!!
Elapsed time: 199.14s
-----------------

