[2023-04-25 12:54:33,401][root][INFO] - 
Overwritten parameters in the config: 
mode=tiling
[2023-04-25 12:54:33,402][root][INFO] - 
---------------------------------------
Let's start tiling for segmentation !!!
---------------------------------------
[2023-04-25 12:54:44,852][root][ERROR] - The key download_data as a None value.
[2023-04-25 12:54:44,854][root][ERROR] - The key multiprocessing as a None value.
[2023-04-25 12:54:44,855][root][ERROR] - The key write_dest_raster as a None value.
[2023-04-25 12:54:44,855][root][ERROR] - The key clahe_clip_limit as a None value.
[2023-04-25 12:54:45,744][dataset.aoi][INFO] - 
	Successfully read csv file: Class1RawData.csv
	Number of rows: 7
	Copying first row:
{'tif': 'C:\\Users\\abfernan\\CrossCanFloodMapping\\DatasetCNNFlood\\RawData\\Class1\\QC_Plessisville.tif', 'gpkg': 'C:\\Users\\abfernan\\CrossCanFloodMapping\\DatasetCNNFlood\\RawData\\Class1\\QC_Plessisville_C1.gpkg', 'split': 'trn'}

[2023-04-25 12:54:48,515][tiling_segmentation][INFO] - Patches will be written to C:\Users\abfernan\CrossCanFloodMapping\DatasetCNNFlood\C1Dataset\Percentage_1


[2023-04-25 12:54:48,517][tiling_segmentation][INFO] - Preparing patches 
	Samples_size: 384 
[2023-04-25 12:54:48,816][tiling_segmentation][INFO] - Cropping raster patches...
[2023-04-25 12:55:43,426][tiling_segmentation][INFO] - Cropping raster patches...
