[2023-04-11 11:23:03,661][root][INFO] - 
Overwritten parameters in the config: 
mode=tiling
[2023-04-11 11:23:03,662][root][INFO] - 
---------------------------------------
Let's start tiling for segmentation !!!
---------------------------------------
[2023-04-11 11:23:23,663][root][ERROR] - The key download_data as a None value.
[2023-04-11 11:23:23,664][root][ERROR] - The key multiprocessing as a None value.
[2023-04-11 11:23:23,665][root][ERROR] - The key write_dest_raster as a None value.
[2023-04-11 11:23:23,666][root][ERROR] - The key clahe_clip_limit as a None value.
[2023-04-11 11:23:24,133][dataset.aoi][INFO] - 
	Successfully read csv file: rawImg.csv
	Number of rows: 2
	Copying first row:
{'tif': 'C:\\Users\\abfernan\\CrossCanFloodMapping\\RawData\\TestTiling\\ON_VilleGatineau.tif', 'gpkg': 'C:\\Users\\abfernan\\CrossCanFloodMapping\\RawData\\TestTiling\\ON_VilleGatineau.gpkg', 'split': 'trn', 'aoi_id': 'test'}

[2023-04-11 11:23:24,610][tiling_segmentation][INFO] - Patches will be written to C:\Users\abfernan\CrossCanFloodMapping\RawData\TestTiling\percentage_1


[2023-04-11 11:23:24,611][tiling_segmentation][INFO] - Preparing patches 
	Samples_size: 384 
[2023-04-11 11:23:31,110][tiling_segmentation][INFO] - Cropping raster patches...
[2023-04-11 11:23:45,119][tiling_segmentation][INFO] - Cropping raster patches...
[2023-04-11 11:23:45,784][tiling_segmentation][INFO] - Tiling done. Creating pixel masks from clipped geojsons...
[2023-04-11 11:24:37,885][tiling_segmentation][INFO] - 
Expected val ratio: 0 %
Actual val ratio: 0.00 %
[2023-04-11 11:24:37,886][tiling_segmentation][INFO] - 
Dataset: trn
	Filters:
	 - Minimumum non-zero values (aka minimum annotated percentage): 25%
	Kept: 158
	Discarded: 624
[2023-04-11 11:24:37,887][tiling_segmentation][INFO] - 
Dataset: val
	Total patches: 0
[2023-04-11 11:24:37,887][tiling_segmentation][INFO] - 
End of process. See tiled dataset lists:
[2023-04-11 11:24:37,887][tiling_segmentation][INFO] - trn: C:\Users\abfernan\CrossCanFloodMapping\RawData\TestTiling\percentage_1\percentage_1_feat1_min-annot25_trn.csv
[2023-04-11 11:24:37,887][tiling_segmentation][INFO] - val: C:\Users\abfernan\CrossCanFloodMapping\RawData\TestTiling\percentage_1\percentage_1_feat1_min-annot25_val.csv
[2023-04-11 11:24:38,239][root][INFO] - 
-----------------
End of tiling !!!
Elapsed time: 94.58s
-----------------

