[2023-04-25 10:39:04,321][root][INFO] - 
Overwritten parameters in the config: 
mode=tiling
[2023-04-25 10:39:04,323][root][INFO] - 
---------------------------------------
Let's start tiling for segmentation !!!
---------------------------------------
[2023-04-25 10:39:07,172][root][ERROR] - The key download_data as a None value.
[2023-04-25 10:39:07,174][root][ERROR] - The key multiprocessing as a None value.
[2023-04-25 10:39:07,174][root][ERROR] - The key write_dest_raster as a None value.
[2023-04-25 10:39:07,175][root][ERROR] - The key clahe_clip_limit as a None value.
[2023-04-25 10:39:07,427][dataset.aoi][INFO] - 
	Successfully read csv file: Class1RawData.csv
	Number of rows: 1
	Copying first row:
{'tif': 'C:\\Users\\abfernan\\CrossCanFloodMapping\\DatasetCNNFlood\\RawData\\Class1\\SK_Wadena.tif', 'gpkg': 'C:\\Users\\abfernan\\CrossCanFloodMapping\\DatasetCNNFlood\\RawData\\Class1\\SK_Wadena_C1.gpkg', 'split': 'trn'}

[2023-04-25 10:39:07,690][tiling_segmentation][INFO] - Patches will be written to C:\Users\abfernan\CrossCanFloodMapping\DatasetCNNFlood\C1Dataset\Percentage_1


[2023-04-25 10:39:07,692][tiling_segmentation][INFO] - Preparing patches 
	Samples_size: 125 
[2023-04-25 10:39:09,440][tiling_segmentation][INFO] - Cropping raster patches...
[2023-04-25 10:39:10,095][tiling_segmentation][INFO] - Tiling done. Creating pixel masks from clipped geojsons...
[2023-04-25 10:39:16,677][tiling_segmentation][INFO] - 
Expected val ratio: 0 %
Actual val ratio: 0.00 %
[2023-04-25 10:39:16,678][tiling_segmentation][INFO] - 
Dataset: trn
	Filters:
	 - Minimumum non-zero values (aka minimum annotated percentage): 1%
	Kept: 34
	Discarded: 9
[2023-04-25 10:39:16,679][tiling_segmentation][INFO] - 
Dataset: val
	Total patches: 0
[2023-04-25 10:39:16,680][tiling_segmentation][INFO] - 
End of process. See tiled dataset lists:
[2023-04-25 10:39:16,681][tiling_segmentation][INFO] - trn: C:\Users\abfernan\CrossCanFloodMapping\DatasetCNNFlood\C1Dataset\Percentage_1\Percentage_1_feat1_min-annot1_trn.csv
[2023-04-25 10:39:16,681][tiling_segmentation][INFO] - val: C:\Users\abfernan\CrossCanFloodMapping\DatasetCNNFlood\C1Dataset\Percentage_1\Percentage_1_feat1_min-annot1_val.csv
[2023-04-25 10:39:17,295][root][INFO] - 
-----------------
End of tiling !!!
Elapsed time: 12.97s
-----------------

