[2023-04-25 11:01:07,551][root][INFO] - 
Overwritten parameters in the config: 
mode=tiling
[2023-04-25 11:01:07,552][root][INFO] - 
---------------------------------------
Let's start tiling for segmentation !!!
---------------------------------------
[2023-04-25 11:01:10,411][root][ERROR] - The key download_data as a None value.
[2023-04-25 11:01:10,413][root][ERROR] - The key multiprocessing as a None value.
[2023-04-25 11:01:10,414][root][ERROR] - The key write_dest_raster as a None value.
[2023-04-25 11:01:10,415][root][ERROR] - The key clahe_clip_limit as a None value.
[2023-04-25 11:01:11,031][dataset.aoi][INFO] - 
	Successfully read csv file: Class1RawData.csv
	Number of rows: 2
	Copying first row:
{'tif': 'C:\\Users\\abfernan\\CrossCanFloodMapping\\DatasetCNNFlood\\RawData\\Class1\\QC_MontrealRiveSud_E.tif', 'gpkg': 'C:\\Users\\abfernan\\CrossCanFloodMapping\\DatasetCNNFlood\\RawData\\Class1\\QC_MontrealRiveSud_E_C1.gpkg', 'split': 'trn'}

[2023-04-25 11:01:11,457][tiling_segmentation][INFO] - Patches will be written to C:\Users\abfernan\CrossCanFloodMapping\DatasetCNNFlood\C1Dataset\Percentage_1


[2023-04-25 11:01:11,458][tiling_segmentation][INFO] - Preparing patches 
	Samples_size: 384 
[2023-04-25 11:01:15,736][tiling_segmentation][INFO] - Cropping raster patches...
[2023-04-25 11:01:17,652][tiling_segmentation][INFO] - Cropping raster patches...
[2023-04-25 11:01:18,237][tiling_segmentation][INFO] - Tiling done. Creating pixel masks from clipped geojsons...
[2023-04-25 11:01:40,039][tiling_segmentation][INFO] - 
Expected val ratio: 0 %
Actual val ratio: 0.00 %
[2023-04-25 11:01:40,039][tiling_segmentation][INFO] - 
Dataset: trn
	Filters:
	 - Minimumum non-zero values (aka minimum annotated percentage): 10%
	Kept: 6
	Discarded: 241
[2023-04-25 11:01:40,041][tiling_segmentation][INFO] - 
Dataset: val
	Total patches: 0
[2023-04-25 11:01:40,041][tiling_segmentation][INFO] - 
End of process. See tiled dataset lists:
[2023-04-25 11:01:40,042][tiling_segmentation][INFO] - trn: C:\Users\abfernan\CrossCanFloodMapping\DatasetCNNFlood\C1Dataset\Percentage_1\Percentage_1_feat1_min-annot10_trn.csv
[2023-04-25 11:01:40,042][tiling_segmentation][INFO] - val: C:\Users\abfernan\CrossCanFloodMapping\DatasetCNNFlood\C1Dataset\Percentage_1\Percentage_1_feat1_min-annot10_val.csv
[2023-04-25 11:01:40,620][root][INFO] - 
-----------------
End of tiling !!!
Elapsed time: 33.07s
-----------------

