[2023-04-28 09:18:47,031][root][INFO] - 
Overwritten parameters in the config: 
mode=tiling
[2023-04-28 09:18:47,031][root][INFO] - 
---------------------------------------
Let's start tiling for segmentation !!!
---------------------------------------
[2023-04-28 09:18:51,471][root][ERROR] - The key download_data as a None value.
[2023-04-28 09:18:51,484][root][ERROR] - The key multiprocessing as a None value.
[2023-04-28 09:18:51,485][root][ERROR] - The key write_dest_raster as a None value.
[2023-04-28 09:18:51,485][root][ERROR] - The key clahe_clip_limit as a None value.
[2023-04-28 09:18:52,051][dataset.aoi][INFO] - 
	Successfully read csv file: Class1RawData.csv
	Number of rows: 10
	Copying first row:
{'tif': 'C:\\Users\\abfernan\\CrossCanFloodMapping\\DatasetCNNFlood\\RawData\\Class1\\SK_FoamLake.tif', 'gpkg': 'C:\\Users\\abfernan\\CrossCanFloodMapping\\DatasetCNNFlood\\RawData\\Class1\\SK_FoamLake_C1.gpkg', 'split': 'trn'}

[2023-04-28 09:19:04,279][tiling_segmentation][INFO] - Patches will be written to C:\Users\abfernan\CrossCanFloodMapping\DatasetCNNFlood\C1Dataset\Percentage_1


[2023-04-28 09:19:04,280][tiling_segmentation][INFO] - Preparing patches 
	Samples_size: 384 
[2023-04-28 09:19:09,710][tiling_segmentation][INFO] - Cropping raster patches...
[2023-04-28 09:19:29,640][tiling_segmentation][INFO] - Cropping raster patches...
[2023-04-28 09:20:11,626][tiling_segmentation][INFO] - Cropping raster patches...
[2023-04-28 09:22:22,795][tiling_segmentation][INFO] - Cropping raster patches...
