[2023-04-27 16:37:30,292][root][INFO] - 
Overwritten parameters in the config: 
mode=tiling
[2023-04-27 16:37:30,293][root][INFO] - 
---------------------------------------
Let's start tiling for segmentation !!!
---------------------------------------
[2023-04-27 16:37:39,982][root][ERROR] - The key download_data as a None value.
[2023-04-27 16:37:39,983][root][ERROR] - The key multiprocessing as a None value.
[2023-04-27 16:37:39,984][root][ERROR] - The key write_dest_raster as a None value.
[2023-04-27 16:37:39,984][root][ERROR] - The key clahe_clip_limit as a None value.
[2023-04-27 16:37:40,132][dataset.aoi][INFO] - 
	Successfully read csv file: Class1RawData.csv
	Number of rows: 26
	Copying first row:
{'tif': 'C:\\Users\\abfernan\\CrossCanFloodMapping\\DatasetCNNFlood\\RawData\\Class1\\CA_Lethbridge.tif', 'gpkg': 'C:\\Users\\abfernan\\CrossCanFloodMapping\\DatasetCNNFlood\\RawData\\Class1\\CA_Lethbridge_C1.gpkg', 'split': 'trn'}

[2023-04-27 16:37:58,397][tiling_segmentation][INFO] - Patches will be written to C:\Users\abfernan\CrossCanFloodMapping\DatasetCNNFlood\C1Dataset\Percentage_1


[2023-04-27 16:37:58,397][tiling_segmentation][INFO] - Preparing patches 
	Samples_size: 384 
[2023-04-27 16:38:00,309][tiling_segmentation][INFO] - Cropping raster patches...
[2023-04-27 16:38:16,289][tiling_segmentation][INFO] - Cropping raster patches...
[2023-04-27 16:38:17,452][tiling_segmentation][INFO] - Cropping raster patches...
[2023-04-27 16:38:18,414][tiling_segmentation][INFO] - Cropping raster patches...
[2023-04-27 16:38:20,023][tiling_segmentation][INFO] - Cropping raster patches...
[2023-04-27 16:38:26,351][tiling_segmentation][INFO] - Cropping raster patches...
[2023-04-27 16:39:30,537][tiling_segmentation][INFO] - Cropping raster patches...
[2023-04-27 16:41:33,732][tiling_segmentation][INFO] - Cropping raster patches...
[2023-04-27 16:41:34,641][tiling_segmentation][INFO] - Cropping raster patches...
[2023-04-27 16:42:09,963][tiling_segmentation][INFO] - Cropping raster patches...
[2023-04-27 16:42:15,753][tiling_segmentation][INFO] - Cropping raster patches...
[2023-04-27 16:42:24,319][tiling_segmentation][INFO] - Cropping raster patches...
[2023-04-27 16:42:46,556][tiling_segmentation][INFO] - Cropping raster patches...
[2023-04-27 16:43:15,207][tiling_segmentation][INFO] - Cropping raster patches...
[2023-04-27 16:43:17,426][tiling_segmentation][INFO] - Cropping raster patches...
