[2023-04-20 10:30:37,886][root][INFO] - 
Overwritten parameters in the config: 
mode=tiling
[2023-04-20 10:30:37,887][root][INFO] - 
---------------------------------------
Let's start tiling for segmentation !!!
---------------------------------------
[2023-04-20 10:30:42,579][root][ERROR] - The key download_data as a None value.
[2023-04-20 10:30:42,580][root][ERROR] - The key save_preview_labels as a None value.
[2023-04-20 10:30:42,581][root][ERROR] - The key multiprocessing as a None value.
[2023-04-20 10:30:42,581][root][ERROR] - The key write_dest_raster as a None value.
[2023-04-20 10:30:42,582][root][ERROR] - The key clahe_clip_limit as a None value.
[2023-04-20 10:30:42,783][tiling_segmentation][WARNING] - Data path exists: C:\Users\abfernan\CrossCanFloodMapping\DatasetCNNFlood\C1Dataset\percentage_1. Make sure patches belong to the same experiment.
[2023-04-20 10:30:42,788][dataset.aoi][INFO] - 
	Successfully read csv file: Class1RawData.csv
	Number of rows: 35
	Copying first row:
{'tif': 'C:\\Users\\abfernan\\CrossCanFloodMapping\\DatasetCNNFlood\\RawData\\Class1\\CA_Lethbridge.tif', 'gpkg': 'C:\\Users\\abfernan\\CrossCanFloodMapping\\DatasetCNNFlood\\RawData\\Class1\\CA_Lethbridge_C1.gpkg', 'split': 'trn', 'aoi_id': None}

[2023-04-20 10:31:00,965][root][WARNING] - Cannot parse epsg code from raster's crs 'C:/Users/abfernan/CrossCanFloodMapping/DatasetCNNFlood/RawData/Class1/SK_Moose_Jaw.tif'
[2023-04-20 10:31:03,246][root][WARNING] - Cannot parse epsg code from raster's crs 'C:/Users/abfernan/CrossCanFloodMapping/DatasetCNNFlood/RawData/Class1/SK_Regina.tif'
[2023-04-20 10:31:03,581][root][WARNING] - Cannot parse epsg code from raster's crs 'C:/Users/abfernan/CrossCanFloodMapping/DatasetCNNFlood/RawData/Class1/SK_Tisdale.tif'
[2023-04-20 10:31:03,902][root][WARNING] - Cannot parse epsg code from raster's crs 'C:/Users/abfernan/CrossCanFloodMapping/DatasetCNNFlood/RawData/Class1/SK_Wadena.tif'
[2023-04-20 10:31:04,308][root][WARNING] - Cannot parse epsg code from raster's crs 'C:/Users/abfernan/CrossCanFloodMapping/DatasetCNNFlood/RawData/Class1/SK_Watson.tif'
[2023-04-20 10:31:06,535][root][WARNING] - Cannot parse epsg code from raster's crs 'C:/Users/abfernan/CrossCanFloodMapping/DatasetCNNFlood/RawData/Class1/SK_Weyburn.tif'
[2023-04-20 10:31:06,928][root][WARNING] - Cannot parse epsg code from raster's crs 'C:/Users/abfernan/CrossCanFloodMapping/DatasetCNNFlood/RawData/Class1/SK_Wolseley.tif'
[2023-04-20 10:31:07,595][root][WARNING] - Cannot parse epsg code from raster's crs 'C:/Users/abfernan/CrossCanFloodMapping/DatasetCNNFlood/RawData/Class1/SK_Yorkton.tif'
[2023-04-20 10:31:07,600][tiling_segmentation][INFO] - Patches will be written to C:\Users\abfernan\CrossCanFloodMapping\DatasetCNNFlood\C1Dataset\percentage_1


[2023-04-20 10:31:07,601][tiling_segmentation][INFO] - Preparing patches 
	Samples_size: 384 
[2023-04-20 10:31:14,194][tiling_segmentation][INFO] - Cropping raster patches...
[2023-04-20 10:32:45,814][tiling_segmentation][INFO] - Cropping raster patches...
[2023-04-20 10:32:50,765][tiling_segmentation][INFO] - Cropping raster patches...
[2023-04-20 10:32:53,370][tiling_segmentation][INFO] - Cropping raster patches...
[2023-04-20 10:32:57,937][tiling_segmentation][INFO] - Cropping raster patches...
[2023-04-20 10:33:36,755][tiling_segmentation][INFO] - Cropping raster patches...
[2023-04-20 10:41:11,018][tiling_segmentation][INFO] - Cropping raster patches...
[2023-04-20 11:00:44,878][tiling_segmentation][INFO] - Cropping raster patches...
[2023-04-20 11:00:47,985][tiling_segmentation][INFO] - Cropping raster patches...
[2023-04-20 11:04:18,175][tiling_segmentation][INFO] - Cropping raster patches...
[2023-04-20 11:04:44,321][tiling_segmentation][INFO] - Cropping raster patches...
[2023-04-20 11:05:09,129][tiling_segmentation][INFO] - Cropping raster patches...
[2023-04-20 11:07:09,532][tiling_segmentation][INFO] - Cropping raster patches...
[2023-04-20 11:09:56,850][tiling_segmentation][INFO] - Cropping raster patches...
[2023-04-20 11:10:06,106][tiling_segmentation][INFO] - Cropping raster patches...
