[2023-04-28 09:26:48,517][root][INFO] - 
Overwritten parameters in the config: 
mode=tiling
[2023-04-28 09:26:48,518][root][INFO] - 
---------------------------------------
Let's start tiling for segmentation !!!
---------------------------------------
[2023-04-28 09:26:51,636][root][ERROR] - The key download_data as a None value.
[2023-04-28 09:26:51,642][root][ERROR] - The key multiprocessing as a None value.
[2023-04-28 09:26:51,643][root][ERROR] - The key write_dest_raster as a None value.
[2023-04-28 09:26:51,644][root][ERROR] - The key clahe_clip_limit as a None value.
[2023-04-28 09:26:52,099][dataset.aoi][INFO] - 
	Successfully read csv file: Class1RawData.csv
	Number of rows: 4
	Copying first row:
{'tif': 'C:\\Users\\abfernan\\CrossCanFloodMapping\\DatasetCNNFlood\\RawData\\Class1\\SK_FoamLake.tif', 'gpkg': 'C:\\Users\\abfernan\\CrossCanFloodMapping\\DatasetCNNFlood\\RawData\\Class1\\SK_FoamLake_C1.gpkg', 'split': 'trn'}

[2023-04-28 09:26:59,390][tiling_segmentation][INFO] - Patches will be written to C:\Users\abfernan\CrossCanFloodMapping\DatasetCNNFlood\C1Dataset\Percentage_1


[2023-04-28 09:26:59,391][tiling_segmentation][INFO] - Preparing patches 
	Samples_size: 384 
[2023-04-28 09:27:04,608][tiling_segmentation][INFO] - Cropping raster patches...
[2023-04-28 09:27:24,248][tiling_segmentation][INFO] - Cropping raster patches...
[2023-04-28 09:28:05,679][tiling_segmentation][INFO] - Cropping raster patches...
[2023-04-28 09:30:14,383][tiling_segmentation][INFO] - Cropping raster patches...
[2023-04-28 09:30:15,194][tiling_segmentation][INFO] - Tiling done. Creating pixel masks from clipped geojsons...
[2023-04-28 09:31:49,885][tiling_segmentation][INFO] - 
Expected val ratio: 0 %
Actual val ratio: 0.00 %
[2023-04-28 09:31:49,891][tiling_segmentation][INFO] - 
Dataset: trn
	Filters:
	 - Minimumum non-zero values (aka minimum annotated percentage): 1%
	Kept: 220
	Discarded: 257
[2023-04-28 09:31:49,892][tiling_segmentation][INFO] - 
Dataset: val
	Total patches: 0
[2023-04-28 09:31:49,893][tiling_segmentation][INFO] - 
End of process. See tiled dataset lists:
[2023-04-28 09:31:49,893][tiling_segmentation][INFO] - trn: C:\Users\abfernan\CrossCanFloodMapping\DatasetCNNFlood\C1Dataset\Percentage_1\Percentage_1_feat1_min-annot1_trn.csv
[2023-04-28 09:31:49,894][tiling_segmentation][INFO] - val: C:\Users\abfernan\CrossCanFloodMapping\DatasetCNNFlood\C1Dataset\Percentage_1\Percentage_1_feat1_min-annot1_val.csv
[2023-04-28 09:31:50,363][root][INFO] - 
-----------------
End of tiling !!!
Elapsed time: 301.85s
-----------------

