[2023-04-06 19:51:56,952][root][INFO] - 
Overwritten parameters in the config: 
mode=tiling
[2023-04-06 19:51:56,953][root][INFO] - 
---------------------------------------
Let's start tiling for segmentation !!!
---------------------------------------
[2023-04-06 19:51:58,548][root][ERROR] - The key download_data as a None value.
[2023-04-06 19:51:58,548][root][ERROR] - The key multiprocessing as a None value.
[2023-04-06 19:51:58,554][root][ERROR] - The key write_dest_raster as a None value.
[2023-04-06 19:51:58,554][root][ERROR] - The key clahe_clip_limit as a None value.
[2023-04-06 19:51:58,679][dataset.aoi][INFO] - 
	Successfully read csv file: rawImg.csv
	Number of rows: 1
	Copying first row:
{'tif': 'C:\\Users\\abfernan\\CrossCanFloodMapping\\RawData\\TestTiling\\CA_Lethbridge_Subset.tif', 'gpkg': 'C:\\Users\\abfernan\\CrossCanFloodMapping\\RawData\\TestTiling\\ca_lethbridge_subset.gpkg', 'split': 'trn', 'aoi_id': 'test'}

[2023-04-06 19:51:58,959][tiling_segmentation][INFO] - Patches will be written to C:\Users\abfernan\CrossCanFloodMapping\RawData\TestTiling\template_project


[2023-04-06 19:51:58,960][tiling_segmentation][INFO] - Preparing patches 
	Samples_size: 384 
[2023-04-06 19:52:12,131][tiling_segmentation][INFO] - Cropping raster patches...
[2023-04-06 19:52:12,807][tiling_segmentation][INFO] - Tiling done. Creating pixel masks from clipped geojsons...
[2023-04-06 19:52:41,820][tiling_segmentation][INFO] - 
Expected val ratio: 30 %
Actual val ratio: 30.10 %
[2023-04-06 19:52:41,820][tiling_segmentation][INFO] - 
Dataset: trn
	Filters:
	 - Minimumum non-zero values (aka minimum annotated percentage): 10%
	Kept: 144
	Discarded: 355
[2023-04-06 19:52:41,821][tiling_segmentation][INFO] - 
Dataset: val
	Total patches: 62
[2023-04-06 19:52:41,821][tiling_segmentation][INFO] - 
End of process. See tiled dataset lists:
[2023-04-06 19:52:41,822][tiling_segmentation][INFO] - trn: C:\Users\abfernan\CrossCanFloodMapping\RawData\TestTiling\template_project\template_project_feat1_min-annot10_trn.csv
[2023-04-06 19:52:41,822][tiling_segmentation][INFO] - val: C:\Users\abfernan\CrossCanFloodMapping\RawData\TestTiling\template_project\template_project_feat1_min-annot10_val.csv
[2023-04-06 19:52:41,963][root][INFO] - 
-----------------
End of tiling !!!
Elapsed time: 45.01s
-----------------

