[2023-04-27 17:41:12,326][root][INFO] - 
Overwritten parameters in the config: 
mode=tiling
[2023-04-27 17:41:12,327][root][INFO] - 
---------------------------------------
Let's start tiling for segmentation !!!
---------------------------------------
[2023-04-27 17:41:14,883][root][ERROR] - The key download_data as a None value.
[2023-04-27 17:41:14,883][root][ERROR] - The key multiprocessing as a None value.
[2023-04-27 17:41:14,887][root][ERROR] - The key write_dest_raster as a None value.
[2023-04-27 17:41:14,888][root][ERROR] - The key clahe_clip_limit as a None value.
[2023-04-27 17:41:15,014][dataset.aoi][INFO] - 
	Successfully read csv file: Class1RawData.csv
	Number of rows: 8
	Copying first row:
{'tif': 'C:\\Users\\abfernan\\CrossCanFloodMapping\\DatasetCNNFlood\\RawData\\Class1\\QC_Gaspe1Et2.tif', 'gpkg': 'C:\\Users\\abfernan\\CrossCanFloodMapping\\DatasetCNNFlood\\RawData\\Class1\\QC_Gaspe1Et2_C1.gpkg', 'split': 'trn'}

[2023-04-27 17:41:16,088][tiling_segmentation][INFO] - Patches will be written to C:\Users\abfernan\CrossCanFloodMapping\DatasetCNNFlood\C1Dataset\Percentage_1


[2023-04-27 17:41:16,089][tiling_segmentation][INFO] - Preparing patches 
	Samples_size: 384 
[2023-04-27 17:41:17,256][tiling_segmentation][INFO] - Cropping raster patches...
[2023-04-27 17:41:18,363][tiling_segmentation][INFO] - Cropping raster patches...
[2023-04-27 17:41:19,157][tiling_segmentation][INFO] - Cropping raster patches...
[2023-04-27 17:41:19,523][tiling_segmentation][INFO] - Cropping raster patches...
[2023-04-27 17:41:25,354][tiling_segmentation][INFO] - Cropping raster patches...
