[2023-06-15 13:34:02,052][root][INFO] - 
Overwritten parameters in the config: 
mode=tiling
[2023-06-15 13:34:02,052][root][INFO] - 
---------------------------------------
Let's start tiling for segmentation !!!
---------------------------------------
[2023-06-15 13:34:16,937][root][ERROR] - The key download_data as a None value.
[2023-06-15 13:34:16,938][root][ERROR] - The key multiprocessing as a None value.
[2023-06-15 13:34:16,939][root][ERROR] - The key write_dest_raster as a None value.
[2023-06-15 13:34:16,940][root][ERROR] - The key clahe_clip_limit as a None value.
[2023-06-15 13:34:17,156][dataset.aoi][INFO] - 
	Successfully read csv file: Class1RawData.csv
	Number of rows: 23
	Copying first row:
{'tif': 'C:\\Users\\abfernan\\CrossCanFloodMapping\\DatasetCNNFlood\\RawData\\Class1\\CA_Lethbridge.tif', 'gpkg': 'C:\\Users\\abfernan\\CrossCanFloodMapping\\DatasetCNNFlood\\RawData\\Class1\\CA_Lethbridge_C1.gpkg', 'split': 'trn'}

[2023-06-15 13:34:43,304][tiling_segmentation][INFO] - Patches will be written to C:\Users\abfernan\CrossCanFloodMapping\DatasetCNNFlood\C1Dataset\Percentage_1_intensSampl


[2023-06-15 13:34:43,305][tiling_segmentation][INFO] - Preparing patches 
	Samples_size: 384 
[2023-06-15 13:34:51,337][tiling_segmentation][INFO] - Cropping raster patches...
[2023-06-15 13:37:12,173][tiling_segmentation][INFO] - Cropping raster patches...
[2023-06-15 13:37:18,911][tiling_segmentation][INFO] - Cropping raster patches...
[2023-06-15 13:37:22,413][tiling_segmentation][INFO] - Cropping raster patches...
[2023-06-15 13:38:10,517][tiling_segmentation][INFO] - Cropping raster patches...
[2023-06-15 13:47:31,734][tiling_segmentation][INFO] - Cropping raster patches...
[2023-06-15 14:08:03,715][tiling_segmentation][INFO] - Cropping raster patches...
[2023-06-15 14:10:35,327][tiling_segmentation][INFO] - Cropping raster patches...
[2023-06-15 14:15:24,160][tiling_segmentation][INFO] - Cropping raster patches...
[2023-06-15 14:15:55,375][tiling_segmentation][INFO] - Cropping raster patches...
[2023-06-15 14:16:24,562][tiling_segmentation][INFO] - Cropping raster patches...
[2023-06-15 14:18:41,687][tiling_segmentation][INFO] - Cropping raster patches...
[2023-06-15 14:22:20,332][tiling_segmentation][INFO] - Cropping raster patches...
[2023-06-15 14:22:31,866][tiling_segmentation][INFO] - Cropping raster patches...
[2023-06-15 14:22:41,484][tiling_segmentation][INFO] - Cropping raster patches...
[2023-06-15 14:22:42,518][tiling_segmentation][INFO] - Cropping raster patches...
[2023-06-15 14:22:57,387][tiling_segmentation][INFO] - Cropping raster patches...
[2023-06-15 14:24:03,909][tiling_segmentation][INFO] - Cropping raster patches...
[2023-06-15 14:24:27,761][tiling_segmentation][INFO] - Cropping raster patches...
[2023-06-15 14:27:41,314][tiling_segmentation][INFO] - Cropping raster patches...
[2023-06-15 14:38:56,959][tiling_segmentation][INFO] - Cropping raster patches...
[2023-06-15 14:39:05,550][tiling_segmentation][INFO] - Cropping raster patches...
[2023-06-15 14:39:06,488][tiling_segmentation][INFO] - Cropping raster patches...
[2023-06-15 14:39:06,698][tiling_segmentation][INFO] - Tiling done. Creating pixel masks from clipped geojsons...
[2023-06-15 15:20:56,862][tiling_segmentation][INFO] - 
Expected val ratio: 0 %
Actual val ratio: 0.00 %
[2023-06-15 15:20:56,863][tiling_segmentation][INFO] - 
Dataset: tst
	Total patches: 16
[2023-06-15 15:20:56,864][tiling_segmentation][INFO] - 
Dataset: trn
	Filters:
	 - Minimumum non-zero values (aka minimum annotated percentage): 1%
	Kept: 12663
	Discarded: 17981
[2023-06-15 15:20:56,865][tiling_segmentation][INFO] - 
Dataset: val
	Total patches: 0
[2023-06-15 15:20:56,865][tiling_segmentation][INFO] - 
End of process. See tiled dataset lists:
[2023-06-15 15:20:56,866][tiling_segmentation][INFO] - tst: C:\Users\abfernan\CrossCanFloodMapping\DatasetCNNFlood\C1Dataset\Percentage_1_intensSampl\Percentage_1_intensSampl_feat1_min-annot1_tst.csv
[2023-06-15 15:20:56,866][tiling_segmentation][INFO] - trn: C:\Users\abfernan\CrossCanFloodMapping\DatasetCNNFlood\C1Dataset\Percentage_1_intensSampl\Percentage_1_intensSampl_feat1_min-annot1_trn.csv
[2023-06-15 15:20:56,867][tiling_segmentation][INFO] - val: C:\Users\abfernan\CrossCanFloodMapping\DatasetCNNFlood\C1Dataset\Percentage_1_intensSampl\Percentage_1_intensSampl_feat1_min-annot1_val.csv
[2023-06-15 15:20:57,397][root][INFO] - 
-----------------
End of tiling !!!
Elapsed time: 6415.35s
-----------------

