[2023-06-15 21:17:25,022][root][INFO] - 
Overwritten parameters in the config: 
mode=tiling
[2023-06-15 21:17:25,023][root][INFO] - 
---------------------------------------
Let's start tiling for segmentation !!!
---------------------------------------
[2023-06-15 21:17:35,602][root][ERROR] - The key download_data as a None value.
[2023-06-15 21:17:35,603][root][ERROR] - The key multiprocessing as a None value.
[2023-06-15 21:17:35,604][root][ERROR] - The key write_dest_raster as a None value.
[2023-06-15 21:17:35,604][root][ERROR] - The key clahe_clip_limit as a None value.
[2023-06-15 21:17:35,896][dataset.aoi][INFO] - 
	Successfully read csv file: Class1TestSet.csv
	Number of rows: 6
	Copying first row:
{'tif': 'C:\\Users\\abfernan\\CrossCanFloodMapping\\DatasetCNNFlood\\RawData\\Class1\\NF_Shearstown.tif', 'gpkg': 'C:\\Users\\abfernan\\CrossCanFloodMapping\\DatasetCNNFlood\\RawData\\Class1\\NF_Shearstown_C1.gpkg', 'split': 'trn'}

[2023-06-15 21:17:37,614][tiling_segmentation][INFO] - Patches will be written to C:\Users\abfernan\CrossCanFloodMapping\DatasetCNNFlood\C1Dataset\Percentage_1_intensSampl\Percentage_1_intensSampl_tst


[2023-06-15 21:17:37,615][tiling_segmentation][INFO] - Preparing patches 
	Samples_size: 384 
[2023-06-15 21:17:41,522][tiling_segmentation][INFO] - Cropping raster patches...
[2023-06-15 21:17:42,599][tiling_segmentation][INFO] - Cropping raster patches...
[2023-06-15 21:17:45,536][tiling_segmentation][INFO] - Cropping raster patches...
[2023-06-15 21:17:46,740][tiling_segmentation][INFO] - Cropping raster patches...
[2023-06-15 21:17:48,398][tiling_segmentation][INFO] - Cropping raster patches...
[2023-06-15 21:18:52,064][tiling_segmentation][INFO] - Cropping raster patches...
[2023-06-15 21:18:52,494][tiling_segmentation][INFO] - Tiling done. Creating pixel masks from clipped geojsons...
[2023-06-15 21:20:16,268][tiling_segmentation][INFO] - 
Expected val ratio: 0 %
Actual val ratio: 0.00 %
[2023-06-15 21:20:16,268][tiling_segmentation][INFO] - 
Dataset: trn
	Filters:
	 - Minimumum non-zero values (aka minimum annotated percentage): 1%
	Kept: 390
	Discarded: 243
[2023-06-15 21:20:16,268][tiling_segmentation][INFO] - 
Dataset: val
	Total patches: 0
[2023-06-15 21:20:16,269][tiling_segmentation][INFO] - 
End of process. See tiled dataset lists:
[2023-06-15 21:20:16,269][tiling_segmentation][INFO] - trn: C:\Users\abfernan\CrossCanFloodMapping\DatasetCNNFlood\C1Dataset\Percentage_1_intensSampl\Percentage_1_intensSampl_tst\Percentage_1_intensSampl_tst_feat1_min-annot1_trn.csv
[2023-06-15 21:20:16,269][tiling_segmentation][INFO] - val: C:\Users\abfernan\CrossCanFloodMapping\DatasetCNNFlood\C1Dataset\Percentage_1_intensSampl\Percentage_1_intensSampl_tst\Percentage_1_intensSampl_tst_feat1_min-annot1_val.csv
[2023-06-15 21:20:16,691][root][INFO] - 
-----------------
End of tiling !!!
Elapsed time: 171.67s
-----------------

