[2023-04-28 11:56:38,296][root][INFO] - 
Overwritten parameters in the config: 
mode=tiling
[2023-04-28 11:56:38,297][root][INFO] - 
---------------------------------------
Let's start tiling for segmentation !!!
---------------------------------------
[2023-04-28 11:56:46,935][root][ERROR] - The key download_data as a None value.
[2023-04-28 11:56:46,937][root][ERROR] - The key multiprocessing as a None value.
[2023-04-28 11:56:46,938][root][ERROR] - The key write_dest_raster as a None value.
[2023-04-28 11:56:46,939][root][ERROR] - The key clahe_clip_limit as a None value.
[2023-04-28 11:56:47,395][dataset.aoi][INFO] - 
	Successfully read csv file: Class1RawData.csv
	Number of rows: 28
	Copying first row:
{'tif': 'C:\\Users\\abfernan\\CrossCanFloodMapping\\DatasetCNNFlood\\RawData\\Class1\\CA_Lethbridge.tif', 'gpkg': 'C:\\Users\\abfernan\\CrossCanFloodMapping\\DatasetCNNFlood\\RawData\\Class1\\CA_Lethbridge_C1.gpkg', 'split': 'trn'}

[2023-04-28 11:57:23,181][tiling_segmentation][INFO] - Patches will be written to C:\Users\abfernan\CrossCanFloodMapping\DatasetCNNFlood\C1Dataset\Percentage_1


[2023-04-28 11:57:23,181][tiling_segmentation][INFO] - Preparing patches 
	Samples_size: 384 
[2023-04-28 11:57:25,081][tiling_segmentation][INFO] - Cropping raster patches...
[2023-04-28 11:57:46,273][tiling_segmentation][INFO] - Cropping raster patches...
[2023-04-28 11:57:48,203][tiling_segmentation][INFO] - Cropping raster patches...
[2023-04-28 11:57:49,614][tiling_segmentation][INFO] - Cropping raster patches...
[2023-04-28 11:57:59,857][tiling_segmentation][INFO] - Cropping raster patches...
[2023-04-28 11:59:43,102][tiling_segmentation][INFO] - Cropping raster patches...
[2023-04-28 12:03:03,710][tiling_segmentation][INFO] - Cropping raster patches...
[2023-04-28 12:03:35,071][tiling_segmentation][INFO] - Cropping raster patches...
[2023-04-28 12:04:28,918][tiling_segmentation][INFO] - Cropping raster patches...
[2023-04-28 12:04:36,617][tiling_segmentation][INFO] - Cropping raster patches...
[2023-04-28 12:04:43,647][tiling_segmentation][INFO] - Cropping raster patches...
[2023-04-28 12:05:11,741][tiling_segmentation][INFO] - Cropping raster patches...
[2023-04-28 12:05:53,635][tiling_segmentation][INFO] - Cropping raster patches...
[2023-04-28 12:05:56,841][tiling_segmentation][INFO] - Cropping raster patches...
[2023-04-28 12:05:59,423][tiling_segmentation][INFO] - Cropping raster patches...
[2023-04-28 12:06:01,104][tiling_segmentation][INFO] - Cropping raster patches...
[2023-04-28 12:06:02,133][tiling_segmentation][INFO] - Cropping raster patches...
[2023-04-28 12:06:02,684][tiling_segmentation][INFO] - Cropping raster patches...
[2023-04-28 12:06:03,267][tiling_segmentation][INFO] - Cropping raster patches...
[2023-04-28 12:06:06,949][tiling_segmentation][INFO] - Cropping raster patches...
[2023-04-28 12:06:17,029][tiling_segmentation][INFO] - Cropping raster patches...
[2023-04-28 12:06:23,027][tiling_segmentation][INFO] - Cropping raster patches...
[2023-04-28 12:07:03,759][tiling_segmentation][INFO] - Cropping raster patches...
[2023-04-28 12:09:06,911][tiling_segmentation][INFO] - Cropping raster patches...
[2023-04-28 12:09:10,067][tiling_segmentation][INFO] - Cropping raster patches...
[2023-04-28 12:09:11,519][tiling_segmentation][INFO] - Cropping raster patches...
[2023-04-28 12:09:12,671][tiling_segmentation][INFO] - Cropping raster patches...
[2023-04-28 12:09:32,030][tiling_segmentation][INFO] - Cropping raster patches...
[2023-04-28 12:09:32,477][tiling_segmentation][INFO] - Tiling done. Creating pixel masks from clipped geojsons...
