[2023-04-28 09:02:15,484][root][INFO] - 
Overwritten parameters in the config: 
mode=tiling
[2023-04-28 09:02:15,484][root][INFO] - 
---------------------------------------
Let's start tiling for segmentation !!!
---------------------------------------
[2023-04-28 09:02:19,209][root][ERROR] - The key download_data as a None value.
[2023-04-28 09:02:19,209][root][ERROR] - The key multiprocessing as a None value.
[2023-04-28 09:02:19,215][root][ERROR] - The key write_dest_raster as a None value.
[2023-04-28 09:02:19,216][root][ERROR] - The key clahe_clip_limit as a None value.
[2023-04-28 09:02:19,340][dataset.aoi][INFO] - 
	Successfully read csv file: Class1RawData.csv
	Number of rows: 1
	Copying first row:
{'tif': 'C:\\Users\\abfernan\\CrossCanFloodMapping\\DatasetCNNFlood\\RawData\\Class1\\QC_Quebec.tif', 'gpkg': 'C:\\Users\\abfernan\\CrossCanFloodMapping\\DatasetCNNFlood\\RawData\\Class1\\QC_Quebec_C1.gpkg', 'split': 'trn'}

[2023-04-28 09:02:19,780][tiling_segmentation][INFO] - Patches will be written to C:\Users\abfernan\CrossCanFloodMapping\DatasetCNNFlood\C1Dataset\Percentage_1


[2023-04-28 09:02:19,780][tiling_segmentation][INFO] - Preparing patches 
	Samples_size: 384 
[2023-04-28 09:02:25,400][tiling_segmentation][INFO] - Cropping raster patches...
[2023-04-28 09:02:25,889][tiling_segmentation][INFO] - Tiling done. Creating pixel masks from clipped geojsons...
[2023-04-28 09:02:37,876][tiling_segmentation][INFO] - 
Expected val ratio: 0 %
Actual val ratio: 0.00 %
[2023-04-28 09:02:37,876][tiling_segmentation][INFO] - 
Dataset: trn
	Filters:
	 - Minimumum non-zero values (aka minimum annotated percentage): 1%
	Kept: 77
	Discarded: 143
[2023-04-28 09:02:37,877][tiling_segmentation][INFO] - 
Dataset: val
	Total patches: 0
[2023-04-28 09:02:37,877][tiling_segmentation][INFO] - 
End of process. See tiled dataset lists:
[2023-04-28 09:02:37,877][tiling_segmentation][INFO] - trn: C:\Users\abfernan\CrossCanFloodMapping\DatasetCNNFlood\C1Dataset\Percentage_1\Percentage_1_feat1_min-annot1_trn.csv
[2023-04-28 09:02:37,877][tiling_segmentation][INFO] - val: C:\Users\abfernan\CrossCanFloodMapping\DatasetCNNFlood\C1Dataset\Percentage_1\Percentage_1_feat1_min-annot1_val.csv
[2023-04-28 09:02:38,007][root][INFO] - 
-----------------
End of tiling !!!
Elapsed time: 22.52s
-----------------

