[2023-04-27 16:00:58,868][root][INFO] - 
Overwritten parameters in the config: 
mode=tiling
[2023-04-27 16:00:58,870][root][INFO] - 
---------------------------------------
Let's start tiling for segmentation !!!
---------------------------------------
[2023-04-27 16:01:08,866][root][ERROR] - The key download_data as a None value.
[2023-04-27 16:01:08,867][root][ERROR] - The key multiprocessing as a None value.
[2023-04-27 16:01:08,868][root][ERROR] - The key write_dest_raster as a None value.
[2023-04-27 16:01:08,869][root][ERROR] - The key clahe_clip_limit as a None value.
[2023-04-27 16:01:09,117][dataset.aoi][INFO] - 
	Successfully read csv file: Class1RawData.csv
	Number of rows: 37
	Copying first row:
{'tif': 'C:\\Users\\abfernan\\CrossCanFloodMapping\\DatasetCNNFlood\\RawData\\Class1\\CA_Lethbridge.tif', 'gpkg': 'C:\\Users\\abfernan\\CrossCanFloodMapping\\DatasetCNNFlood\\RawData\\Class1\\CA_Lethbridge_C1.gpkg', 'split': 'trn'}

[2023-04-27 16:01:34,677][tiling_segmentation][INFO] - Patches will be written to C:\Users\abfernan\CrossCanFloodMapping\DatasetCNNFlood\C1Dataset\Percentage_1


[2023-04-27 16:01:34,678][tiling_segmentation][INFO] - Preparing patches 
	Samples_size: 384 
[2023-04-27 16:01:35,899][tiling_segmentation][INFO] - Cropping raster patches...
[2023-04-27 16:01:53,130][tiling_segmentation][INFO] - Cropping raster patches...
[2023-04-27 16:01:55,095][tiling_segmentation][INFO] - Cropping raster patches...
[2023-04-27 16:01:56,502][tiling_segmentation][INFO] - Cropping raster patches...
[2023-04-27 16:01:58,550][tiling_segmentation][INFO] - Cropping raster patches...
[2023-04-27 16:02:06,241][tiling_segmentation][INFO] - Cropping raster patches...
[2023-04-27 16:03:10,024][tiling_segmentation][INFO] - Cropping raster patches...
[2023-04-27 16:05:12,203][tiling_segmentation][INFO] - Cropping raster patches...
[2023-04-27 16:05:13,101][tiling_segmentation][INFO] - Cropping raster patches...
[2023-04-27 16:05:44,919][tiling_segmentation][INFO] - Cropping raster patches...
[2023-04-27 16:05:49,499][tiling_segmentation][INFO] - Cropping raster patches...
[2023-04-27 16:05:53,845][tiling_segmentation][INFO] - Cropping raster patches...
[2023-04-27 16:06:11,356][tiling_segmentation][INFO] - Cropping raster patches...
[2023-04-27 16:06:38,428][tiling_segmentation][INFO] - Cropping raster patches...
[2023-04-27 16:06:40,599][tiling_segmentation][INFO] - Cropping raster patches...
