[2023-04-25 17:25:46,790][root][INFO] - 
Overwritten parameters in the config: 
mode=tiling
[2023-04-25 17:25:46,791][root][INFO] - 
---------------------------------------
Let's start tiling for segmentation !!!
---------------------------------------
[2023-04-25 17:26:19,074][root][ERROR] - The key download_data as a None value.
[2023-04-25 17:26:19,079][root][ERROR] - The key multiprocessing as a None value.
[2023-04-25 17:26:19,079][root][ERROR] - The key write_dest_raster as a None value.
[2023-04-25 17:26:19,080][root][ERROR] - The key clahe_clip_limit as a None value.
[2023-04-25 17:26:19,622][dataset.aoi][INFO] - 
	Successfully read csv file: Class1RawData.csv
	Number of rows: 6
	Copying first row:
{'tif': 'C:\\Users\\abfernan\\CrossCanFloodMapping\\DatasetCNNFlood\\RawData\\Class1\\Ottawa_Gatineau_VilleGatineau.tif', 'gpkg': 'C:\\Users\\abfernan\\CrossCanFloodMapping\\DatasetCNNFlood\\RawData\\Class1\\Ottawa_Gatineau_VilleGatineau_C1.gpkg', 'split': 'trn'}

[2023-04-25 17:26:21,870][tiling_segmentation][INFO] - Patches will be written to C:\Users\abfernan\CrossCanFloodMapping\DatasetCNNFlood\C1Dataset\Percentage_1


[2023-04-25 17:26:21,871][tiling_segmentation][INFO] - Preparing patches 
	Samples_size: 384 
[2023-04-25 17:26:28,477][tiling_segmentation][INFO] - Cropping raster patches...
