[2023-04-21 11:01:27,876][root][INFO] - 
Overwritten parameters in the config: 
mode=tiling
[2023-04-21 11:01:27,876][root][INFO] - 
---------------------------------------
Let's start tiling for segmentation !!!
---------------------------------------
[2023-04-21 11:01:32,171][root][ERROR] - The key download_data as a None value.
[2023-04-21 11:01:32,172][root][ERROR] - The key multiprocessing as a None value.
[2023-04-21 11:01:32,173][root][ERROR] - The key write_dest_raster as a None value.
[2023-04-21 11:01:32,173][root][ERROR] - The key clahe_clip_limit as a None value.
[2023-04-21 11:01:32,388][dataset.aoi][INFO] - 
	Successfully read csv file: Class1RawData.csv
	Number of rows: 15
	Copying first row:
{'tif': 'C:\\Users\\abfernan\\CrossCanFloodMapping\\DatasetCNNFlood\\RawData\\Class1\\CA_Lethbridge.tif', 'gpkg': 'C:\\Users\\abfernan\\CrossCanFloodMapping\\DatasetCNNFlood\\RawData\\Class1\\CA_Lethbridge_C1.gpkg', 'split': 'trn'}

[2023-04-21 11:01:47,393][tiling_segmentation][INFO] - Patches will be written to C:\Users\abfernan\CrossCanFloodMapping\DatasetCNNFlood\C1Dataset\template_project


[2023-04-21 11:01:47,394][tiling_segmentation][INFO] - Preparing patches 
	Samples_size: 384 
[2023-04-21 11:01:54,326][tiling_segmentation][INFO] - Cropping raster patches...
