[2023-04-28 10:36:57,723][root][INFO] - 
Overwritten parameters in the config: 
mode=tiling
[2023-04-28 10:36:57,724][root][INFO] - 
---------------------------------------
Let's start tiling for segmentation !!!
---------------------------------------
[2023-04-28 10:37:09,101][root][ERROR] - The key download_data as a None value.
[2023-04-28 10:37:09,102][root][ERROR] - The key multiprocessing as a None value.
[2023-04-28 10:37:09,103][root][ERROR] - The key write_dest_raster as a None value.
[2023-04-28 10:37:09,104][root][ERROR] - The key clahe_clip_limit as a None value.
[2023-04-28 10:37:09,397][dataset.aoi][INFO] - 
	Successfully read csv file: Class1RawData.csv
	Number of rows: 5
	Copying first row:
{'tif': 'C:\\Users\\abfernan\\CrossCanFloodMapping\\DatasetCNNFlood\\RawData\\Class1\\SK_FoamLake.tif', 'gpkg': 'C:\\Users\\abfernan\\CrossCanFloodMapping\\DatasetCNNFlood\\RawData\\Class1\\SK_FoamLake_C1.gpkg', 'split': 'trn'}

[2023-04-28 10:37:14,442][tiling_segmentation][INFO] - Patches will be written to C:\Users\abfernan\CrossCanFloodMapping\DatasetCNNFlood\C1Dataset\Percentage_1


[2023-04-28 10:37:14,443][tiling_segmentation][INFO] - Preparing patches 
	Samples_size: 384 
[2023-04-28 10:37:27,647][tiling_segmentation][INFO] - Cropping raster patches...
[2023-04-28 10:38:41,094][tiling_segmentation][INFO] - Cropping raster patches...
[2023-04-28 10:42:30,211][tiling_segmentation][INFO] - Cropping raster patches...
