[2023-04-25 11:57:01,898][root][INFO] - 
Overwritten parameters in the config: 
mode=tiling
[2023-04-25 11:57:01,899][root][INFO] - 
---------------------------------------
Let's start tiling for segmentation !!!
---------------------------------------
[2023-04-25 11:57:06,084][root][ERROR] - The key download_data as a None value.
[2023-04-25 11:57:06,086][root][ERROR] - The key multiprocessing as a None value.
[2023-04-25 11:57:06,087][root][ERROR] - The key write_dest_raster as a None value.
[2023-04-25 11:57:06,087][root][ERROR] - The key clahe_clip_limit as a None value.
[2023-04-25 11:57:06,391][dataset.aoi][INFO] - 
	Successfully read csv file: Class1RawData.csv
	Number of rows: 8
	Copying first row:
{'tif': 'C:\\Users\\abfernan\\CrossCanFloodMapping\\DatasetCNNFlood\\RawData\\Class1\\QC_Plessisville.tif', 'gpkg': 'C:\\Users\\abfernan\\CrossCanFloodMapping\\DatasetCNNFlood\\RawData\\Class1\\QC_Plessisville_C1.gpkg', 'split': 'trn'}

[2023-04-25 11:57:10,007][root][WARNING] - Cannot parse epsg code from raster's crs 'C:/Users/abfernan/CrossCanFloodMapping/DatasetCNNFlood/RawData/Class1/SK_Yorkton.tif'
[2023-04-25 11:57:10,013][tiling_segmentation][INFO] - Patches will be written to C:\Users\abfernan\CrossCanFloodMapping\DatasetCNNFlood\C1Dataset\Percentage_1


[2023-04-25 11:57:10,014][tiling_segmentation][INFO] - Preparing patches 
	Samples_size: 384 
[2023-04-25 11:57:10,291][tiling_segmentation][INFO] - Cropping raster patches...
[2023-04-25 11:58:05,415][tiling_segmentation][INFO] - Cropping raster patches...
