[2023-04-25 15:55:47,193][root][INFO] - 
Overwritten parameters in the config: 
mode=tiling
[2023-04-25 15:55:47,193][root][INFO] - 
---------------------------------------
Let's start tiling for segmentation !!!
---------------------------------------
[2023-04-25 15:55:49,265][root][ERROR] - The key download_data as a None value.
[2023-04-25 15:55:49,265][root][ERROR] - The key multiprocessing as a None value.
[2023-04-25 15:55:49,277][root][ERROR] - The key write_dest_raster as a None value.
[2023-04-25 15:55:49,278][root][ERROR] - The key clahe_clip_limit as a None value.
[2023-04-25 15:55:49,928][dataset.aoi][INFO] - 
	Successfully read csv file: Class1RawData.csv
	Number of rows: 26
	Copying first row:
{'tif': 'C:\\Users\\abfernan\\CrossCanFloodMapping\\DatasetCNNFlood\\RawData\\Class1\\QC_RiviereBonaventure.tif', 'gpkg': 'C:\\Users\\abfernan\\CrossCanFloodMapping\\DatasetCNNFlood\\RawData\\Class1\\QC_RiviereBonaventure_C1.gpkg', 'split': 'trn'}

[2023-04-25 15:56:09,900][tiling_segmentation][INFO] - Patches will be written to C:\Users\abfernan\CrossCanFloodMapping\DatasetCNNFlood\C1Dataset\Percentage_1


[2023-04-25 15:56:09,900][tiling_segmentation][INFO] - Preparing patches 
	Samples_size: 384 
[2023-04-25 15:56:11,202][tiling_segmentation][INFO] - Cropping raster patches...
[2023-04-25 15:56:18,496][tiling_segmentation][INFO] - Cropping raster patches...
[2023-04-25 15:56:27,774][tiling_segmentation][INFO] - Cropping raster patches...
[2023-04-25 15:56:41,948][tiling_segmentation][INFO] - Cropping raster patches...
[2023-04-25 15:56:50,099][tiling_segmentation][INFO] - Cropping raster patches...
[2023-04-25 15:58:26,458][tiling_segmentation][INFO] - Cropping raster patches...
[2023-04-25 15:58:31,497][tiling_segmentation][INFO] - Cropping raster patches...
[2023-04-25 15:58:34,307][tiling_segmentation][INFO] - Cropping raster patches...
[2023-04-25 15:58:38,852][tiling_segmentation][INFO] - Cropping raster patches...
[2023-04-25 15:59:16,839][tiling_segmentation][INFO] - Cropping raster patches...
[2023-04-25 16:06:25,523][tiling_segmentation][INFO] - Cropping raster patches...
[2023-04-25 16:20:15,930][tiling_segmentation][INFO] - Cropping raster patches...
[2023-04-25 16:20:17,978][tiling_segmentation][INFO] - Cropping raster patches...
[2023-04-25 16:23:47,209][tiling_segmentation][INFO] - Cropping raster patches...
[2023-04-25 16:24:14,441][tiling_segmentation][INFO] - Cropping raster patches...
[2023-04-25 16:24:39,591][tiling_segmentation][INFO] - Cropping raster patches...
[2023-04-25 16:26:28,310][tiling_segmentation][INFO] - Cropping raster patches...
[2023-04-25 16:29:16,646][tiling_segmentation][INFO] - Cropping raster patches...
[2023-04-25 16:29:25,883][tiling_segmentation][INFO] - Cropping raster patches...
[2023-04-25 16:31:53,696][tiling_segmentation][INFO] - Cropping raster patches...
[2023-04-25 16:39:40,404][tiling_segmentation][INFO] - Cropping raster patches...
